#
# A fatal error has been detected by the Java Runtime Environment:
#
#  EXCEPTION_ACCESS_VIOLATION (0xc0000005) at pc=0x00007ffa688071d3, pid=10324, tid=17720
#
# JRE version: OpenJDK Runtime Environment Temurin-21.0.6+7 (21.0.6+7) (build 21.0.6+7-LTS)
# Java VM: OpenJDK 64-Bit Server VM Temurin-21.0.6+7 (21.0.6+7-LTS, mixed mode, sharing, tiered, compressed oops, compressed class ptrs, parallel gc, windows-amd64)
# Problematic frame:
# V  [jvm.dll+0x3b71d3]
#
# No core dump will be written. Minidumps are not enabled by default on client versions of Windows
#
# If you would like to submit a bug report, please visit:
#   https://github.com/adoptium/adoptium-support/issues
#

---------------  S U M M A R Y ------------

Command Line: --add-modules=ALL-SYSTEM --add-opens=java.base/java.util=ALL-UNNAMED --add-opens=java.base/java.lang=ALL-UNNAMED --add-opens=java.base/sun.nio.fs=ALL-UNNAMED -Declipse.application=org.eclipse.jdt.ls.core.id1 -Dosgi.bundles.defaultStartLevel=4 -Declipse.product=org.eclipse.jdt.ls.core.product -Djava.import.generatesMetadataFilesAtProjectRoot=false -DDetectVMInstallationsJob.disabled=true -Dfile.encoding=utf8 -XX:+UseParallelGC -XX:GCTimeRatio=4 -XX:AdaptiveSizePolicyWeight=90 -Dsun.zip.disableMemoryMapping=true -Xmx1G -Xms100m -Xlog:disable -javaagent:c:\Users\Thilina\.vscode\extensions\redhat.java-1.40.0-win32-x64\lombok\lombok-1.18.36.jar -XX:+HeapDumpOnOutOfMemoryError -XX:HeapDumpPath=c:\Users\Thilina\AppData\Roaming\Code\User\workspaceStorage\1895811c2174498c9cc58c1c0012ab43\redhat.java -Daether.dependencyCollector.impl=bf c:\Users\Thilina\.vscode\extensions\redhat.java-1.40.0-win32-x64\server\plugins\org.eclipse.equinox.launcher_1.6.1000.v20250131-0606.jar -configuration c:\Users\Thilina\AppData\Roaming\Code\User\globalStorage\redhat.java\1.40.0\config_win -data c:\Users\Thilina\AppData\Roaming\Code\User\workspaceStorage\1895811c2174498c9cc58c1c0012ab43\redhat.java\jdt_ws --pipe=\\.\pipe\lsp-27fb4c77b62929becff08edc229a2bc5-sock

Host: 11th Gen Intel(R) Core(TM) i7-11800H @ 2.30GHz, 16 cores, 23G,  Windows 11 , 64 bit Build 26100 (10.0.26100.3323)
Time: Thu Mar  6 13:46:30 2025 Sri Lanka Standard Time elapsed time: 15.977286 seconds (0d 0h 0m 15s)

---------------  T H R E A D  ---------------

Current thread (0x000001cdc696f010):  JavaThread "C2 CompilerThread2" daemon [_thread_in_native, id=17720, stack(0x000000c15a000000,0x000000c15a100000) (1024K)]


Current CompileTask:
C2:15977 6421       4       jdk.internal.org.objectweb.asm.SymbolTable::addConstantMemberReference (147 bytes)

Stack: [0x000000c15a000000,0x000000c15a100000],  sp=0x000000c15a0fc890,  free space=1010k
Native frames: (J=compiled Java code, j=interpreted, Vv=VM code, C=native code)
V  [jvm.dll+0x3b71d3]
V  [jvm.dll+0x1e09dc]
V  [jvm.dll+0x1e00a5]
V  [jvm.dll+0x247b42]
V  [jvm.dll+0x246fcf]
V  [jvm.dll+0x1c75ee]
V  [jvm.dll+0x25685a]
V  [jvm.dll+0x254dfa]
V  [jvm.dll+0x3f0256]
V  [jvm.dll+0x851f8b]
V  [jvm.dll+0x6cc5ed]
C  [ucrtbase.dll+0x37b0]
C  [KERNEL32.DLL+0x2e8d7]
C  [ntdll.dll+0xbbf6c]


siginfo: EXCEPTION_ACCESS_VIOLATION (0xc0000005), reading address 0x000001cfcb01e758


Registers:
RAX=0x0000000000000800, RBX=0x000001cdcb4eeb40, RCX=0x000001cfcb01e758, RDX=0x000001cfcb01e740
RSP=0x000000c15a0fc890, RBP=0x000000000000000b, RSI=0x000000c15a0fcb60, RDI=0x00000000000009cb
R8 =0x0000000000000800, R9 =0x000001cdcb937330, R10=0x00000000000009bb, R11=0x000001cdcb937d30
R12=0x000001cdca222590, R13=0x0000000000000001, R14=0x0000000000061ee0, R15=0x0000000000000000
RIP=0x00007ffa688071d3, EFLAGS=0x0000000000010206

XMM[0]=0x0000000000000000 0x0000000000000000
XMM[1]=0x0000000000000000 0x3ef4fdcc7047db87
XMM[2]=0x0000000000000000 0x3f1b981740000000
XMM[3]=0x0000000000000000 0x3fc435e507600000
XMM[4]=0x0000000000000000 0x0000000000000000
XMM[5]=0x000001cdc6ad7370 0x000001cdcb985288
XMM[6]=0x0000000000000000 0x0000000000000000
XMM[7]=0x0000000000000000 0x0000000000000000
XMM[8]=0x0000000000000000 0x4733426172c74d82
XMM[9]=0x0000000000000000 0x4008000000000000
XMM[10]=0x0000000000000000 0x46293e5939a08cea
XMM[11]=0x0000000000000000 0x4376345785d8a000
XMM[12]=0x0000000000000000 0x4202a05f20000000
XMM[13]=0x0000000000000000 0x40cf400000000000
XMM[14]=0x0000000000000000 0x3ef00000c06a1ef5
XMM[15]=0x0000000000000000 0x0000000000000000
  MXCSR=0x00001fa0


Register to memory mapping:

RAX=0x0000000000000800 is an unknown value
RBX=0x000001cdcb4eeb40 points into unknown readable memory: 0x405dd71f0024903c | 3c 90 24 00 1f d7 5d 40
RCX=0x000001cfcb01e758 is an unknown value
RDX=0x000001cfcb01e740 is an unknown value
RSP=0x000000c15a0fc890 is pointing into the stack for thread: 0x000001cdc696f010
RBP=0x000000000000000b is an unknown value
RSI=0x000000c15a0fcb60 is pointing into the stack for thread: 0x000001cdc696f010
RDI=0x00000000000009cb is an unknown value
R8 =0x0000000000000800 is an unknown value
R9 =0x000001cdcb937330 points into unknown readable memory: 0x000000100000002f | 2f 00 00 00 10 00 00 00
R10=0x00000000000009bb is an unknown value
R11=0x000001cdcb937d30 points into unknown readable memory: 0x0000001000000075 | 75 00 00 00 10 00 00 00
R12=0x000001cdca222590 points into unknown readable memory: 0x0000000000000100 | 00 01 00 00 00 00 00 00
R13=0x0000000000000001 is an unknown value
R14=0x0000000000061ee0 is an unknown value
R15=0x0 is null

Top of Stack: (sp=0x000000c15a0fc890)
0x000000c15a0fc890:   000001cdcb4eeb40 000000000000000b
0x000000c15a0fc8a0:   000000c15a0fcb60 00007ffa68697542
0x000000c15a0fc8b0:   000000000000001e 00000003000009bb
0x000000c15a0fc8c0:   000000100000000a 000001cdcb01cb20
0x000000c15a0fc8d0:   000001cdc7f5baf0 000001cdcb937d30
0x000000c15a0fc8e0:   000000c15a0fcfe0 00007ffa686309dc
0x000000c15a0fc8f0:   00000000000009cb 000000c15a0fc9f0
0x000000c15a0fc900:   000001cdca222968 000000c15a0fcf00
0x000000c15a0fc910:   0000000000000000 00000003000005b6
0x000000c15a0fc920:   0000000600000006 000001cdcb01fd00
0x000000c15a0fc930:   000001cdc7f5bca0 000001cdcb937f10
0x000000c15a0fc940:   000001cdcaef7f40 000001cdcaef7f40
0x000000c15a0fc950:   000001cdc5570f30 000000c100000002
0x000000c15a0fc960:   000001cdc6de5a80 000001cdc6de5a80
0x000000c15a0fc970:   000001cdca1e0000 0000000000000000
0x000000c15a0fc980:   0000000000000000 0000000000000000
0x000000c15a0fc990:   0000000000000000 00007ffa68e4f040
0x000000c15a0fc9a0:   0000000000000000 0000000000000000
0x000000c15a0fc9b0:   0000000000000000 00007ffa68e4f040
0x000000c15a0fc9c0:   0000000000000000 00007ffa685913d5
0x000000c15a0fc9d0:   0000000000000000 0000000000000000
0x000000c15a0fc9e0:   0000000000000000 0000000000000000
0x000000c15a0fc9f0:   0000000000000000 0000000000000000
0x000000c15a0fca00:   0000000000000000 0000000000000000
0x000000c15a0fca10:   0000000000000000 0000000000000000
0x000000c15a0fca20:   0000000000000000 0000000000000000
0x000000c15a0fca30:   0000000000000000 0000000000000000
0x000000c15a0fca40:   0000000000000000 0000000000000000
0x000000c15a0fca50:   0000000000000000 0000000000000000
0x000000c15a0fca60:   0000000000000000 0000000000000000
0x000000c15a0fca70:   000001cdca222580 000000c15a0fcfe0
0x000000c15a0fca80:   000000c15a0fcb90 00007ffa686300a5 

Instructions: (pc=0x00007ffa688071d3)
0x00007ffa688070d3:   a0 4d 00 48 8b 47 08 4c 8d 34 ad 00 00 00 00 4c
0x00007ffa688070e3:   03 f5 8b cd 83 e1 1f 49 c1 e6 05 48 8b fd 4c 8d
0x00007ffa688070f3:   04 98 8b 04 98 48 69 dd b0 00 00 00 0f ab c8 41
0x00007ffa68807103:   89 00 4c 8b 5e 10 48 03 5e 20 4d 03 de 41 83 3b
0x00007ffa68807113:   00 0f 84 28 01 00 00 33 d2 b9 04 00 00 00 48 89
0x00007ffa68807123:   54 24 20 44 8b c2 89 54 24 28 44 8b ca 48 89 4c
0x00007ffa68807133:   24 2c 83 e5 3f 45 8b 53 04 44 89 54 24 34 48 89
0x00007ffa68807143:   54 24 38 49 8b 43 08 48 89 44 24 40 4c 89 5c 24
0x00007ffa68807153:   48 48 85 d2 74 1b 48 0f bc c2 8b c8 48 d3 ea 48
0x00007ffa68807163:   ff ca 44 03 c0 48 89 54 24 20 44 89 44 24 28 eb
0x00007ffa68807173:   1b 83 f9 04 72 09 45 3b ca 0f 83 c0 00 00 00 48
0x00007ffa68807183:   8d 4c 24 20 e8 94 44 00 00 44 8b c0 45 85 c0 0f
0x00007ffa68807193:   84 aa 00 00 00 45 8b d0 48 8b cf 48 c1 e9 08 41
0x00007ffa688071a3:   b8 01 00 00 00 4f 8d 0c 92 49 c1 e1 05 4c 03 4e
0x00007ffa688071b3:   10 49 8b 41 08 48 8b 14 c8 48 8b cd 49 d3 e0 48
0x00007ffa688071c3:   8b c7 48 c1 e8 06 83 e0 03 48 8d 0c c2 49 8b c0
0x00007ffa688071d3:   48 8b 11 48 f7 d0 48 23 c2 48 89 01 49 85 d0 74
0x00007ffa688071e3:   03 41 ff 09 0f b7 8b 9c 00 00 00 49 69 d2 b0 00
0x00007ffa688071f3:   00 00 48 03 56 20 f7 83 a8 00 00 00 00 04 00 00
0x00007ffa68807203:   0f b7 82 9c 00 00 00 75 13 f7 82 a8 00 00 00 00
0x00007ffa68807213:   04 00 00 75 07 3b c8 0f 47 c1 eb 03 0f af c1 29
0x00007ffa68807223:   42 34 44 8b 54 24 34 44 8b 4c 24 30 8b 4c 24 2c
0x00007ffa68807233:   44 8b 44 24 28 48 8b 54 24 20 e9 12 ff ff ff 48
0x00007ffa68807243:   8b 46 10 48 8b 5c 24 60 49 03 c6 48 8b 6c 24 68
0x00007ffa68807253:   48 8b 74 24 70 48 8b 7c 24 78 48 83 c4 50 41 5e
0x00007ffa68807263:   c3 cc cc cc cc cc cc cc cc cc cc cc cc 48 89 5c
0x00007ffa68807273:   24 08 48 8b 59 10 41 8b c0 44 8b da 4b 8d 0c 9b
0x00007ffa68807283:   48 c1 e1 05 44 8b 14 19 48 8d 0c 80 48 c1 e1 05
0x00007ffa68807293:   8b c2 44 3b 14 19 41 0f 46 c0 45 0f 46 c3 8b d0
0x00007ffa688072a3:   48 c1 e8 08 4b 8d 0c 80 44 8b c2 48 c1 e1 05 49
0x00007ffa688072b3:   c1 e8 06 41 83 e0 03 48 8b 4c 19 08 48 8b 5c 24
0x00007ffa688072c3:   08 48 8b 0c c1 0f b6 c2 24 3f 0f b6 d0 33 c0 4a 


Stack slot to memory mapping:

stack at sp + 0 slots: 0x000001cdcb4eeb40 points into unknown readable memory: 0x405dd71f0024903c | 3c 90 24 00 1f d7 5d 40
stack at sp + 1 slots: 0x000000000000000b is an unknown value
stack at sp + 2 slots: 0x000000c15a0fcb60 is pointing into the stack for thread: 0x000001cdc696f010
stack at sp + 3 slots: 0x00007ffa68697542 jvm.dll
stack at sp + 4 slots: 0x000000000000001e is an unknown value
stack at sp + 5 slots: 0x00000003000009bb is an unknown value
stack at sp + 6 slots: 0x000000100000000a is an unknown value
stack at sp + 7 slots: 0x000001cdcb01cb20 points into unknown readable memory: 0x0000000000000000 | 00 00 00 00 00 00 00 00


---------------  P R O C E S S  ---------------

Threads class SMR info:
_java_thread_list=0x000001cdc8657220, length=60, elements={
0x000001cde88bb220, 0x000001cdfccad800, 0x000001cdfe3772f0, 0x000001cdfe37c020,
0x000001cdfe37dc80, 0x000001cdfe3836a0, 0x000001cdfe38b540, 0x000001cdfe3990e0,
0x000001cdfe39a7b0, 0x000001cdfe48ef10, 0x000001cdfe4967c0, 0x000001cdfe701f30,
0x000001cdc5f980f0, 0x000001cdc5f9a850, 0x000001cdc5f99b30, 0x000001cdc5f98e10,
0x000001cdc5f973d0, 0x000001cdc5f98780, 0x000001cdc5f9a1c0, 0x000001cdc5edcb20,
0x000001cdc56a8930, 0x000001cdc56a97e0, 0x000001cdc5f97a60, 0x000001cdc5316b80,
0x000001cdc5315140, 0x000001cdc5318c50, 0x000001cdc696f010, 0x000001cdc53178a0,
0x000001cdc5317210, 0x000001cdc7432530, 0x000001cdc53157d0, 0x000001cdc5315e60,
0x000001cdc53164f0, 0x000001cdc53192e0, 0x000001cdc5319970, 0x000001cdc810f490,
0x000001cdc80caca0, 0x000001cdc7d222d0, 0x000001cdc7b6dbd0, 0x000001cdc5317f30,
0x000001cdc531ba40, 0x000001cdc531ad20, 0x000001cdc531a690, 0x000001cdc531b3b0,
0x000001cdc531c0d0, 0x000001cdc531c760, 0x000001cdc9a8fc30, 0x000001cdc9a8ef10,
0x000001cdc9a8db60, 0x000001cdc9a902c0, 0x000001cdc9a8e880, 0x000001cdc9a8f5a0,
0x000001cdc9a90950, 0x000001cdc9a8e1f0, 0x000001cdc9a8d4d0, 0x000001cdc9a93740,
0x000001cdc9a91d00, 0x000001cdc9a92390, 0x000001cdc9a930b0, 0x000001cdc9a90fe0
}

Java Threads: ( => current thread )
  0x000001cde88bb220 JavaThread "main"                              [_thread_blocked, id=20604, stack(0x000000c157700000,0x000000c157800000) (1024K)]
  0x000001cdfccad800 JavaThread "Reference Handler"          daemon [_thread_blocked, id=2588, stack(0x000000c157b00000,0x000000c157c00000) (1024K)]
  0x000001cdfe3772f0 JavaThread "Finalizer"                  daemon [_thread_blocked, id=3348, stack(0x000000c157c00000,0x000000c157d00000) (1024K)]
  0x000001cdfe37c020 JavaThread "Signal Dispatcher"          daemon [_thread_blocked, id=2772, stack(0x000000c157d00000,0x000000c157e00000) (1024K)]
  0x000001cdfe37dc80 JavaThread "Attach Listener"            daemon [_thread_blocked, id=9320, stack(0x000000c157e00000,0x000000c157f00000) (1024K)]
  0x000001cdfe3836a0 JavaThread "Service Thread"             daemon [_thread_blocked, id=20892, stack(0x000000c157f00000,0x000000c158000000) (1024K)]
  0x000001cdfe38b540 JavaThread "Monitor Deflation Thread"   daemon [_thread_blocked, id=20888, stack(0x000000c158000000,0x000000c158100000) (1024K)]
  0x000001cdfe3990e0 JavaThread "C2 CompilerThread0"         daemon [_thread_in_native, id=20884, stack(0x000000c158100000,0x000000c158200000) (1024K)]
  0x000001cdfe39a7b0 JavaThread "C1 CompilerThread0"         daemon [_thread_in_native, id=20816, stack(0x000000c158200000,0x000000c158300000) (1024K)]
  0x000001cdfe48ef10 JavaThread "Common-Cleaner"             daemon [_thread_blocked, id=20860, stack(0x000000c158300000,0x000000c158400000) (1024K)]
  0x000001cdfe4967c0 JavaThread "C1 CompilerThread1"         daemon [_thread_blocked, id=20668, stack(0x000000c158400000,0x000000c158500000) (1024K)]
  0x000001cdfe701f30 JavaThread "Notification Thread"        daemon [_thread_blocked, id=21488, stack(0x000000c158700000,0x000000c158800000) (1024K)]
  0x000001cdc5f980f0 JavaThread "Active Thread: Equinox Container: ecdd7629-5d48-4c28-9bc9-8f0df4573c97"        [_thread_blocked, id=21136, stack(0x000000c159000000,0x000000c159100000) (1024K)]
  0x000001cdc5f9a850 JavaThread "Refresh Thread: Equinox Container: ecdd7629-5d48-4c28-9bc9-8f0df4573c97" daemon [_thread_blocked, id=21028, stack(0x000000c158500000,0x000000c158600000) (1024K)]
  0x000001cdc5f99b30 JavaThread "Framework Event Dispatcher: Equinox Container: ecdd7629-5d48-4c28-9bc9-8f0df4573c97" daemon [_thread_blocked, id=16776, stack(0x000000c158800000,0x000000c158900000) (1024K)]
  0x000001cdc5f98e10 JavaThread "Start Level: Equinox Container: ecdd7629-5d48-4c28-9bc9-8f0df4573c97" daemon [_thread_blocked, id=8844, stack(0x000000c158f00000,0x000000c159000000) (1024K)]
  0x000001cdc5f973d0 JavaThread "Bundle File Closer"         daemon [_thread_blocked, id=16804, stack(0x000000c159200000,0x000000c159300000) (1024K)]
  0x000001cdc5f98780 JavaThread "SCR Component Actor"        daemon [_thread_blocked, id=8872, stack(0x000000c159400000,0x000000c159500000) (1024K)]
  0x000001cdc5f9a1c0 JavaThread "SCR Component Registry"     daemon [_thread_blocked, id=20728, stack(0x000000c159500000,0x000000c159600000) (1024K)]
  0x000001cdc5edcb20 JavaThread "C2 CompilerThread1"         daemon [_thread_blocked, id=3024, stack(0x000000c159600000,0x000000c159700000) (1024K)]
  0x000001cdc56a8930 JavaThread "C1 CompilerThread2"         daemon [_thread_blocked, id=21244, stack(0x000000c159700000,0x000000c159800000) (1024K)]
  0x000001cdc56a97e0 JavaThread "C1 CompilerThread3"         daemon [_thread_blocked, id=21444, stack(0x000000c159800000,0x000000c159900000) (1024K)]
  0x000001cdc5f97a60 JavaThread "Worker-JM"                         [_thread_blocked, id=7032, stack(0x000000c159c00000,0x000000c159d00000) (1024K)]
  0x000001cdc5316b80 JavaThread "JNA Cleaner"                daemon [_thread_blocked, id=17708, stack(0x000000c159d00000,0x000000c159e00000) (1024K)]
  0x000001cdc5315140 JavaThread "Worker-0"                          [_thread_blocked, id=17664, stack(0x000000c159e00000,0x000000c159f00000) (1024K)]
  0x000001cdc5318c50 JavaThread "Worker-1"                          [_thread_blocked, id=17732, stack(0x000000c159f00000,0x000000c15a000000) (1024K)]
=>0x000001cdc696f010 JavaThread "C2 CompilerThread2"         daemon [_thread_in_native, id=17720, stack(0x000000c15a000000,0x000000c15a100000) (1024K)]
  0x000001cdc53178a0 JavaThread "Worker-2"                          [_thread_blocked, id=17728, stack(0x000000c15a100000,0x000000c15a200000) (1024K)]
  0x000001cdc5317210 JavaThread "Worker-3"                          [_thread_blocked, id=17572, stack(0x000000c15a400000,0x000000c15a500000) (1024K)]
  0x000001cdc7432530 JavaThread "C2 CompilerThread3"         daemon [_thread_in_native, id=17552, stack(0x000000c15a500000,0x000000c15a600000) (1024K)]
  0x000001cdc53157d0 JavaThread "Java indexing"              daemon [_thread_blocked, id=17144, stack(0x000000c15a600000,0x000000c15a700000) (1024K)]
  0x000001cdc5315e60 JavaThread "Worker-4: Synchronize Gradle projects with workspace"        [_thread_blocked, id=11652, stack(0x000000c15a700000,0x000000c15a800000) (1024K)]
  0x000001cdc53164f0 JavaThread "Worker-5"                          [_thread_blocked, id=17688, stack(0x000000c15a800000,0x000000c15a900000) (1024K)]
  0x000001cdc53192e0 JavaThread "Timer-0"                           [_thread_blocked, id=2248, stack(0x000000c15a900000,0x000000c15aa00000) (1024K)]
  0x000001cdc5319970 JavaThread "Timer-1"                           [_thread_blocked, id=17564, stack(0x000000c15aa00000,0x000000c15ab00000) (1024K)]
  0x000001cdc810f490 JavaThread "C2 CompilerThread4"         daemon [_thread_blocked, id=19936, stack(0x000000c15ab00000,0x000000c15ac00000) (1024K)]
  0x000001cdc80caca0 JavaThread "C2 CompilerThread5"         daemon [_thread_blocked, id=7844, stack(0x000000c15ac00000,0x000000c15ad00000) (1024K)]
  0x000001cdc7d222d0 JavaThread "C2 CompilerThread6"         daemon [_thread_blocked, id=20364, stack(0x000000c15ad00000,0x000000c15ae00000) (1024K)]
  0x000001cdc7b6dbd0 JavaThread "C2 CompilerThread7"         daemon [_thread_blocked, id=10160, stack(0x000000c15ae00000,0x000000c15af00000) (1024K)]
  0x000001cdc5317f30 JavaThread "Connection worker"                 [_thread_in_native, id=7016, stack(0x000000c15af00000,0x000000c15b000000) (1024K)]
  0x000001cdc531ba40 JavaThread "Thread-5"                   daemon [_thread_in_native, id=17080, stack(0x000000c15b000000,0x000000c15b100000) (1024K)]
  0x000001cdc531ad20 JavaThread "Thread-6"                   daemon [_thread_in_native, id=10956, stack(0x000000c15b100000,0x000000c15b200000) (1024K)]
  0x000001cdc531a690 JavaThread "Thread-7"                   daemon [_thread_in_native, id=2792, stack(0x000000c15b200000,0x000000c15b300000) (1024K)]
  0x000001cdc531b3b0 JavaThread "Thread-8"                   daemon [_thread_in_native, id=7612, stack(0x000000c15b300000,0x000000c15b400000) (1024K)]
  0x000001cdc531c0d0 JavaThread "Thread-9"                   daemon [_thread_in_native, id=3136, stack(0x000000c15b400000,0x000000c15b500000) (1024K)]
  0x000001cdc531c760 JavaThread "Thread-10"                  daemon [_thread_in_native, id=11800, stack(0x000000c15b500000,0x000000c15b600000) (1024K)]
  0x000001cdc9a8fc30 JavaThread "Thread-11"                  daemon [_thread_in_native, id=4260, stack(0x000000c15b600000,0x000000c15b700000) (1024K)]
  0x000001cdc9a8ef10 JavaThread "Thread-12"                  daemon [_thread_in_native, id=3812, stack(0x000000c15b700000,0x000000c15b800000) (1024K)]
  0x000001cdc9a8db60 JavaThread "Thread-13"                  daemon [_thread_in_native, id=3084, stack(0x000000c15b800000,0x000000c15b900000) (1024K)]
  0x000001cdc9a902c0 JavaThread "Thread-14"                  daemon [_thread_in_native, id=20780, stack(0x000000c15b900000,0x000000c15ba00000) (1024K)]
  0x000001cdc9a8e880 JavaThread "Thread-15"                  daemon [_thread_in_native, id=15596, stack(0x000000c15ba00000,0x000000c15bb00000) (1024K)]
  0x000001cdc9a8f5a0 JavaThread "Thread-16"                  daemon [_thread_in_native, id=15668, stack(0x000000c15bb00000,0x000000c15bc00000) (1024K)]
  0x000001cdc9a90950 JavaThread "Thread-17"                  daemon [_thread_in_native, id=8908, stack(0x000000c15bc00000,0x000000c15bd00000) (1024K)]
  0x000001cdc9a8e1f0 JavaThread "Thread-18"                  daemon [_thread_in_native, id=10608, stack(0x000000c15bd00000,0x000000c15be00000) (1024K)]
  0x000001cdc9a8d4d0 JavaThread "Thread-19"                  daemon [_thread_in_native, id=10688, stack(0x000000c15be00000,0x000000c15bf00000) (1024K)]
  0x000001cdc9a93740 JavaThread "Thread-20"                  daemon [_thread_in_native, id=10316, stack(0x000000c15bf00000,0x000000c15c000000) (1024K)]
  0x000001cdc9a91d00 JavaThread "Thread-21"                  daemon [_thread_in_native, id=2700, stack(0x000000c15c000000,0x000000c15c100000) (1024K)]
  0x000001cdc9a92390 JavaThread "pool-2-thread-1"                   [_thread_blocked, id=17344, stack(0x000000c15c100000,0x000000c15c200000) (1024K)]
  0x000001cdc9a930b0 JavaThread "WorkspaceEventsHandler"            [_thread_blocked, id=21224, stack(0x000000c15c200000,0x000000c15c300000) (1024K)]
  0x000001cdc9a90fe0 JavaThread "pool-1-thread-1"                   [_thread_in_native, id=21336, stack(0x000000c15c300000,0x000000c15c400000) (1024K)]
Total: 60

Other Threads:
  0x000001cdfcc947b0 VMThread "VM Thread"                           [id=20644, stack(0x000000c157a00000,0x000000c157b00000) (1024K)]
  0x000001cde892b170 WatcherThread "VM Periodic Task Thread"        [id=20700, stack(0x000000c157900000,0x000000c157a00000) (1024K)]
  0x000001cde88da7a0 WorkerThread "GC Thread#0"                     [id=8820, stack(0x000000c157800000,0x000000c157900000) (1024K)]
  0x000001cdc5a213f0 WorkerThread "GC Thread#1"                     [id=21348, stack(0x000000c158900000,0x000000c158a00000) (1024K)]
  0x000001cdc541e650 WorkerThread "GC Thread#2"                     [id=21448, stack(0x000000c158a00000,0x000000c158b00000) (1024K)]
  0x000001cdc541e9f0 WorkerThread "GC Thread#3"                     [id=21432, stack(0x000000c158b00000,0x000000c158c00000) (1024K)]
  0x000001cdc5a21790 WorkerThread "GC Thread#4"                     [id=21316, stack(0x000000c158c00000,0x000000c158d00000) (1024K)]
  0x000001cdc5a21b30 WorkerThread "GC Thread#5"                     [id=21284, stack(0x000000c158d00000,0x000000c158e00000) (1024K)]
  0x000001cdc56dc2c0 WorkerThread "GC Thread#6"                     [id=21236, stack(0x000000c158e00000,0x000000c158f00000) (1024K)]
  0x000001cdfe641130 WorkerThread "GC Thread#7"                     [id=21008, stack(0x000000c158600000,0x000000c158700000) (1024K)]
  0x000001cdc5c7a320 WorkerThread "GC Thread#8"                     [id=9340, stack(0x000000c159100000,0x000000c159200000) (1024K)]
  0x000001cdc5c79be0 WorkerThread "GC Thread#9"                     [id=20708, stack(0x000000c159300000,0x000000c159400000) (1024K)]
  0x000001cdc5c7ae00 WorkerThread "GC Thread#10"                    [id=20576, stack(0x000000c159900000,0x000000c159a00000) (1024K)]
  0x000001cdc5c7b1a0 WorkerThread "GC Thread#11"                    [id=8664, stack(0x000000c159a00000,0x000000c159b00000) (1024K)]
  0x000001cdc5c79840 WorkerThread "GC Thread#12"                    [id=21388, stack(0x000000c159b00000,0x000000c159c00000) (1024K)]
Total: 15

Threads with active compile tasks:
C2 CompilerThread2  16059 6421       4       jdk.internal.org.objectweb.asm.SymbolTable::addConstantMemberReference (147 bytes)
C2 CompilerThread3  16059 6473       4       java.lang.invoke.MethodType::makeImpl (109 bytes)
C2 CompilerThread5  16059 6589       4       java.lang.invoke.MethodHandles$Lookup::checkAccess (200 bytes)
Total: 3

VM state: not at safepoint (normal execution)

VM Mutex/Monitor currently owned by a thread: None

Heap address: 0x00000000c0000000, size: 1024 MB, Compressed Oops mode: 32-bit

CDS archive(s) mapped at: [0x000001cd80000000-0x000001cd80ba0000-0x000001cd80ba0000), size 12189696, SharedBaseAddress: 0x000001cd80000000, ArchiveRelocationMode: 1.
Compressed class space mapped at: 0x000001cd81000000-0x000001cdc1000000, reserved size: 1073741824
Narrow klass base: 0x000001cd80000000, Narrow klass shift: 0, Narrow klass range: 0x100000000

GC Precious Log:
 CardTable entry size: 512
 CPUs: 16 total, 16 available
 Memory: 24277M
 Large Page Support: Disabled
 NUMA Support: Disabled
 Compressed Oops: Enabled (32-bit)
 Alignments: Space 512K, Generation 512K, Heap 2M
 Heap Min Capacity: 100M
 Heap Initial Capacity: 100M
 Heap Max Capacity: 1G
 Pre-touch: Disabled
 Parallel Workers: 13

Heap:
 PSYoungGen      total 24064K, used 6041K [0x00000000eab00000, 0x00000000ec680000, 0x0000000100000000)
  eden space 22016K, 19% used [0x00000000eab00000,0x00000000eaf4cb90,0x00000000ec080000)
  from space 2048K, 80% used [0x00000000ec480000,0x00000000ec619b40,0x00000000ec680000)
  to   space 2048K, 0% used [0x00000000ec280000,0x00000000ec280000,0x00000000ec480000)
 ParOldGen       total 68608K, used 21512K [0x00000000c0000000, 0x00000000c4300000, 0x00000000eab00000)
  object space 68608K, 31% used [0x00000000c0000000,0x00000000c15022b0,0x00000000c4300000)
 Metaspace       used 46622K, committed 47680K, reserved 1114112K
  class space    used 5062K, committed 5504K, reserved 1048576K

Card table byte_map: [0x000001cde8260000,0x000001cde8470000] _byte_map_base: 0x000001cde7c60000

Marking Bits: (ParMarkBitMap*) 0x00007ffa69103260
 Begin Bits: [0x000001cdfaab0000, 0x000001cdfbab0000)
 End Bits:   [0x000001cdfbab0000, 0x000001cdfcab0000)

Polling page: 0x000001cde6690000

Metaspace:

Usage:
  Non-class:     40.59 MB used.
      Class:      4.94 MB used.
       Both:     45.53 MB used.

Virtual space:
  Non-class space:       64.00 MB reserved,      41.19 MB ( 64%) committed,  1 nodes.
      Class space:        1.00 GB reserved,       5.38 MB ( <1%) committed,  1 nodes.
             Both:        1.06 GB reserved,      46.56 MB (  4%) committed. 

Chunk freelists:
   Non-Class:  6.77 MB
       Class:  10.57 MB
        Both:  17.33 MB

MaxMetaspaceSize: unlimited
CompressedClassSpaceSize: 1.00 GB
Initial GC threshold: 21.00 MB
Current GC threshold: 58.38 MB
CDS: on
 - commit_granule_bytes: 65536.
 - commit_granule_words: 8192.
 - virtual_space_node_default_size: 8388608.
 - enlarge_chunks_in_place: 1.
 - use_allocation_guard: 0.


Internal statistics:

num_allocs_failed_limit: 8.
num_arena_births: 776.
num_arena_deaths: 14.
num_vsnodes_births: 2.
num_vsnodes_deaths: 0.
num_space_committed: 745.
num_space_uncommitted: 0.
num_chunks_returned_to_freelist: 22.
num_chunks_taken_from_freelist: 2888.
num_chunk_merges: 14.
num_chunk_splits: 1764.
num_chunks_enlarged: 976.
num_inconsistent_stats: 0.

CodeHeap 'non-profiled nmethods': size=119168Kb used=3384Kb max_used=3384Kb free=115783Kb
 bounds [0x000001cdf3650000, 0x000001cdf39a0000, 0x000001cdfaab0000]
CodeHeap 'profiled nmethods': size=119104Kb used=12630Kb max_used=12630Kb free=106474Kb
 bounds [0x000001cdebab0000, 0x000001cdec710000, 0x000001cdf2f00000]
CodeHeap 'non-nmethods': size=7488Kb used=3069Kb max_used=3138Kb free=4418Kb
 bounds [0x000001cdf2f00000, 0x000001cdf3220000, 0x000001cdf3650000]
 total_blobs=6678 nmethods=6007 adapters=574
 compilation: enabled
              stopped_count=0, restarted_count=0
 full_count=0

Compilation events (20 events):
Event: 15.946 Thread 0x000001cdc7d222d0 6486       4       java.util.regex.Pattern::compile (537 bytes)
Event: 15.946 Thread 0x000001cdfe39a7b0 6487       3       java.lang.invoke.MethodHandles$Lookup::getDirectConstructor (10 bytes)
Event: 15.946 Thread 0x000001cdc56a97e0 nmethod 6485 0x000001cdec6cb090 code [0x000001cdec6cb260, 0x000001cdec6cb648]
Event: 15.946 Thread 0x000001cdfe39a7b0 nmethod 6487 0x000001cdec6cb790 code [0x000001cdec6cb940, 0x000001cdec6cba80]
Event: 15.947 Thread 0x000001cdc56a8930 nmethod 6484 0x000001cdec6cbb10 code [0x000001cdec6cbd40, 0x000001cdec6cc4d8]
Event: 15.947 Thread 0x000001cdc56a97e0 6488       3       org.eclipse.core.runtime.jobs.Job::getRule (5 bytes)
Event: 15.947 Thread 0x000001cdc56a97e0 nmethod 6488 0x000001cdec6cc790 code [0x000001cdec6cc920, 0x000001cdec6cca40]
Event: 15.952 Thread 0x000001cdfe3990e0 nmethod 6472 0x000001cdf3989610 code [0x000001cdf39898c0, 0x000001cdf398a690]
Event: 15.953 Thread 0x000001cdc56a97e0 6489       3       java.lang.invoke.InnerClassLambdaMetafactory::spinInnerClass (118 bytes)
Event: 15.953 Thread 0x000001cdc56a8930 6490       3       java.lang.invoke.MethodHandles$Lookup::findConstructor (61 bytes)
Event: 15.953 Thread 0x000001cdc56a97e0 nmethod 6489 0x000001cdec6ccb10 code [0x000001cdec6ccce0, 0x000001cdec6ccfb8]
Event: 15.954 Thread 0x000001cdc56a8930 nmethod 6490 0x000001cdec6cd090 code [0x000001cdec6cd300, 0x000001cdec6cdab0]
Event: 15.956 Thread 0x000001cdfe4967c0 6491       1       com.google.inject.Key$AnnotationTypeStrategy::hasAttributes (2 bytes)
Event: 15.956 Thread 0x000001cdfe4967c0 nmethod 6491 0x000001cdf398b290 code [0x000001cdf398b420, 0x000001cdf398b4e8]
Event: 15.958 Thread 0x000001cdc7b6dbd0 6492       4       java.lang.StringConcatHelper::mix (27 bytes)
Event: 15.959 Thread 0x000001cdc7b6dbd0 nmethod 6492 0x000001cdf398b590 code [0x000001cdf398b720, 0x000001cdf398b7f8]
Event: 15.960 Thread 0x000001cdfe4967c0 6493       3       java.util.Date::<init> (10 bytes)
Event: 15.960 Thread 0x000001cdfe4967c0 nmethod 6493 0x000001cdec6cde10 code [0x000001cdec6cdfc0, 0x000001cdec6ce128]
Event: 15.961 Thread 0x000001cdfe4967c0 6494       1       org.eclipse.core.internal.jobs.InternalJob::next (5 bytes)
Event: 15.961 Thread 0x000001cdfe4967c0 nmethod 6494 0x000001cdf398b910 code [0x000001cdf398baa0, 0x000001cdf398bb68]

GC Heap History (20 events):
Event: 13.801 GC heap before
{Heap before GC invocations=10 (full 1):
 PSYoungGen      total 25088K, used 24099K [0x00000000eab00000, 0x00000000ec900000, 0x0000000100000000)
  eden space 24064K, 97% used [0x00000000eab00000,0x00000000ec207750,0x00000000ec280000)
  from space 1024K, 50% used [0x00000000ec800000,0x00000000ec8814d0,0x00000000ec900000)
  to   space 2048K, 0% used [0x00000000ec500000,0x00000000ec500000,0x00000000ec700000)
 ParOldGen       total 68608K, used 12865K [0x00000000c0000000, 0x00000000c4300000, 0x00000000eab00000)
  object space 68608K, 18% used [0x00000000c0000000,0x00000000c0c90558,0x00000000c4300000)
 Metaspace       used 26727K, committed 27584K, reserved 1114112K
  class space    used 2553K, committed 2880K, reserved 1048576K
}
Event: 13.802 GC heap after
{Heap after GC invocations=10 (full 1):
 PSYoungGen      total 25600K, used 982K [0x00000000eab00000, 0x00000000ec880000, 0x0000000100000000)
  eden space 23552K, 0% used [0x00000000eab00000,0x00000000eab00000,0x00000000ec200000)
  from space 2048K, 47% used [0x00000000ec500000,0x00000000ec5f5b18,0x00000000ec700000)
  to   space 1536K, 0% used [0x00000000ec700000,0x00000000ec700000,0x00000000ec880000)
 ParOldGen       total 68608K, used 12865K [0x00000000c0000000, 0x00000000c4300000, 0x00000000eab00000)
  object space 68608K, 18% used [0x00000000c0000000,0x00000000c0c90558,0x00000000c4300000)
 Metaspace       used 26727K, committed 27584K, reserved 1114112K
  class space    used 2553K, committed 2880K, reserved 1048576K
}
Event: 13.926 GC heap before
{Heap before GC invocations=11 (full 1):
 PSYoungGen      total 25600K, used 24514K [0x00000000eab00000, 0x00000000ec880000, 0x0000000100000000)
  eden space 23552K, 99% used [0x00000000eab00000,0x00000000ec1fb038,0x00000000ec200000)
  from space 2048K, 47% used [0x00000000ec500000,0x00000000ec5f5b18,0x00000000ec700000)
  to   space 1536K, 0% used [0x00000000ec700000,0x00000000ec700000,0x00000000ec880000)
 ParOldGen       total 68608K, used 12865K [0x00000000c0000000, 0x00000000c4300000, 0x00000000eab00000)
  object space 68608K, 18% used [0x00000000c0000000,0x00000000c0c90558,0x00000000c4300000)
 Metaspace       used 28084K, committed 28992K, reserved 1114112K
  class space    used 2698K, committed 3136K, reserved 1048576K
}
Event: 13.928 GC heap after
{Heap after GC invocations=11 (full 1):
 PSYoungGen      total 24576K, used 1036K [0x00000000eab00000, 0x00000000ec880000, 0x0000000100000000)
  eden space 23040K, 0% used [0x00000000eab00000,0x00000000eab00000,0x00000000ec180000)
  from space 1536K, 67% used [0x00000000ec700000,0x00000000ec8033b0,0x00000000ec880000)
  to   space 1536K, 0% used [0x00000000ec580000,0x00000000ec580000,0x00000000ec700000)
 ParOldGen       total 68608K, used 14732K [0x00000000c0000000, 0x00000000c4300000, 0x00000000eab00000)
  object space 68608K, 21% used [0x00000000c0000000,0x00000000c0e63080,0x00000000c4300000)
 Metaspace       used 28084K, committed 28992K, reserved 1114112K
  class space    used 2698K, committed 3136K, reserved 1048576K
}
Event: 14.115 GC heap before
{Heap before GC invocations=12 (full 1):
 PSYoungGen      total 24576K, used 24076K [0x00000000eab00000, 0x00000000ec880000, 0x0000000100000000)
  eden space 23040K, 100% used [0x00000000eab00000,0x00000000ec180000,0x00000000ec180000)
  from space 1536K, 67% used [0x00000000ec700000,0x00000000ec8033b0,0x00000000ec880000)
  to   space 1536K, 0% used [0x00000000ec580000,0x00000000ec580000,0x00000000ec700000)
 ParOldGen       total 68608K, used 14732K [0x00000000c0000000, 0x00000000c4300000, 0x00000000eab00000)
  object space 68608K, 21% used [0x00000000c0000000,0x00000000c0e63080,0x00000000c4300000)
 Metaspace       used 31561K, committed 32576K, reserved 1114112K
  class space    used 3097K, committed 3520K, reserved 1048576K
}
Event: 14.117 GC heap after
{Heap after GC invocations=12 (full 1):
 PSYoungGen      total 24064K, used 1534K [0x00000000eab00000, 0x00000000ec780000, 0x0000000100000000)
  eden space 22528K, 0% used [0x00000000eab00000,0x00000000eab00000,0x00000000ec100000)
  from space 1536K, 99% used [0x00000000ec580000,0x00000000ec6ffa60,0x00000000ec700000)
  to   space 512K, 0% used [0x00000000ec700000,0x00000000ec700000,0x00000000ec780000)
 ParOldGen       total 68608K, used 15710K [0x00000000c0000000, 0x00000000c4300000, 0x00000000eab00000)
  object space 68608K, 22% used [0x00000000c0000000,0x00000000c0f578a8,0x00000000c4300000)
 Metaspace       used 31561K, committed 32576K, reserved 1114112K
  class space    used 3097K, committed 3520K, reserved 1048576K
}
Event: 14.348 GC heap before
{Heap before GC invocations=13 (full 1):
 PSYoungGen      total 24064K, used 24062K [0x00000000eab00000, 0x00000000ec780000, 0x0000000100000000)
  eden space 22528K, 100% used [0x00000000eab00000,0x00000000ec100000,0x00000000ec100000)
  from space 1536K, 99% used [0x00000000ec580000,0x00000000ec6ffa60,0x00000000ec700000)
  to   space 512K, 0% used [0x00000000ec700000,0x00000000ec700000,0x00000000ec780000)
 ParOldGen       total 68608K, used 15710K [0x00000000c0000000, 0x00000000c4300000, 0x00000000eab00000)
  object space 68608K, 22% used [0x00000000c0000000,0x00000000c0f578a8,0x00000000c4300000)
 Metaspace       used 34561K, committed 35712K, reserved 1114112K
  class space    used 3489K, committed 3968K, reserved 1048576K
}
Event: 14.350 GC heap after
{Heap after GC invocations=13 (full 1):
 PSYoungGen      total 22528K, used 512K [0x00000000eab00000, 0x00000000ec780000, 0x0000000100000000)
  eden space 22016K, 0% used [0x00000000eab00000,0x00000000eab00000,0x00000000ec080000)
  from space 512K, 100% used [0x00000000ec700000,0x00000000ec780000,0x00000000ec780000)
  to   space 3072K, 0% used [0x00000000ec180000,0x00000000ec180000,0x00000000ec480000)
 ParOldGen       total 68608K, used 18054K [0x00000000c0000000, 0x00000000c4300000, 0x00000000eab00000)
  object space 68608K, 26% used [0x00000000c0000000,0x00000000c11a1a40,0x00000000c4300000)
 Metaspace       used 34561K, committed 35712K, reserved 1114112K
  class space    used 3489K, committed 3968K, reserved 1048576K
}
Event: 14.361 GC heap before
{Heap before GC invocations=14 (full 1):
 PSYoungGen      total 22528K, used 2241K [0x00000000eab00000, 0x00000000ec780000, 0x0000000100000000)
  eden space 22016K, 7% used [0x00000000eab00000,0x00000000eacb0508,0x00000000ec080000)
  from space 512K, 100% used [0x00000000ec700000,0x00000000ec780000,0x00000000ec780000)
  to   space 3072K, 0% used [0x00000000ec180000,0x00000000ec180000,0x00000000ec480000)
 ParOldGen       total 68608K, used 18054K [0x00000000c0000000, 0x00000000c4300000, 0x00000000eab00000)
  object space 68608K, 26% used [0x00000000c0000000,0x00000000c11a1a40,0x00000000c4300000)
 Metaspace       used 34741K, committed 35840K, reserved 1114112K
  class space    used 3514K, committed 3968K, reserved 1048576K
}
Event: 14.362 GC heap after
{Heap after GC invocations=14 (full 1):
 PSYoungGen      total 25088K, used 352K [0x00000000eab00000, 0x00000000ec780000, 0x0000000100000000)
  eden space 22016K, 0% used [0x00000000eab00000,0x00000000eab00000,0x00000000ec080000)
  from space 3072K, 11% used [0x00000000ec180000,0x00000000ec1d8000,0x00000000ec480000)
  to   space 1536K, 0% used [0x00000000ec600000,0x00000000ec600000,0x00000000ec780000)
 ParOldGen       total 68608K, used 18575K [0x00000000c0000000, 0x00000000c4300000, 0x00000000eab00000)
  object space 68608K, 27% used [0x00000000c0000000,0x00000000c1223ce0,0x00000000c4300000)
 Metaspace       used 34741K, committed 35840K, reserved 1114112K
  class space    used 3514K, committed 3968K, reserved 1048576K
}
Event: 14.362 GC heap before
{Heap before GC invocations=15 (full 2):
 PSYoungGen      total 25088K, used 352K [0x00000000eab00000, 0x00000000ec780000, 0x0000000100000000)
  eden space 22016K, 0% used [0x00000000eab00000,0x00000000eab00000,0x00000000ec080000)
  from space 3072K, 11% used [0x00000000ec180000,0x00000000ec1d8000,0x00000000ec480000)
  to   space 1536K, 0% used [0x00000000ec600000,0x00000000ec600000,0x00000000ec780000)
 ParOldGen       total 68608K, used 18575K [0x00000000c0000000, 0x00000000c4300000, 0x00000000eab00000)
  object space 68608K, 27% used [0x00000000c0000000,0x00000000c1223ce0,0x00000000c4300000)
 Metaspace       used 34741K, committed 35840K, reserved 1114112K
  class space    used 3514K, committed 3968K, reserved 1048576K
}
Event: 14.389 GC heap after
{Heap after GC invocations=15 (full 2):
 PSYoungGen      total 25088K, used 0K [0x00000000eab00000, 0x00000000ec780000, 0x0000000100000000)
  eden space 22016K, 0% used [0x00000000eab00000,0x00000000eab00000,0x00000000ec080000)
  from space 3072K, 0% used [0x00000000ec180000,0x00000000ec180000,0x00000000ec480000)
  to   space 1536K, 0% used [0x00000000ec600000,0x00000000ec600000,0x00000000ec780000)
 ParOldGen       total 68608K, used 17789K [0x00000000c0000000, 0x00000000c4300000, 0x00000000eab00000)
  object space 68608K, 25% used [0x00000000c0000000,0x00000000c115f7c0,0x00000000c4300000)
 Metaspace       used 34741K, committed 35840K, reserved 1114112K
  class space    used 3514K, committed 3968K, reserved 1048576K
}
Event: 14.628 GC heap before
{Heap before GC invocations=16 (full 2):
 PSYoungGen      total 25088K, used 22016K [0x00000000eab00000, 0x00000000ec780000, 0x0000000100000000)
  eden space 22016K, 100% used [0x00000000eab00000,0x00000000ec080000,0x00000000ec080000)
  from space 3072K, 0% used [0x00000000ec180000,0x00000000ec180000,0x00000000ec480000)
  to   space 1536K, 0% used [0x00000000ec600000,0x00000000ec600000,0x00000000ec780000)
 ParOldGen       total 68608K, used 17789K [0x00000000c0000000, 0x00000000c4300000, 0x00000000eab00000)
  object space 68608K, 25% used [0x00000000c0000000,0x00000000c115f7c0,0x00000000c4300000)
 Metaspace       used 37341K, committed 38528K, reserved 1114112K
  class space    used 3893K, committed 4352K, reserved 1048576K
}
Event: 14.630 GC heap after
{Heap after GC invocations=16 (full 2):
 PSYoungGen      total 23552K, used 1056K [0x00000000eab00000, 0x00000000ec780000, 0x0000000100000000)
  eden space 22016K, 0% used [0x00000000eab00000,0x00000000eab00000,0x00000000ec080000)
  from space 1536K, 68% used [0x00000000ec600000,0x00000000ec708000,0x00000000ec780000)
  to   space 1536K, 0% used [0x00000000ec480000,0x00000000ec480000,0x00000000ec600000)
 ParOldGen       total 68608K, used 17797K [0x00000000c0000000, 0x00000000c4300000, 0x00000000eab00000)
  object space 68608K, 25% used [0x00000000c0000000,0x00000000c11617c0,0x00000000c4300000)
 Metaspace       used 37341K, committed 38528K, reserved 1114112K
  class space    used 3893K, committed 4352K, reserved 1048576K
}
Event: 14.962 GC heap before
{Heap before GC invocations=17 (full 2):
 PSYoungGen      total 23552K, used 23072K [0x00000000eab00000, 0x00000000ec780000, 0x0000000100000000)
  eden space 22016K, 100% used [0x00000000eab00000,0x00000000ec080000,0x00000000ec080000)
  from space 1536K, 68% used [0x00000000ec600000,0x00000000ec708000,0x00000000ec780000)
  to   space 1536K, 0% used [0x00000000ec480000,0x00000000ec480000,0x00000000ec600000)
 ParOldGen       total 68608K, used 17797K [0x00000000c0000000, 0x00000000c4300000, 0x00000000eab00000)
  object space 68608K, 25% used [0x00000000c0000000,0x00000000c11617c0,0x00000000c4300000)
 Metaspace       used 39031K, committed 40192K, reserved 1114112K
  class space    used 4108K, committed 4608K, reserved 1048576K
}
Event: 14.964 GC heap after
{Heap after GC invocations=17 (full 2):
 PSYoungGen      total 23552K, used 1152K [0x00000000eab00000, 0x00000000ec680000, 0x0000000100000000)
  eden space 22016K, 0% used [0x00000000eab00000,0x00000000eab00000,0x00000000ec080000)
  from space 1536K, 75% used [0x00000000ec480000,0x00000000ec5a0000,0x00000000ec600000)
  to   space 512K, 0% used [0x00000000ec600000,0x00000000ec600000,0x00000000ec680000)
 ParOldGen       total 68608K, used 18581K [0x00000000c0000000, 0x00000000c4300000, 0x00000000eab00000)
  object space 68608K, 27% used [0x00000000c0000000,0x00000000c12257d0,0x00000000c4300000)
 Metaspace       used 39031K, committed 40192K, reserved 1114112K
  class space    used 4108K, committed 4608K, reserved 1048576K
}
Event: 15.258 GC heap before
{Heap before GC invocations=18 (full 2):
 PSYoungGen      total 23552K, used 23168K [0x00000000eab00000, 0x00000000ec680000, 0x0000000100000000)
  eden space 22016K, 100% used [0x00000000eab00000,0x00000000ec080000,0x00000000ec080000)
  from space 1536K, 75% used [0x00000000ec480000,0x00000000ec5a0000,0x00000000ec600000)
  to   space 512K, 0% used [0x00000000ec600000,0x00000000ec600000,0x00000000ec680000)
 ParOldGen       total 68608K, used 18581K [0x00000000c0000000, 0x00000000c4300000, 0x00000000eab00000)
  object space 68608K, 27% used [0x00000000c0000000,0x00000000c12257d0,0x00000000c4300000)
 Metaspace       used 41006K, committed 42176K, reserved 1114112K
  class space    used 4363K, committed 4800K, reserved 1048576K
}
Event: 15.260 GC heap after
{Heap after GC invocations=18 (full 2):
 PSYoungGen      total 22528K, used 506K [0x00000000eab00000, 0x00000000ec680000, 0x0000000100000000)
  eden space 22016K, 0% used [0x00000000eab00000,0x00000000eab00000,0x00000000ec080000)
  from space 512K, 98% used [0x00000000ec600000,0x00000000ec67e9a8,0x00000000ec680000)
  to   space 2048K, 0% used [0x00000000ec280000,0x00000000ec280000,0x00000000ec480000)
 ParOldGen       total 68608K, used 19684K [0x00000000c0000000, 0x00000000c4300000, 0x00000000eab00000)
  object space 68608K, 28% used [0x00000000c0000000,0x00000000c1339148,0x00000000c4300000)
 Metaspace       used 41006K, committed 42176K, reserved 1114112K
  class space    used 4363K, committed 4800K, reserved 1048576K
}
Event: 15.586 GC heap before
{Heap before GC invocations=19 (full 2):
 PSYoungGen      total 22528K, used 22522K [0x00000000eab00000, 0x00000000ec680000, 0x0000000100000000)
  eden space 22016K, 100% used [0x00000000eab00000,0x00000000ec080000,0x00000000ec080000)
  from space 512K, 98% used [0x00000000ec600000,0x00000000ec67e9a8,0x00000000ec680000)
  to   space 2048K, 0% used [0x00000000ec280000,0x00000000ec280000,0x00000000ec480000)
 ParOldGen       total 68608K, used 19684K [0x00000000c0000000, 0x00000000c4300000, 0x00000000eab00000)
  object space 68608K, 28% used [0x00000000c0000000,0x00000000c1339148,0x00000000c4300000)
 Metaspace       used 43588K, committed 44736K, reserved 1114112K
  class space    used 4685K, committed 5120K, reserved 1048576K
}
Event: 15.587 GC heap after
{Heap after GC invocations=19 (full 2):
 PSYoungGen      total 24064K, used 1520K [0x00000000eab00000, 0x00000000ec680000, 0x0000000100000000)
  eden space 22016K, 0% used [0x00000000eab00000,0x00000000eab00000,0x00000000ec080000)
  from space 2048K, 74% used [0x00000000ec280000,0x00000000ec3fc020,0x00000000ec480000)
  to   space 2048K, 0% used [0x00000000ec480000,0x00000000ec480000,0x00000000ec680000)
 ParOldGen       total 68608K, used 20224K [0x00000000c0000000, 0x00000000c4300000, 0x00000000eab00000)
  object space 68608K, 29% used [0x00000000c0000000,0x00000000c13c01b8,0x00000000c4300000)
 Metaspace       used 43588K, committed 44736K, reserved 1114112K
  class space    used 4685K, committed 5120K, reserved 1048576K
}

Dll operation events (12 events):
Event: 0.015 Loaded shared library c:\Users\Thilina\.vscode\extensions\redhat.java-1.40.0-win32-x64\jre\21.0.6-win32-x86_64\bin\java.dll
Event: 0.112 Loaded shared library c:\Users\Thilina\.vscode\extensions\redhat.java-1.40.0-win32-x64\jre\21.0.6-win32-x86_64\bin\zip.dll
Event: 0.144 Loaded shared library C:\Users\Thilina\.vscode\extensions\redhat.java-1.40.0-win32-x64\jre\21.0.6-win32-x86_64\bin\instrument.dll
Event: 0.151 Loaded shared library C:\Users\Thilina\.vscode\extensions\redhat.java-1.40.0-win32-x64\jre\21.0.6-win32-x86_64\bin\net.dll
Event: 0.155 Loaded shared library C:\Users\Thilina\.vscode\extensions\redhat.java-1.40.0-win32-x64\jre\21.0.6-win32-x86_64\bin\nio.dll
Event: 0.160 Loaded shared library C:\Users\Thilina\.vscode\extensions\redhat.java-1.40.0-win32-x64\jre\21.0.6-win32-x86_64\bin\zip.dll
Event: 0.184 Loaded shared library C:\Users\Thilina\.vscode\extensions\redhat.java-1.40.0-win32-x64\jre\21.0.6-win32-x86_64\bin\jimage.dll
Event: 0.304 Loaded shared library c:\Users\Thilina\.vscode\extensions\redhat.java-1.40.0-win32-x64\jre\21.0.6-win32-x86_64\bin\verify.dll
Event: 5.366 Loaded shared library C:\Users\Thilina\AppData\Roaming\Code\User\globalStorage\redhat.java\1.40.0\config_win\org.eclipse.equinox.launcher\org.eclipse.equinox.launcher.win32.win32.x86_64_1.2.1200.v20250212-0927\eclipse_11909.dll
Event: 13.038 Loaded shared library C:\Users\Thilina\AppData\Local\Temp\jna-318621125\jna2275561893790006422.dll
Event: 14.040 Loaded shared library C:\Users\Thilina\.vscode\extensions\redhat.java-1.40.0-win32-x64\jre\21.0.6-win32-x86_64\bin\management.dll
Event: 14.044 Loaded shared library C:\Users\Thilina\.vscode\extensions\redhat.java-1.40.0-win32-x64\jre\21.0.6-win32-x86_64\bin\management_ext.dll

Deoptimization events (20 events):
Event: 15.903 Thread 0x000001cdc53178a0 DEOPT PACKING pc=0x000001cdf37e6930 sp=0x000000c15a1fe150
Event: 15.903 Thread 0x000001cdc53178a0 DEOPT UNPACKING pc=0x000001cdf2f56da2 sp=0x000000c15a1fe010 mode 2
Event: 15.903 Thread 0x000001cdc5318c50 Uncommon trap: trap_request=0xffffffde fr.pc=0x000001cdf37bef14 relative=0x0000000000000ab4
Event: 15.903 Thread 0x000001cdc5318c50 Uncommon trap: reason=class_check action=maybe_recompile pc=0x000001cdf37bef14 method=java.util.concurrent.ConcurrentHashMap.putVal(Ljava/lang/Object;Ljava/lang/Object;Z)Ljava/lang/Object; @ 159 c2
Event: 15.903 Thread 0x000001cdc5318c50 DEOPT PACKING pc=0x000001cdf37bef14 sp=0x000000c159ffd990
Event: 15.903 Thread 0x000001cdc5318c50 DEOPT UNPACKING pc=0x000001cdf2f56da2 sp=0x000000c159ffd910 mode 2
Event: 15.905 Thread 0x000001cdc53178a0 Uncommon trap: trap_request=0xffffffde fr.pc=0x000001cdf37befdc relative=0x0000000000000b7c
Event: 15.905 Thread 0x000001cdc53178a0 Uncommon trap: reason=class_check action=maybe_recompile pc=0x000001cdf37befdc method=java.util.concurrent.ConcurrentHashMap.putVal(Ljava/lang/Object;Ljava/lang/Object;Z)Ljava/lang/Object; @ 242 c2
Event: 15.905 Thread 0x000001cdc53178a0 DEOPT PACKING pc=0x000001cdf37befdc sp=0x000000c15a1fd900
Event: 15.905 Thread 0x000001cdc53178a0 DEOPT UNPACKING pc=0x000001cdf2f56da2 sp=0x000000c15a1fd870 mode 2
Event: 15.913 Thread 0x000001cdc53178a0 Uncommon trap: trap_request=0xffffff45 fr.pc=0x000001cdf37bedf4 relative=0x0000000000000994
Event: 15.913 Thread 0x000001cdc53178a0 Uncommon trap: reason=unstable_if action=reinterpret pc=0x000001cdf37bedf4 method=java.util.concurrent.ConcurrentHashMap.putVal(Ljava/lang/Object;Ljava/lang/Object;Z)Ljava/lang/Object; @ 97 c2
Event: 15.913 Thread 0x000001cdc53178a0 DEOPT PACKING pc=0x000001cdf37bedf4 sp=0x000000c15a1fe280
Event: 15.913 Thread 0x000001cdc53178a0 DEOPT UNPACKING pc=0x000001cdf2f56da2 sp=0x000000c15a1fe208 mode 2
Event: 15.935 Thread 0x000001cdc5318c50 Uncommon trap: trap_request=0xffffff45 fr.pc=0x000001cdf38421dc relative=0x000000000000017c
Event: 15.935 Thread 0x000001cdc5318c50 Uncommon trap: reason=unstable_if action=reinterpret pc=0x000001cdf38421dc method=java.util.concurrent.locks.ReentrantReadWriteLock$Sync.tryReleaseShared(I)Z @ 129 c2
Event: 15.935 Thread 0x000001cdc5318c50 DEOPT PACKING pc=0x000001cdf38421dc sp=0x000000c159ffe2b0
Event: 15.935 Thread 0x000001cdc5318c50 DEOPT UNPACKING pc=0x000001cdf2f56da2 sp=0x000000c159ffe228 mode 2
Event: 15.946 Thread 0x000001cdc53164f0 DEOPT PACKING pc=0x000001cdec1aa301 sp=0x000000c15a8feee0
Event: 15.946 Thread 0x000001cdc53164f0 DEOPT UNPACKING pc=0x000001cdf2f578e2 sp=0x000000c15a8fe400 mode 0

Classes loaded (20 events):
Event: 15.391 Loading class java/nio/channels/spi/AbstractSelectableChannel done
Event: 15.391 Loading class java/nio/channels/SocketChannel done
Event: 15.391 Loading class java/nio/channels/ServerSocketChannel
Event: 15.391 Loading class java/nio/channels/ServerSocketChannel done
Event: 15.512 Loading class java/lang/ExceptionInInitializerError
Event: 15.512 Loading class java/lang/ExceptionInInitializerError done
Event: 15.795 Loading class java/lang/ProcessEnvironment$CheckedKeySet
Event: 15.795 Loading class java/lang/ProcessEnvironment$CheckedKeySet done
Event: 15.923 Loading class java/util/regex/Pattern$Pos
Event: 15.923 Loading class java/util/regex/Pattern$Pos done
Event: 15.953 Loading class java/util/stream/MatchOps$MatchKind
Event: 15.953 Loading class java/util/stream/MatchOps$MatchKind done
Event: 15.953 Loading class java/util/stream/MatchOps
Event: 15.954 Loading class java/util/stream/MatchOps done
Event: 15.954 Loading class java/util/stream/MatchOps$MatchOp
Event: 15.954 Loading class java/util/stream/MatchOps$MatchOp done
Event: 15.954 Loading class java/util/stream/MatchOps$BooleanTerminalSink
Event: 15.954 Loading class java/util/stream/MatchOps$BooleanTerminalSink done
Event: 15.954 Loading class java/util/stream/MatchOps$1MatchSink
Event: 15.954 Loading class java/util/stream/MatchOps$1MatchSink done

Classes unloaded (7 events):
Event: 13.472 Thread 0x000001cdfcc947b0 Unloading class 0x000001cd81193c00 'java/lang/invoke/LambdaForm$MH+0x000001cd81193c00'
Event: 13.472 Thread 0x000001cdfcc947b0 Unloading class 0x000001cd81193800 'java/lang/invoke/LambdaForm$MH+0x000001cd81193800'
Event: 13.472 Thread 0x000001cdfcc947b0 Unloading class 0x000001cd81193400 'java/lang/invoke/LambdaForm$MH+0x000001cd81193400'
Event: 13.472 Thread 0x000001cdfcc947b0 Unloading class 0x000001cd81193000 'java/lang/invoke/LambdaForm$MH+0x000001cd81193000'
Event: 13.472 Thread 0x000001cdfcc947b0 Unloading class 0x000001cd81192c00 'java/lang/invoke/LambdaForm$BMH+0x000001cd81192c00'
Event: 13.472 Thread 0x000001cdfcc947b0 Unloading class 0x000001cd81192800 'java/lang/invoke/LambdaForm$DMH+0x000001cd81192800'
Event: 13.472 Thread 0x000001cdfcc947b0 Unloading class 0x000001cd81191400 'java/lang/invoke/LambdaForm$DMH+0x000001cd81191400'

Classes redefined (0 events):
No events

Internal exceptions (20 events):
Event: 14.289 Thread 0x000001cdc53178a0 Exception <a 'java/lang/NoSuchMethodError'{0x00000000ebbf3d28}: 'int java.lang.invoke.DirectMethodHandle$Holder.invokeStatic(java.lang.Object, long)'> (0x00000000ebbf3d28) 
thrown [s\src\hotspot\share\interpreter\linkResolver.cpp, line 773]
Event: 14.293 Thread 0x000001cdc53178a0 Exception <a 'java/lang/NoSuchMethodError'{0x00000000ebc60cf8}: 'int java.lang.invoke.Invokers$Holder.linkToTargetMethod(java.lang.Object, java.lang.Object)'> (0x00000000ebc60cf8) 
thrown [s\src\hotspot\share\interpreter\linkResolver.cpp, line 773]
Event: 14.347 Thread 0x000001cdc53178a0 Exception <a 'java/lang/NoSuchMethodError'{0x00000000ec0bbe38}: 'java.lang.Object java.lang.invoke.DirectMethodHandle$Holder.invokeSpecialIFC(java.lang.Object, java.lang.Object, java.lang.Object, java.lang.Object)'> (0x00000000ec0bbe38) 
thrown [s\src\hotspot\share\interpreter\linkResolver.cpp, line 773]
Event: 14.356 Thread 0x000001cdc5317f30 Implicit null exception at 0x000001cdf371e09b to 0x000001cdf371e2e8
Event: 14.501 Thread 0x000001cdc5318c50 Exception <a 'java/lang/NoSuchMethodError'{0x00000000eb695840}: 'int java.lang.invoke.DirectMethodHandle$Holder.invokeSpecial(java.lang.Object, java.lang.Object, java.lang.Object, java.lang.Object)'> (0x00000000eb695840) 
thrown [s\src\hotspot\share\interpreter\linkResolver.cpp, line 773]
Event: 14.502 Thread 0x000001cdc5318c50 Exception <a 'java/lang/NoSuchMethodError'{0x00000000eb6aa5e8}: 'java.lang.Object java.lang.invoke.DirectMethodHandle$Holder.invokeStatic(java.lang.Object, int, java.lang.Object, java.lang.Object)'> (0x00000000eb6aa5e8) 
thrown [s\src\hotspot\share\interpreter\linkResolver.cpp, line 773]
Event: 14.503 Thread 0x000001cdc5318c50 Exception <a 'java/lang/NoSuchMethodError'{0x00000000eb6cdd28}: 'java.lang.Object java.lang.invoke.DelegatingMethodHandle$Holder.delegate(java.lang.Object, int, java.lang.Object, java.lang.Object)'> (0x00000000eb6cdd28) 
thrown [s\src\hotspot\share\interpreter\linkResolver.cpp, line 773]
Event: 14.504 Thread 0x000001cdc5318c50 Implicit null exception at 0x000001cdf3885df6 to 0x000001cdf3886118
Event: 14.506 Thread 0x000001cdc5318c50 Exception <a 'java/lang/NoSuchMethodError'{0x00000000eb7038a8}: 'int java.lang.invoke.Invokers$Holder.linkToTargetMethod(java.lang.Object, java.lang.Object, java.lang.Object)'> (0x00000000eb7038a8) 
thrown [s\src\hotspot\share\interpreter\linkResolver.cpp, line 773]
Event: 14.566 Thread 0x000001cde88bb220 Exception <a 'java/lang/NoSuchMethodError'{0x00000000ebbd9768}: 'void java.lang.invoke.DirectMethodHandle$Holder.invokeSpecial(java.lang.Object, java.lang.Object, java.lang.Object, java.lang.Object, java.lang.Object, java.lang.Object)'> (0x00000000ebbd9768) 
thrown [s\src\hotspot\share\interpreter\linkResolver.cpp, line 773]
Event: 14.568 Thread 0x000001cde88bb220 Exception <a 'java/lang/IncompatibleClassChangeError'{0x00000000ebbe1d60}: Found class java.lang.Object, but interface was expected> (0x00000000ebbe1d60) 
thrown [s\src\hotspot\share\interpreter\linkResolver.cpp, line 840]
Event: 14.568 Thread 0x000001cde88bb220 Exception <a 'java/lang/IncompatibleClassChangeError'{0x00000000ebbf3b68}: Found class java.lang.Object, but interface was expected> (0x00000000ebbf3b68) 
thrown [s\src\hotspot\share\interpreter\linkResolver.cpp, line 840]
Event: 14.588 Thread 0x000001cdc53178a0 Exception <a 'java/lang/NoSuchMethodError'{0x00000000ebd3f7d0}: 'int java.lang.invoke.DirectMethodHandle$Holder.invokeStatic(java.lang.Object, java.lang.Object, java.lang.Object, java.lang.Object, java.lang.Object)'> (0x00000000ebd3f7d0) 
thrown [s\src\hotspot\share\interpreter\linkResolver.cpp, line 773]
Event: 14.649 Thread 0x000001cde88bb220 Implicit null exception at 0x000001cdf383e63a to 0x000001cdf383e674
Event: 14.751 Thread 0x000001cdc53178a0 Exception <a 'java/lang/NoClassDefFoundError'{0x00000000eb2be628}: javax/enterprise/inject/Typed> (0x00000000eb2be628) 
thrown [s\src\hotspot\share\classfile\systemDictionary.cpp, line 301]
Event: 15.514 Thread 0x000001cdc53178a0 Exception <a 'java/lang/ExceptionInInitializerError'{0x00000000ebc322f8}> (0x00000000ebc322f8) 
thrown [s\src\hotspot\share\oops\instanceKlass.cpp, line 1220]
Event: 15.540 Thread 0x000001cdc53178a0 Implicit null exception at 0x000001cdf379de7e to 0x000001cdf379e0f0
Event: 15.540 Thread 0x000001cdc53178a0 Implicit null exception at 0x000001cdf36faf1c to 0x000001cdf36fbde8
Event: 15.543 Thread 0x000001cdc53178a0 Exception <a 'java/lang/NoSuchMethodError'{0x00000000ebdbbb00}: 'java.lang.Object java.lang.invoke.Invokers$Holder.invokeExact_MT(java.lang.Object, int, java.lang.Object)'> (0x00000000ebdbbb00) 
thrown [s\src\hotspot\share\interpreter\linkResolver.cpp, line 773]
Event: 15.785 Thread 0x000001cdc53178a0 Exception <a 'java/lang/NoClassDefFoundError'{0x00000000eb46bdd8}: com/google/inject/servlet/ServletModuleTargetVisitor> (0x00000000eb46bdd8) 
thrown [s\src\hotspot\share\classfile\systemDictionary.cpp, line 301]

ZGC Phase Switch (0 events):
No events

VM Operations (20 events):
Event: 14.742 Executing VM operation: HandshakeAllThreads (Deoptimize)
Event: 14.742 Executing VM operation: HandshakeAllThreads (Deoptimize) done
Event: 14.962 Executing VM operation: ParallelGCFailedAllocation (Allocation Failure)
Event: 14.964 Executing VM operation: ParallelGCFailedAllocation (Allocation Failure) done
Event: 15.164 Executing VM operation: HandshakeAllThreads (Deoptimize)
Event: 15.165 Executing VM operation: HandshakeAllThreads (Deoptimize) done
Event: 15.258 Executing VM operation: ParallelGCFailedAllocation (Allocation Failure)
Event: 15.260 Executing VM operation: ParallelGCFailedAllocation (Allocation Failure) done
Event: 15.388 Executing VM operation: HandshakeAllThreads (Deoptimize)
Event: 15.389 Executing VM operation: HandshakeAllThreads (Deoptimize) done
Event: 15.577 Executing VM operation: HandshakeAllThreads (Deoptimize)
Event: 15.577 Executing VM operation: HandshakeAllThreads (Deoptimize) done
Event: 15.586 Executing VM operation: ParallelGCFailedAllocation (Allocation Failure)
Event: 15.587 Executing VM operation: ParallelGCFailedAllocation (Allocation Failure) done
Event: 15.842 Executing VM operation: HandshakeAllThreads (Deoptimize)
Event: 15.842 Executing VM operation: HandshakeAllThreads (Deoptimize) done
Event: 15.842 Executing VM operation: HandshakeAllThreads (Deoptimize)
Event: 15.843 Executing VM operation: HandshakeAllThreads (Deoptimize) done
Event: 15.854 Executing VM operation: ICBufferFull
Event: 15.855 Executing VM operation: ICBufferFull done

Memory protections (0 events):
No events

Nmethod flushes (20 events):
Event: 14.376 Thread 0x000001cdfcc947b0 flushing  nmethod 0x000001cdec1b4690
Event: 14.376 Thread 0x000001cdfcc947b0 flushing  nmethod 0x000001cdec1b4c10
Event: 14.376 Thread 0x000001cdfcc947b0 flushing  nmethod 0x000001cdec1c4b90
Event: 14.376 Thread 0x000001cdfcc947b0 flushing  nmethod 0x000001cdec1e7490
Event: 14.376 Thread 0x000001cdfcc947b0 flushing  nmethod 0x000001cdec1e7890
Event: 14.376 Thread 0x000001cdfcc947b0 flushing  nmethod 0x000001cdec1e8190
Event: 14.376 Thread 0x000001cdfcc947b0 flushing  nmethod 0x000001cdec1e8990
Event: 14.376 Thread 0x000001cdfcc947b0 flushing  nmethod 0x000001cdec1ea090
Event: 14.376 Thread 0x000001cdfcc947b0 flushing  nmethod 0x000001cdec1eac90
Event: 14.376 Thread 0x000001cdfcc947b0 flushing  nmethod 0x000001cdec1eb590
Event: 14.376 Thread 0x000001cdfcc947b0 flushing  nmethod 0x000001cdec1ec690
Event: 14.376 Thread 0x000001cdfcc947b0 flushing  nmethod 0x000001cdec1ed710
Event: 14.376 Thread 0x000001cdfcc947b0 flushing  nmethod 0x000001cdec1ee810
Event: 14.376 Thread 0x000001cdfcc947b0 flushing  nmethod 0x000001cdec1ef510
Event: 14.376 Thread 0x000001cdfcc947b0 flushing  nmethod 0x000001cdec1efc10
Event: 14.376 Thread 0x000001cdfcc947b0 flushing  nmethod 0x000001cdec1f7490
Event: 14.376 Thread 0x000001cdfcc947b0 flushing  nmethod 0x000001cdec234b10
Event: 14.376 Thread 0x000001cdfcc947b0 flushing  nmethod 0x000001cdec235610
Event: 14.376 Thread 0x000001cdfcc947b0 flushing  nmethod 0x000001cdec23c810
Event: 14.376 Thread 0x000001cdfcc947b0 flushing  nmethod 0x000001cdec246b10

Events (20 events):
Event: 14.295 Thread 0x000001cde88bb220 Thread added: 0x000001cdc531ba40
Event: 14.296 Thread 0x000001cde88bb220 Thread added: 0x000001cdc531ad20
Event: 14.296 Thread 0x000001cde88bb220 Thread added: 0x000001cdc531a690
Event: 14.296 Thread 0x000001cde88bb220 Thread added: 0x000001cdc531b3b0
Event: 14.296 Thread 0x000001cde88bb220 Thread added: 0x000001cdc531c0d0
Event: 14.297 Thread 0x000001cde88bb220 Thread added: 0x000001cdc531c760
Event: 14.297 Thread 0x000001cde88bb220 Thread added: 0x000001cdc9a8fc30
Event: 14.297 Thread 0x000001cde88bb220 Thread added: 0x000001cdc9a8ef10
Event: 14.298 Thread 0x000001cde88bb220 Thread added: 0x000001cdc9a8db60
Event: 14.298 Thread 0x000001cde88bb220 Thread added: 0x000001cdc9a902c0
Event: 14.298 Thread 0x000001cde88bb220 Thread added: 0x000001cdc9a8e880
Event: 14.298 Thread 0x000001cde88bb220 Thread added: 0x000001cdc9a8f5a0
Event: 14.299 Thread 0x000001cde88bb220 Thread added: 0x000001cdc9a90950
Event: 14.299 Thread 0x000001cde88bb220 Thread added: 0x000001cdc9a8e1f0
Event: 14.299 Thread 0x000001cde88bb220 Thread added: 0x000001cdc9a8d4d0
Event: 14.299 Thread 0x000001cde88bb220 Thread added: 0x000001cdc9a93740
Event: 14.299 Thread 0x000001cde88bb220 Thread added: 0x000001cdc9a91d00
Event: 14.325 Thread 0x000001cde88bb220 Thread added: 0x000001cdc9a92390
Event: 14.605 Thread 0x000001cde88bb220 Thread added: 0x000001cdc9a930b0
Event: 14.606 Thread 0x000001cde88bb220 Thread added: 0x000001cdc9a90fe0


Dynamic libraries:
0x00007ff74cce0000 - 0x00007ff74ccee000 	c:\Users\Thilina\.vscode\extensions\redhat.java-1.40.0-win32-x64\jre\21.0.6-win32-x86_64\bin\java.exe
0x00007ffb1a800000 - 0x00007ffb1aa63000 	C:\WINDOWS\SYSTEM32\ntdll.dll
0x00007ffb19a90000 - 0x00007ffb19b57000 	C:\WINDOWS\System32\KERNEL32.DLL
0x00007ffb17fa0000 - 0x00007ffb18369000 	C:\WINDOWS\System32\KERNELBASE.dll
0x00007ffb18410000 - 0x00007ffb1855c000 	C:\WINDOWS\System32\ucrtbase.dll
0x00007ffa69420000 - 0x00007ffa6943e000 	c:\Users\Thilina\.vscode\extensions\redhat.java-1.40.0-win32-x64\jre\21.0.6-win32-x86_64\bin\VCRUNTIME140.dll
0x00007ffa69440000 - 0x00007ffa69458000 	c:\Users\Thilina\.vscode\extensions\redhat.java-1.40.0-win32-x64\jre\21.0.6-win32-x86_64\bin\jli.dll
0x00007ffb19290000 - 0x00007ffb1945a000 	C:\WINDOWS\System32\USER32.dll
0x00007ffb16ae0000 - 0x00007ffb16d70000 	C:\WINDOWS\WinSxS\amd64_microsoft.windows.common-controls_6595b64144ccf1df_6.0.26100.3323_none_3e088096e3344490\COMCTL32.dll
0x00007ffb17f70000 - 0x00007ffb17f97000 	C:\WINDOWS\System32\win32u.dll
0x00007ffb1a070000 - 0x00007ffb1a119000 	C:\WINDOWS\System32\msvcrt.dll
0x00007ffb197d0000 - 0x00007ffb197fa000 	C:\WINDOWS\System32\GDI32.dll
0x00007ffb17a00000 - 0x00007ffb17b31000 	C:\WINDOWS\System32\gdi32full.dll
0x00007ffb17ec0000 - 0x00007ffb17f63000 	C:\WINDOWS\System32\msvcp_win.dll
0x00007ffb1a640000 - 0x00007ffb1a66f000 	C:\WINDOWS\System32\IMM32.DLL
0x00007ffa72240000 - 0x00007ffa7224c000 	c:\Users\Thilina\.vscode\extensions\redhat.java-1.40.0-win32-x64\jre\21.0.6-win32-x86_64\bin\vcruntime140_1.dll
0x00007ffa69390000 - 0x00007ffa6941d000 	c:\Users\Thilina\.vscode\extensions\redhat.java-1.40.0-win32-x64\jre\21.0.6-win32-x86_64\bin\msvcp140.dll
0x00007ffa68450000 - 0x00007ffa691e0000 	c:\Users\Thilina\.vscode\extensions\redhat.java-1.40.0-win32-x64\jre\21.0.6-win32-x86_64\bin\server\jvm.dll
0x00007ffb19820000 - 0x00007ffb198d2000 	C:\WINDOWS\System32\ADVAPI32.dll
0x00007ffb19fc0000 - 0x00007ffb1a066000 	C:\WINDOWS\System32\sechost.dll
0x00007ffb19d90000 - 0x00007ffb19ea6000 	C:\WINDOWS\System32\RPCRT4.dll
0x00007ffb198e0000 - 0x00007ffb19954000 	C:\WINDOWS\System32\WS2_32.dll
0x00007ffb04f70000 - 0x00007ffb04fa6000 	C:\WINDOWS\SYSTEM32\WINMM.dll
0x00007ffb17890000 - 0x00007ffb178de000 	C:\WINDOWS\SYSTEM32\POWRPROF.dll
0x00007ffb0b790000 - 0x00007ffb0b79b000 	C:\WINDOWS\SYSTEM32\VERSION.dll
0x00007ffb17870000 - 0x00007ffb17884000 	C:\WINDOWS\SYSTEM32\UMPDC.dll
0x00007ffb16100000 - 0x00007ffb1611a000 	C:\WINDOWS\SYSTEM32\kernel.appcore.dll
0x00007ffa6f830000 - 0x00007ffa6f83a000 	c:\Users\Thilina\.vscode\extensions\redhat.java-1.40.0-win32-x64\jre\21.0.6-win32-x86_64\bin\jimage.dll
0x00007ffb171e0000 - 0x00007ffb17421000 	C:\WINDOWS\SYSTEM32\DBGHELP.DLL
0x00007ffb187e0000 - 0x00007ffb18b62000 	C:\WINDOWS\System32\combase.dll
0x00007ffb1a680000 - 0x00007ffb1a756000 	C:\WINDOWS\System32\OLEAUT32.dll
0x00007ffb16ec0000 - 0x00007ffb16ef9000 	C:\WINDOWS\SYSTEM32\dbgcore.DLL
0x00007ffb18370000 - 0x00007ffb18409000 	C:\WINDOWS\System32\bcryptPrimitives.dll
0x00007ffa7e430000 - 0x00007ffa7e43f000 	c:\Users\Thilina\.vscode\extensions\redhat.java-1.40.0-win32-x64\jre\21.0.6-win32-x86_64\bin\instrument.dll
0x00007ffa69370000 - 0x00007ffa6938f000 	c:\Users\Thilina\.vscode\extensions\redhat.java-1.40.0-win32-x64\jre\21.0.6-win32-x86_64\bin\java.dll
0x00007ffb18b70000 - 0x00007ffb19285000 	C:\WINDOWS\System32\SHELL32.dll
0x00007ffb17bd0000 - 0x00007ffb17d38000 	C:\WINDOWS\System32\wintypes.dll
0x00007ffb14e30000 - 0x00007ffb15675000 	C:\WINDOWS\SYSTEM32\windows.storage.dll
0x00007ffb19970000 - 0x00007ffb19a5b000 	C:\WINDOWS\System32\SHCORE.dll
0x00007ffb1a760000 - 0x00007ffb1a7bd000 	C:\WINDOWS\System32\shlwapi.dll
0x00007ffb17910000 - 0x00007ffb1793f000 	C:\WINDOWS\SYSTEM32\profapi.dll
0x00007ffa69350000 - 0x00007ffa69368000 	c:\Users\Thilina\.vscode\extensions\redhat.java-1.40.0-win32-x64\jre\21.0.6-win32-x86_64\bin\zip.dll
0x00007ffa69340000 - 0x00007ffa69350000 	C:\Users\Thilina\.vscode\extensions\redhat.java-1.40.0-win32-x64\jre\21.0.6-win32-x86_64\bin\net.dll
0x00007ffb0aca0000 - 0x00007ffb0adbe000 	C:\WINDOWS\SYSTEM32\WINHTTP.dll
0x00007ffb165d0000 - 0x00007ffb1663a000 	C:\WINDOWS\system32\mswsock.dll
0x00007ffa69320000 - 0x00007ffa69336000 	C:\Users\Thilina\.vscode\extensions\redhat.java-1.40.0-win32-x64\jre\21.0.6-win32-x86_64\bin\nio.dll
0x00007ffa66a30000 - 0x00007ffa66a40000 	c:\Users\Thilina\.vscode\extensions\redhat.java-1.40.0-win32-x64\jre\21.0.6-win32-x86_64\bin\verify.dll
0x00007ffa67740000 - 0x00007ffa67785000 	C:\Users\Thilina\AppData\Roaming\Code\User\globalStorage\redhat.java\1.40.0\config_win\org.eclipse.equinox.launcher\org.eclipse.equinox.launcher.win32.win32.x86_64_1.2.1200.v20250212-0927\eclipse_11909.dll
0x00007ffb194c0000 - 0x00007ffb19655000 	C:\WINDOWS\System32\ole32.dll
0x00007ffb17430000 - 0x00007ffb1744c000 	C:\WINDOWS\SYSTEM32\CRYPTSP.dll
0x00007ffb16060000 - 0x00007ffb1609a000 	C:\WINDOWS\system32\rsaenh.dll
0x00007ffb16670000 - 0x00007ffb1669b000 	C:\WINDOWS\SYSTEM32\USERENV.dll
0x00007ffb17150000 - 0x00007ffb17176000 	C:\WINDOWS\SYSTEM32\bcrypt.dll
0x00007ffb16980000 - 0x00007ffb1698c000 	C:\WINDOWS\SYSTEM32\CRYPTBASE.dll
0x00007ffb15c70000 - 0x00007ffb15ca3000 	C:\WINDOWS\SYSTEM32\IPHLPAPI.DLL
0x00007ffb19960000 - 0x00007ffb1996a000 	C:\WINDOWS\System32\NSI.dll
0x00007ffa7fe70000 - 0x00007ffa7feb9000 	C:\Users\Thilina\AppData\Local\Temp\jna-318621125\jna2275561893790006422.dll
0x00007ffb187d0000 - 0x00007ffb187d8000 	C:\WINDOWS\System32\PSAPI.DLL
0x00007ffb0abb0000 - 0x00007ffb0abcf000 	C:\WINDOWS\SYSTEM32\dhcpcsvc6.DLL
0x00007ffb0a7b0000 - 0x00007ffb0a7d5000 	C:\WINDOWS\SYSTEM32\dhcpcsvc.DLL
0x00007ffa69200000 - 0x00007ffa6920a000 	C:\Users\Thilina\.vscode\extensions\redhat.java-1.40.0-win32-x64\jre\21.0.6-win32-x86_64\bin\management.dll
0x00007ffa67790000 - 0x00007ffa6779b000 	C:\Users\Thilina\.vscode\extensions\redhat.java-1.40.0-win32-x64\jre\21.0.6-win32-x86_64\bin\management_ext.dll

dbghelp: loaded successfully - version: 4.0.5 - missing functions: none
symbol engine: initialized successfully - sym options: 0x614 - pdb path: .;c:\Users\Thilina\.vscode\extensions\redhat.java-1.40.0-win32-x64\jre\21.0.6-win32-x86_64\bin;C:\WINDOWS\SYSTEM32;C:\WINDOWS\WinSxS\amd64_microsoft.windows.common-controls_6595b64144ccf1df_6.0.26100.3323_none_3e088096e3344490;c:\Users\Thilina\.vscode\extensions\redhat.java-1.40.0-win32-x64\jre\21.0.6-win32-x86_64\bin\server;C:\Users\Thilina\AppData\Roaming\Code\User\globalStorage\redhat.java\1.40.0\config_win\org.eclipse.equinox.launcher\org.eclipse.equinox.launcher.win32.win32.x86_64_1.2.1200.v20250212-0927;C:\Users\Thilina\AppData\Local\Temp\jna-318621125

VM Arguments:
jvm_args: --add-modules=ALL-SYSTEM --add-opens=java.base/java.util=ALL-UNNAMED --add-opens=java.base/java.lang=ALL-UNNAMED --add-opens=java.base/sun.nio.fs=ALL-UNNAMED -Declipse.application=org.eclipse.jdt.ls.core.id1 -Dosgi.bundles.defaultStartLevel=4 -Declipse.product=org.eclipse.jdt.ls.core.product -Djava.import.generatesMetadataFilesAtProjectRoot=false -DDetectVMInstallationsJob.disabled=true -Dfile.encoding=utf8 -XX:+UseParallelGC -XX:GCTimeRatio=4 -XX:AdaptiveSizePolicyWeight=90 -Dsun.zip.disableMemoryMapping=true -Xmx1G -Xms100m -Xlog:disable -javaagent:c:\Users\Thilina\.vscode\extensions\redhat.java-1.40.0-win32-x64\lombok\lombok-1.18.36.jar -XX:+HeapDumpOnOutOfMemoryError -XX:HeapDumpPath=c:\Users\Thilina\AppData\Roaming\Code\User\workspaceStorage\1895811c2174498c9cc58c1c0012ab43\redhat.java -Daether.dependencyCollector.impl=bf 
java_command: c:\Users\Thilina\.vscode\extensions\redhat.java-1.40.0-win32-x64\server\plugins\org.eclipse.equinox.launcher_1.6.1000.v20250131-0606.jar -configuration c:\Users\Thilina\AppData\Roaming\Code\User\globalStorage\redhat.java\1.40.0\config_win -data c:\Users\Thilina\AppData\Roaming\Code\User\workspaceStorage\1895811c2174498c9cc58c1c0012ab43\redhat.java\jdt_ws --pipe=\\.\pipe\lsp-27fb4c77b62929becff08edc229a2bc5-sock
java_class_path (initial): c:\Users\Thilina\.vscode\extensions\redhat.java-1.40.0-win32-x64\server\plugins\org.eclipse.equinox.launcher_1.6.1000.v20250131-0606.jar
Launcher Type: SUN_STANDARD

[Global flags]
    uintx AdaptiveSizePolicyWeight                 = 90                                        {product} {command line}
     intx CICompilerCount                          = 12                                        {product} {ergonomic}
    uintx GCTimeRatio                              = 4                                         {product} {command line}
     bool HeapDumpOnOutOfMemoryError               = true                                   {manageable} {command line}
    ccstr HeapDumpPath                             = c:\Users\Thilina\AppData\Roaming\Code\User\workspaceStorage\1895811c2174498c9cc58c1c0012ab43\redhat.java         {manageable} {command line}
   size_t InitialHeapSize                          = 104857600                                 {product} {command line}
   size_t MaxHeapSize                              = 1073741824                                {product} {command line}
   size_t MaxNewSize                               = 357564416                                 {product} {ergonomic}
   size_t MinHeapDeltaBytes                        = 524288                                    {product} {ergonomic}
   size_t MinHeapSize                              = 104857600                                 {product} {command line}
   size_t NewSize                                  = 34603008                                  {product} {ergonomic}
    uintx NonNMethodCodeHeapSize                   = 7602480                                {pd product} {ergonomic}
    uintx NonProfiledCodeHeapSize                  = 122027880                              {pd product} {ergonomic}
   size_t OldSize                                  = 70254592                                  {product} {ergonomic}
    uintx ProfiledCodeHeapSize                     = 122027880                              {pd product} {ergonomic}
    uintx ReservedCodeCacheSize                    = 251658240                              {pd product} {ergonomic}
     bool SegmentedCodeCache                       = true                                      {product} {ergonomic}
   size_t SoftMaxHeapSize                          = 1073741824                             {manageable} {ergonomic}
     bool UseCompressedOops                        = true                           {product lp64_product} {ergonomic}
     bool UseLargePagesIndividualAllocation        = false                                  {pd product} {ergonomic}
     bool UseParallelGC                            = true                                      {product} {command line}

Logging:
Log output configuration:
 #0: stdout all=off uptime,level,tags foldmultilines=false
 #1: stderr all=off uptime,level,tags foldmultilines=false

Environment Variables:
JAVA_HOME=C:\Users\Thilina\AppData\Local\Programs\Eclipse Adoptium\jdk-17.0.8.101-hotspot\
PATH=C:\Python313\Scripts\;C:\Python313\;C:\Users\Thilina\AppData\Roaming\npm;C:\Program Files (x86)\VMware\VMware Player\bin\;C:\Windows\system32;C:\Windows;C:\Windows\System32\Wbem;C:\Windows\System32\WindowsPowerShell\v1.0\;C:\Windows\System32\OpenSSH\;C:\Program Files (x86)\NVIDIA Corporation\PhysX\Common;C:\Program Files\NVIDIA Corporation\NVIDIA NvDLISR;C:\WINDOWS\system32;C:\WINDOWS;C:\WINDOWS\System32\Wbem;C:\WINDOWS\System32\WindowsPowerShell\v1.0\;C:\WINDOWS\System32\OpenSSH\;C:\Program Files\Git\cmd;C:\Program Files (x86)\Windows Kits\10\Windows Performance Toolkit\;C:\Program Files (x86)\Microsoft SQL Server\160\DTS\Binn\;C:\Program Files (x86)\Microsoft SQL Server\160\Tools\Binn\;C:\Program Files\Microsoft SQL Server\160\Tools\Binn\;C:\Program Files\Microsoft SQL Server\Client SDK\ODBC\170\Tools\Binn\;C:\Program Files\Microsoft SQL Server\160\DTS\Binn\;C:\Program Files\Microsoft SQL Server\150\Tools\Binn\;C:\Program Files\dotnet\;C:\Program Files\Cloudflare\Cloudflare WARP\;C:\Program Files\nodejs\;C:\ProgramData\chocolatey\bin;C:\Users\Thilina\AppData\Local\GitHubDesktop\bin;C:\Users\Thilina\AppData\Local\Programs\Microsoft VS Code\bin;C:\src\flutter\bin;C:\Users\Thilina\AppData\Roaming\npm;C:\Users\Thilina\AppData\Local\Pub\Cache\bin;
USERNAME=Thilina
OS=Windows_NT
PROCESSOR_IDENTIFIER=Intel64 Family 6 Model 141 Stepping 1, GenuineIntel
TMP=C:\Users\Thilina\AppData\Local\Temp
TEMP=C:\Users\Thilina\AppData\Local\Temp




Periodic native trim disabled

---------------  S Y S T E M  ---------------

OS:
 Windows 11 , 64 bit Build 26100 (10.0.26100.3323)
OS uptime: 0 days 0:02 hours

CPU: total 16 (initial active 16) (8 cores per cpu, 2 threads per core) family 6 model 141 stepping 1 microcode 0x26, cx8, cmov, fxsr, ht, mmx, 3dnowpref, sse, sse2, sse3, ssse3, sse4.1, sse4.2, popcnt, lzcnt, tsc, tscinvbit, avx, avx2, aes, erms, clmul, bmi1, bmi2, adx, avx512f, avx512dq, avx512cd, avx512bw, avx512vl, sha, fma, vzeroupper, avx512_vpopcntdq, avx512_vpclmulqdq, avx512_vaes, avx512_vnni, clflush, clflushopt, clwb, avx512_vbmi2, avx512_vbmi, rdtscp, rdpid, fsrm, gfni, avx512_bitalg, f16c, pku, cet_ibt, cet_ss, avx512_ifma
Processor Information for the first 16 processors :
  Max Mhz: 2304, Current Mhz: 2304, Mhz Limit: 2304

Memory: 4k page, system-wide physical 24277M (14705M free)
TotalPageFile size 32469M (AvailPageFile size 21203M)
current process WorkingSet (physical memory assigned to process): 225M, peak: 280M
current process commit charge ("private bytes"): 328M, peak: 384M

vm_info: OpenJDK 64-Bit Server VM (21.0.6+7-LTS) for windows-amd64 JRE (21.0.6+7-LTS), built on 2025-01-21T00:00:00Z by "admin" with MS VC++ 17.7 (VS2022)

END.
