#
# A fatal error has been detected by the Java Runtime Environment:
#
#  EXCEPTION_ACCESS_VIOLATION (0xc0000005) at pc=0x00007ffa21b7ab0c, pid=19544, tid=2596
#
# JRE version: OpenJDK Runtime Environment Temurin-17.0.8.1+1 (17.0.8.1+1) (build 17.0.8.1+1)
# Java VM: OpenJDK 64-Bit Server VM Temurin-17.0.8.1+1 (17.0.8.1+1, mixed mode, sharing, tiered, compressed oops, compressed class ptrs, g1 gc, windows-amd64)
# Problematic frame:
# V  [jvm.dll+0x36ab0c]
#
# No core dump will be written. Minidumps are not enabled by default on client versions of Windows
#
# If you would like to submit a bug report, please visit:
#   https://github.com/adoptium/adoptium-support/issues
#

---------------  S U M M A R Y ------------

Command Line: -XX:MaxMetaspaceSize=2G -XX:+HeapDumpOnOutOfMemoryError --add-opens=java.base/java.util=ALL-UNNAMED --add-opens=java.base/java.lang=ALL-UNNAMED --add-opens=java.base/java.lang.invoke=ALL-UNNAMED --add-opens=java.prefs/java.util.prefs=ALL-UNNAMED --add-opens=java.base/java.nio.charset=ALL-UNNAMED --add-opens=java.base/java.net=ALL-UNNAMED --add-opens=java.base/java.util.concurrent.atomic=ALL-UNNAMED -Xmx4G -Dfile.encoding=utf8 -Duser.country=US -Duser.language=en -Duser.variant -javaagent:C:\Users\Thilina\.gradle\wrapper\dists\gradle-8.3-all\6en3ugtfdg5xnpx44z4qbwgas\gradle-8.3\lib\agents\gradle-instrumentation-agent-8.3.jar org.gradle.launcher.daemon.bootstrap.GradleDaemon 8.3

Host: 11th Gen Intel(R) Core(TM) i7-11800H @ 2.30GHz, 16 cores, 23G,  Windows 11 , 64 bit Build 26100 (10.0.26100.3323)
Time: Thu Mar  6 12:28:26 2025 Sri Lanka Standard Time elapsed time: 1.649278 seconds (0d 0h 0m 1s)

---------------  T H R E A D  ---------------

Current thread (0x000002e7955f6b30):  JavaThread "C2 CompilerThread0" daemon [_thread_in_native, id=2596, stack(0x000000f4baf00000,0x000000f4bb000000)]


Current CompileTask:
C2:   1649 2273       4       jdk.internal.org.objectweb.asm.Frame::execute (2305 bytes)

Stack: [0x000000f4baf00000,0x000000f4bb000000],  sp=0x000000f4baffba80,  free space=1006k
Native frames: (J=compiled Java code, j=interpreted, Vv=VM code, C=native code)
V  [jvm.dll+0x36ab0c]
V  [jvm.dll+0x36439d]
V  [jvm.dll+0x1bd22c]
V  [jvm.dll+0x219d49]
V  [jvm.dll+0x219011]
V  [jvm.dll+0x1a534d]
V  [jvm.dll+0x228d8a]
V  [jvm.dll+0x226dcc]
V  [jvm.dll+0x7ec09b]
V  [jvm.dll+0x7e64ca]
V  [jvm.dll+0x677955]
C  [ucrtbase.dll+0x37b0]
C  [KERNEL32.DLL+0x2e8d7]
C  [ntdll.dll+0xbbf6c]


siginfo: EXCEPTION_ACCESS_VIOLATION (0xc0000005), reading address 0x000002e5dba1f038


Register to memory mapping:

RIP=0x00007ffa21b7ab0c jvm.dll
RAX=0x000002e5dba1f038 is an unknown value
RBX=0x000000f4baffbba0 is pointing into the stack for thread: 0x000002e7955f6b30
RCX=0x000002e7dbada6f0 points into unknown readable memory: 0x00007ffa2237f028 | 28 f0 37 22 fa 7f 00 00
RDX=0x0000000000000050 is an unknown value
RSP=0x000000f4baffba80 is pointing into the stack for thread: 0x000002e7955f6b30
RBP=0x0000000000000004 is an unknown value
RSI=0x0 is NULL
RDI=0x0 is NULL
R8 =0x0000000000000021 is an unknown value
R9 =0x0000000000000003 is an unknown value
R10=0x0000000000000003 is an unknown value
R11=0x0 is NULL
R12=0x000002e7ffdb4fa0 points into unknown readable memory: 0x000002e7ffcee920 | 20 e9 ce ff e7 02 00 00
R13=0x00007ffa2237f028 jvm.dll
R14=0x0 is NULL
R15=0x000002e7dd2f98e0 points into unknown readable memory: 0x000000200000000b | 0b 00 00 00 20 00 00 00


Registers:
RAX=0x000002e5dba1f038, RBX=0x000000f4baffbba0, RCX=0x000002e7dbada6f0, RDX=0x0000000000000050
RSP=0x000000f4baffba80, RBP=0x0000000000000004, RSI=0x0000000000000000, RDI=0x0000000000000000
R8 =0x0000000000000021, R9 =0x0000000000000003, R10=0x0000000000000003, R11=0x0000000000000000
R12=0x000002e7ffdb4fa0, R13=0x00007ffa2237f028, R14=0x0000000000000000, R15=0x000002e7dd2f98e0
RIP=0x00007ffa21b7ab0c, EFLAGS=0x0000000000010206

Top of Stack: (sp=0x000000f4baffba80)
0x000000f4baffba80:   0000000000000000 0000000100001f0f
0x000000f4baffba90:   0000002000000020 00007ffa21da9550
0x000000f4baffbaa0:   0000000000000006 000002e7db3a25f8
0x000000f4baffbab0:   0000000000000006 000000f4baffbbd0
0x000000f4baffbac0:   000000f4baffc150 00007ffa21b7439d
0x000000f4baffbad0:   000002e7dd5a2900 0000000000000000
0x000000f4baffbae0:   0000000000000000 0000000000000000
0x000000f4baffbaf0:   000000f4baffbb10 0000000000000006
0x000000f4baffbb00:   ffffffff00000003 0000000000000006
0x000000f4baffbb10:   0000000300000000 0000000e00000000
0x000000f4baffbb20:   0000000000000000 0000000300000006
0x000000f4baffbb30:   0000000d00000006 000002e700000000
0x000000f4baffbb40:   0000000000000002 000002e7dd5a2900
0x000000f4baffbb50:   00000000000002a8 0000000000000000
0x000000f4baffbb60:   0000000000000000 0000000100001f0f
0x000000f4baffbb70:   0000002000000020 000002e7dbada6a0 

Instructions: (pc=0x00007ffa21b7ab0c)
0x00007ffa21b7aa0c:   42 04 89 41 04 44 8b 82 90 00 00 00 44 89 81 90
0x00007ffa21b7aa1c:   00 00 00 ba 50 00 00 00 be 20 00 00 00 41 83 f8
0x00007ffa21b7aa2c:   10 77 09 48 83 c1 10 e9 8a 00 00 00 65 48 8b 04
0x00007ffa21b7aa3c:   25 58 00 00 00 48 8b 3c e8 80 3c 3a 00 75 0c e8
0x00007ffa21b7aa4c:   08 61 52 00 44 8b 83 90 00 00 00 48 8b 0c 3e 41
0x00007ffa21b7aa5c:   8b f0 48 c1 e6 03 48 8b 81 d8 04 00 00 48 8b 88
0x00007ffa21b7aa6c:   80 00 00 00 48 8b c6 48 f7 d0 48 8b b9 c8 08 00
0x00007ffa21b7aa7c:   00 48 8b 4f 18 48 3b c1 73 16 4c 8d 05 8b da 5a
0x00007ffa21b7aa8c:   00 48 8b d6 48 8b cf e8 48 1f d4 ff 48 8b 4f 18
0x00007ffa21b7aa9c:   48 8d 04 31 48 3b 47 20 76 13 45 33 c0 48 8b d6
0x00007ffa21b7aaac:   48 8b cf e8 ec 1c d4 ff 48 8b c8 eb 04 48 89 47
0x00007ffa21b7aabc:   18 ba 50 00 00 00 33 ff 48 89 4b 08 39 bb 90 00
0x00007ffa21b7aacc:   00 00 0f 86 d9 00 00 00 65 48 8b 04 25 58 00 00
0x00007ffa21b7aadc:   00 4c 89 64 24 50 4c 89 6c 24 58 4c 8d 2d 3a 45
0x00007ffa21b7aaec:   80 00 4c 89 74 24 60 4c 8d 24 e8 66 0f 1f 84 00
0x00007ffa21b7aafc:   00 00 00 00 49 8b 47 08 48 8d 34 fd 00 00 00 00
0x00007ffa21b7ab0c:   4c 8b 34 06 4d 3b f5 75 0a 48 8b 43 08 4c 89 2c
0x00007ffa21b7ab1c:   06 eb 6c 49 8b 2c 24 8b c2 80 3c 28 00 75 05 e8
0x00007ffa21b7ab2c:   28 60 52 00 b8 20 00 00 00 48 8b 0c 28 48 8b 81
0x00007ffa21b7ab3c:   d8 04 00 00 48 8b a8 80 00 00 00 48 8b 8d d0 08
0x00007ffa21b7ab4c:   00 00 48 85 c9 75 0c e8 e8 0b 00 00 48 8b 8d d0
0x00007ffa21b7ab5c:   08 00 00 48 8b 01 0f 57 c0 48 89 85 d0 08 00 00
0x00007ffa21b7ab6c:   0f 11 01 0f 11 41 10 41 0f 10 06 0f 11 01 41 0f
0x00007ffa21b7ab7c:   10 4e 10 0f 11 49 10 48 8b 43 08 48 89 0c 06 ff
0x00007ffa21b7ab8c:   c7 ba 50 00 00 00 3b bb 90 00 00 00 0f 82 62 ff
0x00007ffa21b7ab9c:   ff ff 4c 8b 74 24 60 4c 8b 6c 24 58 4c 8b 64 24
0x00007ffa21b7abac:   50 48 8b c3 48 83 c4 20 41 5f 5f 5e 5d 5b c3 cc
0x00007ffa21b7abbc:   cc cc cc cc 40 53 48 83 ec 20 8b 51 0c 48 8b d9
0x00007ffa21b7abcc:   83 fa 04 73 2a 4c 8b 59 18 66 66 66 0f 1f 84 00
0x00007ffa21b7abdc:   00 00 00 00 44 8b d2 44 8d 4a 01 4b 83 3c d3 00
0x00007ffa21b7abec:   0f 85 8f 00 00 00 41 8b d1 41 83 f9 04 72 e5 48
0x00007ffa21b7abfc:   89 74 24 30 48 89 7c 24 38 8b 79 10 3b 79 14 73 


Stack slot to memory mapping:
stack at sp + 0 slots: 0x0 is NULL
stack at sp + 1 slots: 0x0000000100001f0f is an unknown value
stack at sp + 2 slots: 0x0000002000000020 is an unknown value
stack at sp + 3 slots: 0x00007ffa21da9550 jvm.dll
stack at sp + 4 slots: 0x0000000000000006 is an unknown value
stack at sp + 5 slots: 0x000002e7db3a25f8 points into unknown readable memory: 0x00007ffa22128de8 | e8 8d 12 22 fa 7f 00 00
stack at sp + 6 slots: 0x0000000000000006 is an unknown value
stack at sp + 7 slots: 0x000000f4baffbbd0 is pointing into the stack for thread: 0x000002e7955f6b30


---------------  P R O C E S S  ---------------

Threads class SMR info:
_java_thread_list=0x000002e7dd190540, length=29, elements={
0x000002e7f19dd860, 0x000002e7955e0800, 0x000002e7955e11d0, 0x000002e7955f24a0,
0x000002e7955f2d70, 0x000002e7955f3640, 0x000002e7955f4f20, 0x000002e7955f6b30,
0x000002e7955f74f0, 0x000002e79560e860, 0x000002e7955d0f00, 0x000002e795780a20,
0x000002e795780f40, 0x000002e7957ab280, 0x000002e795819da0, 0x000002e7db1a1ec0,
0x000002e7dbdc6fe0, 0x000002e7dce1fde0, 0x000002e7dda53310, 0x000002e7dc901b90,
0x000002e7dd41d3f0, 0x000002e7db9d8bd0, 0x000002e7dc7854d0, 0x000002e7dc7859e0,
0x000002e7dc787330, 0x000002e7dc785ef0, 0x000002e7dc786400, 0x000002e7dc786e20,
0x000002e7dc787840
}

Java Threads: ( => current thread )
  0x000002e7f19dd860 JavaThread "main" [_thread_blocked, id=3084, stack(0x000000f4ba200000,0x000000f4ba300000)]
  0x000002e7955e0800 JavaThread "Reference Handler" daemon [_thread_blocked, id=18860, stack(0x000000f4ba900000,0x000000f4baa00000)]
  0x000002e7955e11d0 JavaThread "Finalizer" daemon [_thread_blocked, id=20384, stack(0x000000f4baa00000,0x000000f4bab00000)]
  0x000002e7955f24a0 JavaThread "Signal Dispatcher" daemon [_thread_blocked, id=19576, stack(0x000000f4bab00000,0x000000f4bac00000)]
  0x000002e7955f2d70 JavaThread "Attach Listener" daemon [_thread_blocked, id=20312, stack(0x000000f4bac00000,0x000000f4bad00000)]
  0x000002e7955f3640 JavaThread "Service Thread" daemon [_thread_blocked, id=19960, stack(0x000000f4bad00000,0x000000f4bae00000)]
  0x000002e7955f4f20 JavaThread "Monitor Deflation Thread" daemon [_thread_blocked, id=20132, stack(0x000000f4bae00000,0x000000f4baf00000)]
=>0x000002e7955f6b30 JavaThread "C2 CompilerThread0" daemon [_thread_in_native, id=2596, stack(0x000000f4baf00000,0x000000f4bb000000)]
  0x000002e7955f74f0 JavaThread "C1 CompilerThread0" daemon [_thread_blocked, id=17932, stack(0x000000f4bb000000,0x000000f4bb100000)]
  0x000002e79560e860 JavaThread "Sweeper thread" daemon [_thread_blocked, id=19484, stack(0x000000f4bb100000,0x000000f4bb200000)]
  0x000002e7955d0f00 JavaThread "Common-Cleaner" daemon [_thread_blocked, id=19896, stack(0x000000f4bb200000,0x000000f4bb300000)]
  0x000002e795780a20 JavaThread "C1 CompilerThread1" daemon [_thread_blocked, id=20428, stack(0x000000f4bb300000,0x000000f4bb400000)]
  0x000002e795780f40 JavaThread "C1 CompilerThread2" daemon [_thread_blocked, id=20104, stack(0x000000f4bb400000,0x000000f4bb500000)]
  0x000002e7957ab280 JavaThread "C2 CompilerThread1" daemon [_thread_blocked, id=15348, stack(0x000000f4bb500000,0x000000f4bb600000)]
  0x000002e795819da0 JavaThread "Notification Thread" daemon [_thread_blocked, id=20144, stack(0x000000f4bb600000,0x000000f4bb700000)]
  0x000002e7db1a1ec0 JavaThread "C2 CompilerThread2" daemon [_thread_in_native, id=12964, stack(0x000000f4bb800000,0x000000f4bb900000)]
  0x000002e7dbdc6fe0 JavaThread "C1 CompilerThread3" daemon [_thread_blocked, id=16180, stack(0x000000f4bc100000,0x000000f4bc200000)]
  0x000002e7dce1fde0 JavaThread "Daemon health stats" [_thread_blocked, id=20100, stack(0x000000f4bc200000,0x000000f4bc300000)]
  0x000002e7dda53310 JavaThread "Incoming local TCP Connector on port 1543" [_thread_in_native, id=19836, stack(0x000000f4bc300000,0x000000f4bc400000)]
  0x000002e7dc901b90 JavaThread "Daemon periodic checks" [_thread_blocked, id=13896, stack(0x000000f4bc400000,0x000000f4bc500000)]
  0x000002e7dd41d3f0 JavaThread "Daemon" [_thread_blocked, id=19532, stack(0x000000f4bc500000,0x000000f4bc600000)]
  0x000002e7db9d8bd0 JavaThread "Handler for socket connection from /127.0.0.1:1543 to /127.0.0.1:1544" [_thread_in_native, id=20172, stack(0x000000f4bc600000,0x000000f4bc700000)]
  0x000002e7dc7854d0 JavaThread "Cancel handler" [_thread_blocked, id=20388, stack(0x000000f4bc700000,0x000000f4bc800000)]
  0x000002e7dc7859e0 JavaThread "Daemon worker" [_thread_in_vm, id=19756, stack(0x000000f4bc800000,0x000000f4bc900000)]
  0x000002e7dc787330 JavaThread "Asynchronous log dispatcher for DefaultDaemonConnection: socket connection from /127.0.0.1:1543 to /127.0.0.1:1544" [_thread_blocked, id=3184, stack(0x000000f4bc900000,0x000000f4bca00000)]
  0x000002e7dc785ef0 JavaThread "Stdin handler" [_thread_blocked, id=13148, stack(0x000000f4bca00000,0x000000f4bcb00000)]
  0x000002e7dc786400 JavaThread "Daemon client event forwarder" [_thread_blocked, id=10644, stack(0x000000f4bcb00000,0x000000f4bcc00000)]
  0x000002e7dc786e20 JavaThread "Cache worker for journal cache (C:\Users\Thilina\.gradle\caches\journal-1)" [_thread_blocked, id=18320, stack(0x000000f4bcc00000,0x000000f4bcd00000)]
  0x000002e7dc787840 JavaThread "File lock request listener" [_thread_in_native, id=11172, stack(0x000000f4bcd00000,0x000000f4bce00000)]

Other Threads:
  0x000002e7955da2a0 VMThread "VM Thread" [stack: 0x000000f4ba800000,0x000000f4ba900000] [id=11272]
  0x000002e795822770 WatcherThread [stack: 0x000000f4bb700000,0x000000f4bb800000] [id=20232]
  0x000002e7f1a4de00 GCTaskThread "GC Thread#0" [stack: 0x000000f4ba300000,0x000000f4ba400000] [id=4760]
  0x000002e7dbfb5d40 GCTaskThread "GC Thread#1" [stack: 0x000000f4bb900000,0x000000f4bba00000] [id=5488]
  0x000002e7dbfb6000 GCTaskThread "GC Thread#2" [stack: 0x000000f4bba00000,0x000000f4bbb00000] [id=16900]
  0x000002e7dc2fe000 GCTaskThread "GC Thread#3" [stack: 0x000000f4bbb00000,0x000000f4bbc00000] [id=11716]
  0x000002e7dc2fe2c0 GCTaskThread "GC Thread#4" [stack: 0x000000f4bbc00000,0x000000f4bbd00000] [id=20196]
  0x000002e7db85d6a0 GCTaskThread "GC Thread#5" [stack: 0x000000f4bbd00000,0x000000f4bbe00000] [id=2396]
  0x000002e7dc0fe5d0 GCTaskThread "GC Thread#6" [stack: 0x000000f4bbe00000,0x000000f4bbf00000] [id=16268]
  0x000002e7dbd5a470 GCTaskThread "GC Thread#7" [stack: 0x000000f4bbf00000,0x000000f4bc000000] [id=15408]
  0x000002e7dc0b7970 GCTaskThread "GC Thread#8" [stack: 0x000000f4bc000000,0x000000f4bc100000] [id=16196]
  0x000002e7f1a5ec60 ConcurrentGCThread "G1 Main Marker" [stack: 0x000000f4ba400000,0x000000f4ba500000] [id=2604]
  0x000002e7f1a60250 ConcurrentGCThread "G1 Conc#0" [stack: 0x000000f4ba500000,0x000000f4ba600000] [id=14404]
  0x000002e7ffcef8d0 ConcurrentGCThread "G1 Refine#0" [stack: 0x000000f4ba600000,0x000000f4ba700000] [id=12416]
  0x000002e7ffcf20d0 ConcurrentGCThread "G1 Service" [stack: 0x000000f4ba700000,0x000000f4ba800000] [id=12168]

Threads with active compile tasks:
C2 CompilerThread0     1685 2273       4       jdk.internal.org.objectweb.asm.Frame::execute (2305 bytes)
C2 CompilerThread2     1685 2427   !   4       java.lang.ClassLoader::loadClass (121 bytes)

VM state: not at safepoint (normal execution)

VM Mutex/Monitor currently owned by a thread: None

Heap address: 0x0000000700000000, size: 4096 MB, Compressed Oops mode: Zero based, Oop shift amount: 3

CDS archive(s) mapped at: [0x000002e796000000-0x000002e796bd0000-0x000002e796bd0000), size 12386304, SharedBaseAddress: 0x000002e796000000, ArchiveRelocationMode: 1.
Compressed class space mapped at: 0x000002e797000000-0x000002e7d7000000, reserved size: 1073741824
Narrow klass base: 0x000002e796000000, Narrow klass shift: 0, Narrow klass range: 0x100000000

GC Precious Log:
 CPUs: 16 total, 16 available
 Memory: 24277M
 Large Page Support: Disabled
 NUMA Support: Disabled
 Compressed Oops: Enabled (Zero based)
 Heap Region Size: 2M
 Heap Min Capacity: 8M
 Heap Initial Capacity: 380M
 Heap Max Capacity: 4G
 Pre-touch: Disabled
 Parallel Workers: 13
 Concurrent Workers: 3
 Concurrent Refinement Workers: 13
 Periodic GC: Disabled

Heap:
 garbage-first heap   total 389120K, used 82954K [0x0000000700000000, 0x0000000800000000)
  region size 2048K, 37 young (75776K), 1 survivors (2048K)
 Metaspace       used 14621K, committed 14976K, reserved 1114112K
  class space    used 2020K, committed 2176K, reserved 1048576K

Heap Regions: E=young(eden), S=young(survivor), O=old, HS=humongous(starts), HC=humongous(continues), CS=collection set, F=free, OA=open archive, CA=closed archive, TAMS=top-at-mark-start (previous, next)
|   0|0x0000000700000000, 0x0000000700200000, 0x0000000700200000|100%|HS|  |TAMS 0x0000000700000000, 0x0000000700000000| Complete 
|   1|0x0000000700200000, 0x0000000700400000, 0x0000000700400000|100%|HC|  |TAMS 0x0000000700200000, 0x0000000700200000| Complete 
|   2|0x0000000700400000, 0x0000000700600000, 0x0000000700600000|100%| O|  |TAMS 0x0000000700400000, 0x0000000700400000| Untracked 
|   3|0x0000000700600000, 0x0000000700800000, 0x0000000700800000|100%| O|  |TAMS 0x0000000700600000, 0x0000000700600000| Untracked 
|   4|0x0000000700800000, 0x0000000700a00000, 0x0000000700a00000|100%| O|  |TAMS 0x0000000700800000, 0x0000000700800000| Untracked 
|   5|0x0000000700a00000, 0x0000000700a1a400, 0x0000000700c00000|  5%| O|  |TAMS 0x0000000700a00000, 0x0000000700a00000| Untracked 
|   6|0x0000000700c00000, 0x0000000700c00000, 0x0000000700e00000|  0%| F|  |TAMS 0x0000000700c00000, 0x0000000700c00000| Untracked 
|   7|0x0000000700e00000, 0x0000000700e00000, 0x0000000701000000|  0%| F|  |TAMS 0x0000000700e00000, 0x0000000700e00000| Untracked 
|   8|0x0000000701000000, 0x0000000701000000, 0x0000000701200000|  0%| F|  |TAMS 0x0000000701000000, 0x0000000701000000| Untracked 
|   9|0x0000000701200000, 0x0000000701200000, 0x0000000701400000|  0%| F|  |TAMS 0x0000000701200000, 0x0000000701200000| Untracked 
|  10|0x0000000701400000, 0x0000000701400000, 0x0000000701600000|  0%| F|  |TAMS 0x0000000701400000, 0x0000000701400000| Untracked 
|  11|0x0000000701600000, 0x0000000701600000, 0x0000000701800000|  0%| F|  |TAMS 0x0000000701600000, 0x0000000701600000| Untracked 
|  12|0x0000000701800000, 0x0000000701800000, 0x0000000701a00000|  0%| F|  |TAMS 0x0000000701800000, 0x0000000701800000| Untracked 
|  13|0x0000000701a00000, 0x0000000701a00000, 0x0000000701c00000|  0%| F|  |TAMS 0x0000000701a00000, 0x0000000701a00000| Untracked 
|  14|0x0000000701c00000, 0x0000000701c00000, 0x0000000701e00000|  0%| F|  |TAMS 0x0000000701c00000, 0x0000000701c00000| Untracked 
|  15|0x0000000701e00000, 0x0000000701e00000, 0x0000000702000000|  0%| F|  |TAMS 0x0000000701e00000, 0x0000000701e00000| Untracked 
|  16|0x0000000702000000, 0x0000000702000000, 0x0000000702200000|  0%| F|  |TAMS 0x0000000702000000, 0x0000000702000000| Untracked 
|  17|0x0000000702200000, 0x0000000702200000, 0x0000000702400000|  0%| F|  |TAMS 0x0000000702200000, 0x0000000702200000| Untracked 
|  18|0x0000000702400000, 0x0000000702400000, 0x0000000702600000|  0%| F|  |TAMS 0x0000000702400000, 0x0000000702400000| Untracked 
|  19|0x0000000702600000, 0x0000000702600000, 0x0000000702800000|  0%| F|  |TAMS 0x0000000702600000, 0x0000000702600000| Untracked 
|  20|0x0000000702800000, 0x0000000702800000, 0x0000000702a00000|  0%| F|  |TAMS 0x0000000702800000, 0x0000000702800000| Untracked 
|  21|0x0000000702a00000, 0x0000000702a00000, 0x0000000702c00000|  0%| F|  |TAMS 0x0000000702a00000, 0x0000000702a00000| Untracked 
|  22|0x0000000702c00000, 0x0000000702c00000, 0x0000000702e00000|  0%| F|  |TAMS 0x0000000702c00000, 0x0000000702c00000| Untracked 
|  23|0x0000000702e00000, 0x0000000702e00000, 0x0000000703000000|  0%| F|  |TAMS 0x0000000702e00000, 0x0000000702e00000| Untracked 
|  24|0x0000000703000000, 0x0000000703000000, 0x0000000703200000|  0%| F|  |TAMS 0x0000000703000000, 0x0000000703000000| Untracked 
|  25|0x0000000703200000, 0x0000000703200000, 0x0000000703400000|  0%| F|  |TAMS 0x0000000703200000, 0x0000000703200000| Untracked 
|  26|0x0000000703400000, 0x0000000703400000, 0x0000000703600000|  0%| F|  |TAMS 0x0000000703400000, 0x0000000703400000| Untracked 
|  27|0x0000000703600000, 0x0000000703600000, 0x0000000703800000|  0%| F|  |TAMS 0x0000000703600000, 0x0000000703600000| Untracked 
|  28|0x0000000703800000, 0x0000000703800000, 0x0000000703a00000|  0%| F|  |TAMS 0x0000000703800000, 0x0000000703800000| Untracked 
|  29|0x0000000703a00000, 0x0000000703a00000, 0x0000000703c00000|  0%| F|  |TAMS 0x0000000703a00000, 0x0000000703a00000| Untracked 
|  30|0x0000000703c00000, 0x0000000703c00000, 0x0000000703e00000|  0%| F|  |TAMS 0x0000000703c00000, 0x0000000703c00000| Untracked 
|  31|0x0000000703e00000, 0x0000000703e00000, 0x0000000704000000|  0%| F|  |TAMS 0x0000000703e00000, 0x0000000703e00000| Untracked 
|  32|0x0000000704000000, 0x0000000704000000, 0x0000000704200000|  0%| F|  |TAMS 0x0000000704000000, 0x0000000704000000| Untracked 
|  33|0x0000000704200000, 0x0000000704200000, 0x0000000704400000|  0%| F|  |TAMS 0x0000000704200000, 0x0000000704200000| Untracked 
|  34|0x0000000704400000, 0x0000000704400000, 0x0000000704600000|  0%| F|  |TAMS 0x0000000704400000, 0x0000000704400000| Untracked 
|  35|0x0000000704600000, 0x0000000704600000, 0x0000000704800000|  0%| F|  |TAMS 0x0000000704600000, 0x0000000704600000| Untracked 
|  36|0x0000000704800000, 0x0000000704800000, 0x0000000704a00000|  0%| F|  |TAMS 0x0000000704800000, 0x0000000704800000| Untracked 
|  37|0x0000000704a00000, 0x0000000704a00000, 0x0000000704c00000|  0%| F|  |TAMS 0x0000000704a00000, 0x0000000704a00000| Untracked 
|  38|0x0000000704c00000, 0x0000000704c00000, 0x0000000704e00000|  0%| F|  |TAMS 0x0000000704c00000, 0x0000000704c00000| Untracked 
|  39|0x0000000704e00000, 0x0000000704e00000, 0x0000000705000000|  0%| F|  |TAMS 0x0000000704e00000, 0x0000000704e00000| Untracked 
|  40|0x0000000705000000, 0x0000000705000000, 0x0000000705200000|  0%| F|  |TAMS 0x0000000705000000, 0x0000000705000000| Untracked 
|  41|0x0000000705200000, 0x0000000705200000, 0x0000000705400000|  0%| F|  |TAMS 0x0000000705200000, 0x0000000705200000| Untracked 
|  42|0x0000000705400000, 0x0000000705400000, 0x0000000705600000|  0%| F|  |TAMS 0x0000000705400000, 0x0000000705400000| Untracked 
|  43|0x0000000705600000, 0x0000000705600000, 0x0000000705800000|  0%| F|  |TAMS 0x0000000705600000, 0x0000000705600000| Untracked 
|  44|0x0000000705800000, 0x0000000705800000, 0x0000000705a00000|  0%| F|  |TAMS 0x0000000705800000, 0x0000000705800000| Untracked 
|  45|0x0000000705a00000, 0x0000000705a00000, 0x0000000705c00000|  0%| F|  |TAMS 0x0000000705a00000, 0x0000000705a00000| Untracked 
|  46|0x0000000705c00000, 0x0000000705c00000, 0x0000000705e00000|  0%| F|  |TAMS 0x0000000705c00000, 0x0000000705c00000| Untracked 
|  47|0x0000000705e00000, 0x0000000705e00000, 0x0000000706000000|  0%| F|  |TAMS 0x0000000705e00000, 0x0000000705e00000| Untracked 
|  48|0x0000000706000000, 0x0000000706000000, 0x0000000706200000|  0%| F|  |TAMS 0x0000000706000000, 0x0000000706000000| Untracked 
|  49|0x0000000706200000, 0x0000000706200000, 0x0000000706400000|  0%| F|  |TAMS 0x0000000706200000, 0x0000000706200000| Untracked 
|  50|0x0000000706400000, 0x0000000706400000, 0x0000000706600000|  0%| F|  |TAMS 0x0000000706400000, 0x0000000706400000| Untracked 
|  51|0x0000000706600000, 0x0000000706600000, 0x0000000706800000|  0%| F|  |TAMS 0x0000000706600000, 0x0000000706600000| Untracked 
|  52|0x0000000706800000, 0x0000000706800000, 0x0000000706a00000|  0%| F|  |TAMS 0x0000000706800000, 0x0000000706800000| Untracked 
|  53|0x0000000706a00000, 0x0000000706a00000, 0x0000000706c00000|  0%| F|  |TAMS 0x0000000706a00000, 0x0000000706a00000| Untracked 
|  54|0x0000000706c00000, 0x0000000706c00000, 0x0000000706e00000|  0%| F|  |TAMS 0x0000000706c00000, 0x0000000706c00000| Untracked 
|  55|0x0000000706e00000, 0x0000000706e00000, 0x0000000707000000|  0%| F|  |TAMS 0x0000000706e00000, 0x0000000706e00000| Untracked 
|  56|0x0000000707000000, 0x0000000707000000, 0x0000000707200000|  0%| F|  |TAMS 0x0000000707000000, 0x0000000707000000| Untracked 
|  57|0x0000000707200000, 0x0000000707200000, 0x0000000707400000|  0%| F|  |TAMS 0x0000000707200000, 0x0000000707200000| Untracked 
|  58|0x0000000707400000, 0x0000000707400000, 0x0000000707600000|  0%| F|  |TAMS 0x0000000707400000, 0x0000000707400000| Untracked 
|  59|0x0000000707600000, 0x0000000707600000, 0x0000000707800000|  0%| F|  |TAMS 0x0000000707600000, 0x0000000707600000| Untracked 
|  60|0x0000000707800000, 0x0000000707800000, 0x0000000707a00000|  0%| F|  |TAMS 0x0000000707800000, 0x0000000707800000| Untracked 
|  61|0x0000000707a00000, 0x0000000707a00000, 0x0000000707c00000|  0%| F|  |TAMS 0x0000000707a00000, 0x0000000707a00000| Untracked 
|  62|0x0000000707c00000, 0x0000000707c00000, 0x0000000707e00000|  0%| F|  |TAMS 0x0000000707c00000, 0x0000000707c00000| Untracked 
|  63|0x0000000707e00000, 0x0000000707e00000, 0x0000000708000000|  0%| F|  |TAMS 0x0000000707e00000, 0x0000000707e00000| Untracked 
|  64|0x0000000708000000, 0x0000000708000000, 0x0000000708200000|  0%| F|  |TAMS 0x0000000708000000, 0x0000000708000000| Untracked 
|  65|0x0000000708200000, 0x0000000708200000, 0x0000000708400000|  0%| F|  |TAMS 0x0000000708200000, 0x0000000708200000| Untracked 
|  66|0x0000000708400000, 0x0000000708400000, 0x0000000708600000|  0%| F|  |TAMS 0x0000000708400000, 0x0000000708400000| Untracked 
|  67|0x0000000708600000, 0x0000000708600000, 0x0000000708800000|  0%| F|  |TAMS 0x0000000708600000, 0x0000000708600000| Untracked 
|  68|0x0000000708800000, 0x0000000708800000, 0x0000000708a00000|  0%| F|  |TAMS 0x0000000708800000, 0x0000000708800000| Untracked 
|  69|0x0000000708a00000, 0x0000000708a00000, 0x0000000708c00000|  0%| F|  |TAMS 0x0000000708a00000, 0x0000000708a00000| Untracked 
|  70|0x0000000708c00000, 0x0000000708c00000, 0x0000000708e00000|  0%| F|  |TAMS 0x0000000708c00000, 0x0000000708c00000| Untracked 
|  71|0x0000000708e00000, 0x0000000708e00000, 0x0000000709000000|  0%| F|  |TAMS 0x0000000708e00000, 0x0000000708e00000| Untracked 
|  72|0x0000000709000000, 0x0000000709000000, 0x0000000709200000|  0%| F|  |TAMS 0x0000000709000000, 0x0000000709000000| Untracked 
|  73|0x0000000709200000, 0x0000000709200000, 0x0000000709400000|  0%| F|  |TAMS 0x0000000709200000, 0x0000000709200000| Untracked 
|  74|0x0000000709400000, 0x0000000709400000, 0x0000000709600000|  0%| F|  |TAMS 0x0000000709400000, 0x0000000709400000| Untracked 
|  75|0x0000000709600000, 0x0000000709600000, 0x0000000709800000|  0%| F|  |TAMS 0x0000000709600000, 0x0000000709600000| Untracked 
|  76|0x0000000709800000, 0x0000000709800000, 0x0000000709a00000|  0%| F|  |TAMS 0x0000000709800000, 0x0000000709800000| Untracked 
|  77|0x0000000709a00000, 0x0000000709a00000, 0x0000000709c00000|  0%| F|  |TAMS 0x0000000709a00000, 0x0000000709a00000| Untracked 
|  78|0x0000000709c00000, 0x0000000709c00000, 0x0000000709e00000|  0%| F|  |TAMS 0x0000000709c00000, 0x0000000709c00000| Untracked 
|  79|0x0000000709e00000, 0x0000000709e00000, 0x000000070a000000|  0%| F|  |TAMS 0x0000000709e00000, 0x0000000709e00000| Untracked 
|  80|0x000000070a000000, 0x000000070a000000, 0x000000070a200000|  0%| F|  |TAMS 0x000000070a000000, 0x000000070a000000| Untracked 
|  81|0x000000070a200000, 0x000000070a200000, 0x000000070a400000|  0%| F|  |TAMS 0x000000070a200000, 0x000000070a200000| Untracked 
|  82|0x000000070a400000, 0x000000070a400000, 0x000000070a600000|  0%| F|  |TAMS 0x000000070a400000, 0x000000070a400000| Untracked 
|  83|0x000000070a600000, 0x000000070a600000, 0x000000070a800000|  0%| F|  |TAMS 0x000000070a600000, 0x000000070a600000| Untracked 
|  84|0x000000070a800000, 0x000000070a800000, 0x000000070aa00000|  0%| F|  |TAMS 0x000000070a800000, 0x000000070a800000| Untracked 
|  85|0x000000070aa00000, 0x000000070aa00000, 0x000000070ac00000|  0%| F|  |TAMS 0x000000070aa00000, 0x000000070aa00000| Untracked 
|  86|0x000000070ac00000, 0x000000070ac00000, 0x000000070ae00000|  0%| F|  |TAMS 0x000000070ac00000, 0x000000070ac00000| Untracked 
|  87|0x000000070ae00000, 0x000000070ae00000, 0x000000070b000000|  0%| F|  |TAMS 0x000000070ae00000, 0x000000070ae00000| Untracked 
|  88|0x000000070b000000, 0x000000070b000000, 0x000000070b200000|  0%| F|  |TAMS 0x000000070b000000, 0x000000070b000000| Untracked 
|  89|0x000000070b200000, 0x000000070b200000, 0x000000070b400000|  0%| F|  |TAMS 0x000000070b200000, 0x000000070b200000| Untracked 
|  90|0x000000070b400000, 0x000000070b400000, 0x000000070b600000|  0%| F|  |TAMS 0x000000070b400000, 0x000000070b400000| Untracked 
|  91|0x000000070b600000, 0x000000070b600000, 0x000000070b800000|  0%| F|  |TAMS 0x000000070b600000, 0x000000070b600000| Untracked 
|  92|0x000000070b800000, 0x000000070b800000, 0x000000070ba00000|  0%| F|  |TAMS 0x000000070b800000, 0x000000070b800000| Untracked 
|  93|0x000000070ba00000, 0x000000070ba00000, 0x000000070bc00000|  0%| F|  |TAMS 0x000000070ba00000, 0x000000070ba00000| Untracked 
|  94|0x000000070bc00000, 0x000000070bc00000, 0x000000070be00000|  0%| F|  |TAMS 0x000000070bc00000, 0x000000070bc00000| Untracked 
|  95|0x000000070be00000, 0x000000070be00000, 0x000000070c000000|  0%| F|  |TAMS 0x000000070be00000, 0x000000070be00000| Untracked 
|  96|0x000000070c000000, 0x000000070c000000, 0x000000070c200000|  0%| F|  |TAMS 0x000000070c000000, 0x000000070c000000| Untracked 
|  97|0x000000070c200000, 0x000000070c200000, 0x000000070c400000|  0%| F|  |TAMS 0x000000070c200000, 0x000000070c200000| Untracked 
|  98|0x000000070c400000, 0x000000070c400000, 0x000000070c600000|  0%| F|  |TAMS 0x000000070c400000, 0x000000070c400000| Untracked 
|  99|0x000000070c600000, 0x000000070c600000, 0x000000070c800000|  0%| F|  |TAMS 0x000000070c600000, 0x000000070c600000| Untracked 
| 100|0x000000070c800000, 0x000000070c800000, 0x000000070ca00000|  0%| F|  |TAMS 0x000000070c800000, 0x000000070c800000| Untracked 
| 101|0x000000070ca00000, 0x000000070ca00000, 0x000000070cc00000|  0%| F|  |TAMS 0x000000070ca00000, 0x000000070ca00000| Untracked 
| 102|0x000000070cc00000, 0x000000070cc00000, 0x000000070ce00000|  0%| F|  |TAMS 0x000000070cc00000, 0x000000070cc00000| Untracked 
| 103|0x000000070ce00000, 0x000000070ce00000, 0x000000070d000000|  0%| F|  |TAMS 0x000000070ce00000, 0x000000070ce00000| Untracked 
| 104|0x000000070d000000, 0x000000070d000000, 0x000000070d200000|  0%| F|  |TAMS 0x000000070d000000, 0x000000070d000000| Untracked 
| 105|0x000000070d200000, 0x000000070d200000, 0x000000070d400000|  0%| F|  |TAMS 0x000000070d200000, 0x000000070d200000| Untracked 
| 106|0x000000070d400000, 0x000000070d400000, 0x000000070d600000|  0%| F|  |TAMS 0x000000070d400000, 0x000000070d400000| Untracked 
| 107|0x000000070d600000, 0x000000070d600000, 0x000000070d800000|  0%| F|  |TAMS 0x000000070d600000, 0x000000070d600000| Untracked 
| 108|0x000000070d800000, 0x000000070d800000, 0x000000070da00000|  0%| F|  |TAMS 0x000000070d800000, 0x000000070d800000| Untracked 
| 109|0x000000070da00000, 0x000000070da00000, 0x000000070dc00000|  0%| F|  |TAMS 0x000000070da00000, 0x000000070da00000| Untracked 
| 110|0x000000070dc00000, 0x000000070dc00000, 0x000000070de00000|  0%| F|  |TAMS 0x000000070dc00000, 0x000000070dc00000| Untracked 
| 111|0x000000070de00000, 0x000000070de00000, 0x000000070e000000|  0%| F|  |TAMS 0x000000070de00000, 0x000000070de00000| Untracked 
| 112|0x000000070e000000, 0x000000070e000000, 0x000000070e200000|  0%| F|  |TAMS 0x000000070e000000, 0x000000070e000000| Untracked 
| 113|0x000000070e200000, 0x000000070e200000, 0x000000070e400000|  0%| F|  |TAMS 0x000000070e200000, 0x000000070e200000| Untracked 
| 114|0x000000070e400000, 0x000000070e400000, 0x000000070e600000|  0%| F|  |TAMS 0x000000070e400000, 0x000000070e400000| Untracked 
| 115|0x000000070e600000, 0x000000070e600000, 0x000000070e800000|  0%| F|  |TAMS 0x000000070e600000, 0x000000070e600000| Untracked 
| 116|0x000000070e800000, 0x000000070e800000, 0x000000070ea00000|  0%| F|  |TAMS 0x000000070e800000, 0x000000070e800000| Untracked 
| 117|0x000000070ea00000, 0x000000070ea00000, 0x000000070ec00000|  0%| F|  |TAMS 0x000000070ea00000, 0x000000070ea00000| Untracked 
| 118|0x000000070ec00000, 0x000000070ec00000, 0x000000070ee00000|  0%| F|  |TAMS 0x000000070ec00000, 0x000000070ec00000| Untracked 
| 119|0x000000070ee00000, 0x000000070ee00000, 0x000000070f000000|  0%| F|  |TAMS 0x000000070ee00000, 0x000000070ee00000| Untracked 
| 120|0x000000070f000000, 0x000000070f000000, 0x000000070f200000|  0%| F|  |TAMS 0x000000070f000000, 0x000000070f000000| Untracked 
| 121|0x000000070f200000, 0x000000070f200000, 0x000000070f400000|  0%| F|  |TAMS 0x000000070f200000, 0x000000070f200000| Untracked 
| 122|0x000000070f400000, 0x000000070f400000, 0x000000070f600000|  0%| F|  |TAMS 0x000000070f400000, 0x000000070f400000| Untracked 
| 123|0x000000070f600000, 0x000000070f600000, 0x000000070f800000|  0%| F|  |TAMS 0x000000070f600000, 0x000000070f600000| Untracked 
| 124|0x000000070f800000, 0x000000070f800000, 0x000000070fa00000|  0%| F|  |TAMS 0x000000070f800000, 0x000000070f800000| Untracked 
| 125|0x000000070fa00000, 0x000000070fa00000, 0x000000070fc00000|  0%| F|  |TAMS 0x000000070fa00000, 0x000000070fa00000| Untracked 
| 126|0x000000070fc00000, 0x000000070fc00000, 0x000000070fe00000|  0%| F|  |TAMS 0x000000070fc00000, 0x000000070fc00000| Untracked 
| 127|0x000000070fe00000, 0x000000070fe00000, 0x0000000710000000|  0%| F|  |TAMS 0x000000070fe00000, 0x000000070fe00000| Untracked 
| 128|0x0000000710000000, 0x0000000710000000, 0x0000000710200000|  0%| F|  |TAMS 0x0000000710000000, 0x0000000710000000| Untracked 
| 129|0x0000000710200000, 0x0000000710200000, 0x0000000710400000|  0%| F|  |TAMS 0x0000000710200000, 0x0000000710200000| Untracked 
| 130|0x0000000710400000, 0x0000000710400000, 0x0000000710600000|  0%| F|  |TAMS 0x0000000710400000, 0x0000000710400000| Untracked 
| 131|0x0000000710600000, 0x0000000710600000, 0x0000000710800000|  0%| F|  |TAMS 0x0000000710600000, 0x0000000710600000| Untracked 
| 132|0x0000000710800000, 0x0000000710800000, 0x0000000710a00000|  0%| F|  |TAMS 0x0000000710800000, 0x0000000710800000| Untracked 
| 133|0x0000000710a00000, 0x0000000710a00000, 0x0000000710c00000|  0%| F|  |TAMS 0x0000000710a00000, 0x0000000710a00000| Untracked 
| 134|0x0000000710c00000, 0x0000000710c00000, 0x0000000710e00000|  0%| F|  |TAMS 0x0000000710c00000, 0x0000000710c00000| Untracked 
| 135|0x0000000710e00000, 0x0000000710e00000, 0x0000000711000000|  0%| F|  |TAMS 0x0000000710e00000, 0x0000000710e00000| Untracked 
| 136|0x0000000711000000, 0x0000000711000000, 0x0000000711200000|  0%| F|  |TAMS 0x0000000711000000, 0x0000000711000000| Untracked 
| 137|0x0000000711200000, 0x0000000711200000, 0x0000000711400000|  0%| F|  |TAMS 0x0000000711200000, 0x0000000711200000| Untracked 
| 138|0x0000000711400000, 0x0000000711400000, 0x0000000711600000|  0%| F|  |TAMS 0x0000000711400000, 0x0000000711400000| Untracked 
| 139|0x0000000711600000, 0x0000000711600000, 0x0000000711800000|  0%| F|  |TAMS 0x0000000711600000, 0x0000000711600000| Untracked 
| 140|0x0000000711800000, 0x0000000711800000, 0x0000000711a00000|  0%| F|  |TAMS 0x0000000711800000, 0x0000000711800000| Untracked 
| 141|0x0000000711a00000, 0x0000000711a00000, 0x0000000711c00000|  0%| F|  |TAMS 0x0000000711a00000, 0x0000000711a00000| Untracked 
| 142|0x0000000711c00000, 0x0000000711c00000, 0x0000000711e00000|  0%| F|  |TAMS 0x0000000711c00000, 0x0000000711c00000| Untracked 
| 143|0x0000000711e00000, 0x0000000711e00000, 0x0000000712000000|  0%| F|  |TAMS 0x0000000711e00000, 0x0000000711e00000| Untracked 
| 144|0x0000000712000000, 0x0000000712000000, 0x0000000712200000|  0%| F|  |TAMS 0x0000000712000000, 0x0000000712000000| Untracked 
| 145|0x0000000712200000, 0x0000000712200000, 0x0000000712400000|  0%| F|  |TAMS 0x0000000712200000, 0x0000000712200000| Untracked 
| 146|0x0000000712400000, 0x0000000712400000, 0x0000000712600000|  0%| F|  |TAMS 0x0000000712400000, 0x0000000712400000| Untracked 
| 147|0x0000000712600000, 0x0000000712600000, 0x0000000712800000|  0%| F|  |TAMS 0x0000000712600000, 0x0000000712600000| Untracked 
| 148|0x0000000712800000, 0x0000000712800000, 0x0000000712a00000|  0%| F|  |TAMS 0x0000000712800000, 0x0000000712800000| Untracked 
| 149|0x0000000712a00000, 0x0000000712a00000, 0x0000000712c00000|  0%| F|  |TAMS 0x0000000712a00000, 0x0000000712a00000| Untracked 
| 150|0x0000000712c00000, 0x0000000712c00000, 0x0000000712e00000|  0%| F|  |TAMS 0x0000000712c00000, 0x0000000712c00000| Untracked 
| 151|0x0000000712e00000, 0x0000000712e00000, 0x0000000713000000|  0%| F|  |TAMS 0x0000000712e00000, 0x0000000712e00000| Untracked 
| 152|0x0000000713000000, 0x0000000713000000, 0x0000000713200000|  0%| F|  |TAMS 0x0000000713000000, 0x0000000713000000| Untracked 
| 153|0x0000000713200000, 0x0000000713302130, 0x0000000713400000| 50%| E|  |TAMS 0x0000000713200000, 0x0000000713200000| Complete 
| 154|0x0000000713400000, 0x0000000713600000, 0x0000000713600000|100%| E|CS|TAMS 0x0000000713400000, 0x0000000713400000| Complete 
| 155|0x0000000713600000, 0x0000000713800000, 0x0000000713800000|100%| E|CS|TAMS 0x0000000713600000, 0x0000000713600000| Complete 
| 156|0x0000000713800000, 0x0000000713a00000, 0x0000000713a00000|100%| E|CS|TAMS 0x0000000713800000, 0x0000000713800000| Complete 
| 157|0x0000000713a00000, 0x0000000713c00000, 0x0000000713c00000|100%| E|CS|TAMS 0x0000000713a00000, 0x0000000713a00000| Complete 
| 158|0x0000000713c00000, 0x0000000713e00000, 0x0000000713e00000|100%| E|CS|TAMS 0x0000000713c00000, 0x0000000713c00000| Complete 
| 159|0x0000000713e00000, 0x0000000714000000, 0x0000000714000000|100%| E|CS|TAMS 0x0000000713e00000, 0x0000000713e00000| Complete 
| 160|0x0000000714000000, 0x0000000714200000, 0x0000000714200000|100%| E|CS|TAMS 0x0000000714000000, 0x0000000714000000| Complete 
| 161|0x0000000714200000, 0x0000000714400000, 0x0000000714400000|100%| E|CS|TAMS 0x0000000714200000, 0x0000000714200000| Complete 
| 162|0x0000000714400000, 0x0000000714600000, 0x0000000714600000|100%| E|CS|TAMS 0x0000000714400000, 0x0000000714400000| Complete 
| 163|0x0000000714600000, 0x0000000714800000, 0x0000000714800000|100%| E|CS|TAMS 0x0000000714600000, 0x0000000714600000| Complete 
| 164|0x0000000714800000, 0x0000000714a00000, 0x0000000714a00000|100%| E|CS|TAMS 0x0000000714800000, 0x0000000714800000| Complete 
| 165|0x0000000714a00000, 0x0000000714c00000, 0x0000000714c00000|100%| E|CS|TAMS 0x0000000714a00000, 0x0000000714a00000| Complete 
| 166|0x0000000714c00000, 0x0000000714e00000, 0x0000000714e00000|100%| E|CS|TAMS 0x0000000714c00000, 0x0000000714c00000| Complete 
| 167|0x0000000714e00000, 0x0000000715000000, 0x0000000715000000|100%| E|CS|TAMS 0x0000000714e00000, 0x0000000714e00000| Complete 
| 168|0x0000000715000000, 0x0000000715200000, 0x0000000715200000|100%| E|CS|TAMS 0x0000000715000000, 0x0000000715000000| Complete 
| 169|0x0000000715200000, 0x0000000715400000, 0x0000000715400000|100%| E|CS|TAMS 0x0000000715200000, 0x0000000715200000| Complete 
| 170|0x0000000715400000, 0x0000000715600000, 0x0000000715600000|100%| E|CS|TAMS 0x0000000715400000, 0x0000000715400000| Complete 
| 171|0x0000000715600000, 0x0000000715800000, 0x0000000715800000|100%| E|CS|TAMS 0x0000000715600000, 0x0000000715600000| Complete 
| 172|0x0000000715800000, 0x0000000715a00000, 0x0000000715a00000|100%| E|CS|TAMS 0x0000000715800000, 0x0000000715800000| Complete 
| 173|0x0000000715a00000, 0x0000000715c00000, 0x0000000715c00000|100%| E|CS|TAMS 0x0000000715a00000, 0x0000000715a00000| Complete 
| 174|0x0000000715c00000, 0x0000000715ce8470, 0x0000000715e00000| 45%| S|CS|TAMS 0x0000000715c00000, 0x0000000715c00000| Complete 
| 175|0x0000000715e00000, 0x0000000716000000, 0x0000000716000000|100%| E|CS|TAMS 0x0000000715e00000, 0x0000000715e00000| Complete 
| 176|0x0000000716000000, 0x0000000716200000, 0x0000000716200000|100%| E|CS|TAMS 0x0000000716000000, 0x0000000716000000| Complete 
| 177|0x0000000716200000, 0x0000000716400000, 0x0000000716400000|100%| E|CS|TAMS 0x0000000716200000, 0x0000000716200000| Complete 
| 178|0x0000000716400000, 0x0000000716600000, 0x0000000716600000|100%| E|CS|TAMS 0x0000000716400000, 0x0000000716400000| Complete 
| 179|0x0000000716600000, 0x0000000716800000, 0x0000000716800000|100%| E|CS|TAMS 0x0000000716600000, 0x0000000716600000| Complete 
| 180|0x0000000716800000, 0x0000000716a00000, 0x0000000716a00000|100%| E|CS|TAMS 0x0000000716800000, 0x0000000716800000| Complete 
| 181|0x0000000716a00000, 0x0000000716c00000, 0x0000000716c00000|100%| E|CS|TAMS 0x0000000716a00000, 0x0000000716a00000| Complete 
| 182|0x0000000716c00000, 0x0000000716e00000, 0x0000000716e00000|100%| E|CS|TAMS 0x0000000716c00000, 0x0000000716c00000| Complete 
| 183|0x0000000716e00000, 0x0000000717000000, 0x0000000717000000|100%| E|CS|TAMS 0x0000000716e00000, 0x0000000716e00000| Complete 
| 184|0x0000000717000000, 0x0000000717200000, 0x0000000717200000|100%| E|CS|TAMS 0x0000000717000000, 0x0000000717000000| Complete 
| 185|0x0000000717200000, 0x0000000717400000, 0x0000000717400000|100%| E|CS|TAMS 0x0000000717200000, 0x0000000717200000| Complete 
| 186|0x0000000717400000, 0x0000000717600000, 0x0000000717600000|100%| E|CS|TAMS 0x0000000717400000, 0x0000000717400000| Complete 
| 187|0x0000000717600000, 0x0000000717800000, 0x0000000717800000|100%| E|CS|TAMS 0x0000000717600000, 0x0000000717600000| Complete 
| 188|0x0000000717800000, 0x0000000717a00000, 0x0000000717a00000|100%| E|CS|TAMS 0x0000000717800000, 0x0000000717800000| Complete 
| 189|0x0000000717a00000, 0x0000000717c00000, 0x0000000717c00000|100%| E|CS|TAMS 0x0000000717a00000, 0x0000000717a00000| Complete 

Card table byte_map: [0x000002e7fa550000,0x000002e7fad50000] _byte_map_base: 0x000002e7f6d50000

Marking Bits (Prev, Next): (CMBitMap*) 0x000002e7f1a4e330, (CMBitMap*) 0x000002e7f1a4e370
 Prev Bits: [0x000002e7fb550000, 0x000002e7ff550000)
 Next Bits: [0x000002e78f000000, 0x000002e793000000)

Polling page: 0x000002e7ef910000

Metaspace:

Usage:
  Non-class:     12.35 MB used.
      Class:      1.99 MB used.
       Both:     14.34 MB used.

Virtual space:
  Non-class space:       64.00 MB reserved,      12.50 MB ( 20%) committed,  1 nodes.
      Class space:        1.00 GB reserved,       2.12 MB ( <1%) committed,  1 nodes.
             Both:        1.06 GB reserved,      14.62 MB (  1%) committed. 

Chunk freelists:
   Non-Class:  3.14 MB
       Class:  13.91 MB
        Both:  17.03 MB

MaxMetaspaceSize: 2.00 GB
CompressedClassSpaceSize: 1.00 GB
Initial GC threshold: 21.00 MB
Current GC threshold: 21.00 MB
CDS: on
MetaspaceReclaimPolicy: balanced
 - commit_granule_bytes: 65536.
 - commit_granule_words: 8192.
 - virtual_space_node_default_size: 8388608.
 - enlarge_chunks_in_place: 1.
 - new_chunks_are_fully_committed: 0.
 - uncommit_free_chunks: 1.
 - use_allocation_guard: 0.
 - handle_deallocations: 1.


Internal statistics:

num_allocs_failed_limit: 0.
num_arena_births: 212.
num_arena_deaths: 0.
num_vsnodes_births: 2.
num_vsnodes_deaths: 0.
num_space_committed: 234.
num_space_uncommitted: 0.
num_chunks_returned_to_freelist: 0.
num_chunks_taken_from_freelist: 658.
num_chunk_merges: 0.
num_chunk_splits: 435.
num_chunks_enlarged: 328.
num_inconsistent_stats: 0.

CodeHeap 'non-profiled nmethods': size=119168Kb used=1150Kb max_used=1150Kb free=118017Kb
 bounds [0x000002e787ba0000, 0x000002e787e10000, 0x000002e78f000000]
CodeHeap 'profiled nmethods': size=119104Kb used=5119Kb max_used=5119Kb free=113984Kb
 bounds [0x000002e780000000, 0x000002e780500000, 0x000002e787450000]
CodeHeap 'non-nmethods': size=7488Kb used=2923Kb max_used=2952Kb free=4564Kb
 bounds [0x000002e787450000, 0x000002e787740000, 0x000002e787ba0000]
 total_blobs=2953 nmethods=2425 adapters=437
 compilation: enabled
              stopped_count=0, restarted_count=0
 full_count=0

Compilation events (20 events):
Event: 1.632 Thread 0x000002e7dbdc6fe0 2404       3       java.util.TreeMap::setColor (10 bytes)
Event: 1.632 Thread 0x000002e7955f74f0 nmethod 2402 0x000002e7804e6010 code [0x000002e7804e61c0, 0x000002e7804e63e8]
Event: 1.632 Thread 0x000002e7955f74f0 2403       3       java.util.TreeMap::leftOf (13 bytes)
Event: 1.632 Thread 0x000002e7dbdc6fe0 nmethod 2404 0x000002e7804e6490 code [0x000002e7804e6620, 0x000002e7804e6758]
Event: 1.632 Thread 0x000002e795780a20 nmethod 2388 0x000002e7804e6810 code [0x000002e7804e6b00, 0x000002e7804e7c18]
Event: 1.632 Thread 0x000002e7955f74f0 nmethod 2403 0x000002e7804e8190 code [0x000002e7804e8320, 0x000002e7804e8498]
Event: 1.632 Thread 0x000002e7955f74f0 2405       3       java.util.regex.Pattern$BmpCharPropertyGreedy::match (89 bytes)
Event: 1.632 Thread 0x000002e7955f74f0 nmethod 2405 0x000002e7804e8590 code [0x000002e7804e8780, 0x000002e7804e8de8]
Event: 1.632 Thread 0x000002e795780f40 nmethod 2401 0x000002e7804e9010 code [0x000002e7804e93c0, 0x000002e7804eab48]
Event: 1.633 Thread 0x000002e7db1a1ec0 nmethod 2385% 0x000002e787cbe890 code [0x000002e787cbea20, 0x000002e787cbec38]
Event: 1.644 Thread 0x000002e7955f74f0 2406       1       jdk.internal.reflect.DelegatingMethodAccessorImpl::setDelegate (6 bytes)
Event: 1.644 Thread 0x000002e795780f40 2407       1       java.lang.reflect.Method::getMethodAccessor (5 bytes)
Event: 1.644 Thread 0x000002e795780a20 2408       3       jdk.internal.reflect.MethodAccessorImpl::<init> (5 bytes)
Event: 1.644 Thread 0x000002e7dbdc6fe0 2410       3       java.lang.reflect.Method::setMethodAccessor (21 bytes)
Event: 1.644 Thread 0x000002e795780f40 nmethod 2407 0x000002e787cbed90 code [0x000002e787cbef20, 0x000002e787cbeff8]
Event: 1.644 Thread 0x000002e7955f74f0 nmethod 2406 0x000002e787cbf090 code [0x000002e787cbf220, 0x000002e787cbf338]
Event: 1.644 Thread 0x000002e795780f40 2409       1       jdk.internal.reflect.NativeMethodAccessorImpl::setParent (6 bytes)
Event: 1.645 Thread 0x000002e795780a20 nmethod 2408 0x000002e7804eb310 code [0x000002e7804eb4c0, 0x000002e7804eb678]
Event: 1.645 Thread 0x000002e795780f40 nmethod 2409 0x000002e787cbf390 code [0x000002e787cbf520, 0x000002e787cbf638]
Event: 1.645 Thread 0x000002e7dbdc6fe0 nmethod 2410 0x000002e7804eb790 code [0x000002e7804eb940, 0x000002e7804ebc48]

GC Heap History (4 events):
Event: 0.421 GC heap before
{Heap before GC invocations=0 (full 0):
 garbage-first heap   total 389120K, used 24576K [0x0000000700000000, 0x0000000800000000)
  region size 2048K, 11 young (22528K), 0 survivors (0K)
 Metaspace       used 2762K, committed 2944K, reserved 1114112K
  class space    used 332K, committed 384K, reserved 1048576K
}
Event: 0.426 GC heap after
{Heap after GC invocations=1 (full 0):
 garbage-first heap   total 389120K, used 10275K [0x0000000700000000, 0x0000000800000000)
  region size 2048K, 2 young (4096K), 2 survivors (4096K)
 Metaspace       used 2762K, committed 2944K, reserved 1114112K
  class space    used 332K, committed 384K, reserved 1048576K
}
Event: 0.688 GC heap before
{Heap before GC invocations=1 (full 0):
 garbage-first heap   total 389120K, used 36899K [0x0000000700000000, 0x0000000800000000)
  region size 2048K, 15 young (30720K), 2 survivors (4096K)
 Metaspace       used 4069K, committed 4224K, reserved 1114112K
  class space    used 492K, committed 576K, reserved 1048576K
}
Event: 0.690 GC heap after
{Heap after GC invocations=2 (full 0):
 garbage-first heap   total 389120K, used 11274K [0x0000000700000000, 0x0000000800000000)
  region size 2048K, 1 young (2048K), 1 survivors (2048K)
 Metaspace       used 4069K, committed 4224K, reserved 1114112K
  class space    used 492K, committed 576K, reserved 1048576K
}

Dll operation events (14 events):
Event: 0.010 Loaded shared library C:\Users\Thilina\AppData\Local\Programs\Eclipse Adoptium\jdk-17.0.8.101-hotspot\bin\java.dll
Event: 0.022 Loaded shared library C:\Users\Thilina\AppData\Local\Programs\Eclipse Adoptium\jdk-17.0.8.101-hotspot\bin\jsvml.dll
Event: 0.054 Loaded shared library C:\Users\Thilina\AppData\Local\Programs\Eclipse Adoptium\jdk-17.0.8.101-hotspot\bin\zip.dll
Event: 0.057 Loaded shared library C:\Users\Thilina\AppData\Local\Programs\Eclipse Adoptium\jdk-17.0.8.101-hotspot\bin\instrument.dll
Event: 0.062 Loaded shared library C:\Users\Thilina\AppData\Local\Programs\Eclipse Adoptium\jdk-17.0.8.101-hotspot\bin\net.dll
Event: 0.065 Loaded shared library C:\Users\Thilina\AppData\Local\Programs\Eclipse Adoptium\jdk-17.0.8.101-hotspot\bin\nio.dll
Event: 0.068 Loaded shared library C:\Users\Thilina\AppData\Local\Programs\Eclipse Adoptium\jdk-17.0.8.101-hotspot\bin\zip.dll
Event: 0.212 Loaded shared library C:\Users\Thilina\AppData\Local\Programs\Eclipse Adoptium\jdk-17.0.8.101-hotspot\bin\jimage.dll
Event: 0.264 Loaded shared library C:\Users\Thilina\AppData\Local\Programs\Eclipse Adoptium\jdk-17.0.8.101-hotspot\bin\verify.dll
Event: 0.369 Loaded shared library C:\Users\Thilina\.gradle\native\68d5fa5c4cc2d200863cafc0d521ce42e7d3e7ee720ec0a83991735586a16f82\windows-amd64\native-platform.dll
Event: 0.384 Loaded shared library C:\Users\Thilina\.gradle\native\e376f236ea51e6404a007f0833ffe2c6e607c4080706a723a18a27aeea778392\windows-amd64\native-platform-file-events.dll
Event: 0.876 Loaded shared library C:\Users\Thilina\AppData\Local\Programs\Eclipse Adoptium\jdk-17.0.8.101-hotspot\bin\management.dll
Event: 0.882 Loaded shared library C:\Users\Thilina\AppData\Local\Programs\Eclipse Adoptium\jdk-17.0.8.101-hotspot\bin\management_ext.dll
Event: 1.287 Loaded shared library C:\Users\Thilina\AppData\Local\Programs\Eclipse Adoptium\jdk-17.0.8.101-hotspot\bin\sunmscapi.dll

Deoptimization events (20 events):
Event: 1.361 Thread 0x000002e7dc7859e0 Uncommon trap: trap_request=0xffffff45 fr.pc=0x000002e787c80308 relative=0x00000000000015a8
Event: 1.361 Thread 0x000002e7dc7859e0 Uncommon trap: reason=unstable_if action=reinterpret pc=0x000002e787c80308 method=java.util.concurrent.ConcurrentHashMap.transfer([Ljava/util/concurrent/ConcurrentHashMap$Node;[Ljava/util/concurrent/ConcurrentHashMap$Node;)V @ 26 c2
Event: 1.361 Thread 0x000002e7dc7859e0 DEOPT PACKING pc=0x000002e787c80308 sp=0x000000f4bc8fde20
Event: 1.361 Thread 0x000002e7dc7859e0 DEOPT UNPACKING pc=0x000002e7874aa1a3 sp=0x000000f4bc8fdd90 mode 2
Event: 1.374 Thread 0x000002e7dc7859e0 DEOPT PACKING pc=0x000002e78042211e sp=0x000000f4bc8f90d0
Event: 1.374 Thread 0x000002e7dc7859e0 DEOPT UNPACKING pc=0x000002e7874aace3 sp=0x000000f4bc8f85e0 mode 0
Event: 1.375 Thread 0x000002e7dc7859e0 DEOPT PACKING pc=0x000002e78042211e sp=0x000000f4bc8f9000
Event: 1.375 Thread 0x000002e7dc7859e0 DEOPT UNPACKING pc=0x000002e7874aace3 sp=0x000000f4bc8f8510 mode 0
Event: 1.445 Thread 0x000002e7dc7859e0 Uncommon trap: trap_request=0xffffff45 fr.pc=0x000002e787bdde8c relative=0x000000000000024c
Event: 1.445 Thread 0x000002e7dc7859e0 Uncommon trap: reason=unstable_if action=reinterpret pc=0x000002e787bdde8c method=java.util.HashMap.getNode(Ljava/lang/Object;)Ljava/util/HashMap$Node; @ 66 c2
Event: 1.445 Thread 0x000002e7dc7859e0 DEOPT PACKING pc=0x000002e787bdde8c sp=0x000000f4bc8fc200
Event: 1.445 Thread 0x000002e7dc7859e0 DEOPT UNPACKING pc=0x000002e7874aa1a3 sp=0x000000f4bc8fc180 mode 2
Event: 1.453 Thread 0x000002e7dc7859e0 Uncommon trap: trap_request=0xffffff45 fr.pc=0x000002e787c4fb48 relative=0x00000000000002a8
Event: 1.453 Thread 0x000002e7dc7859e0 Uncommon trap: reason=unstable_if action=reinterpret pc=0x000002e787c4fb48 method=java.util.concurrent.ConcurrentHashMap.get(Ljava/lang/Object;)Ljava/lang/Object; @ 152 c2
Event: 1.454 Thread 0x000002e7dc7859e0 DEOPT PACKING pc=0x000002e787c4fb48 sp=0x000000f4bc8fb6d0
Event: 1.454 Thread 0x000002e7dc7859e0 DEOPT UNPACKING pc=0x000002e7874aa1a3 sp=0x000000f4bc8fb638 mode 2
Event: 1.637 Thread 0x000002e7dc7859e0 Uncommon trap: trap_request=0xffffff45 fr.pc=0x000002e787c2f600 relative=0x0000000000000760
Event: 1.637 Thread 0x000002e7dc7859e0 Uncommon trap: reason=unstable_if action=reinterpret pc=0x000002e787c2f600 method=java.util.ArrayList.grow(I)[Ljava/lang/Object; @ 17 c2
Event: 1.637 Thread 0x000002e7dc7859e0 DEOPT PACKING pc=0x000002e787c2f600 sp=0x000000f4bc8fce70
Event: 1.637 Thread 0x000002e7dc7859e0 DEOPT UNPACKING pc=0x000002e7874aa1a3 sp=0x000000f4bc8fcd08 mode 2

Classes unloaded (0 events):
No events

Classes redefined (0 events):
No events

Internal exceptions (20 events):
Event: 1.338 Thread 0x000002e7db9d8bd0 Exception <a 'java/lang/NoSuchMethodError'{0x00000007150901b8}: static Lorg/gradle/tooling/internal/provider/serialization/ClassLoaderDetails;.<clinit>()V> (0x00000007150901b8) 
thrown [s\src\hotspot\share\prims\jni.cpp, line 1107]
Event: 1.340 Thread 0x000002e7db9d8bd0 Exception <a 'java/lang/NoSuchMethodError'{0x00000007150a8fb0}: static Lorg/gradle/internal/classloader/ClassLoaderSpec;.<clinit>()V> (0x00000007150a8fb0) 
thrown [s\src\hotspot\share\prims\jni.cpp, line 1107]
Event: 1.341 Thread 0x000002e7db9d8bd0 Exception <a 'java/lang/NoSuchMethodError'{0x00000007150b27b0}: static Lorg/gradle/tooling/internal/provider/serialization/WellKnownClassLoaderRegistry$KnownClassLoaderSpec;.<clinit>()V> (0x00000007150b27b0) 
thrown [s\src\hotspot\share\prims\jni.cpp, line 1107]
Event: 1.342 Thread 0x000002e7db9d8bd0 Exception <a 'java/lang/NoSuchMethodError'{0x00000007150c8558}: static Lorg/gradle/tooling/internal/provider/serialization/ClientOwnedClassLoaderSpec;.<clinit>()V> (0x00000007150c8558) 
thrown [s\src\hotspot\share\prims\jni.cpp, line 1107]
Event: 1.387 Thread 0x000002e7dc7859e0 Exception <a 'java/lang/NoSuchMethodError'{0x0000000714d1ba20}: 'long java.lang.invoke.DirectMethodHandle$Holder.invokeInterface(java.lang.Object, java.lang.Object)'> (0x0000000714d1ba20) 
thrown [s\src\hotspot\share\interpreter\linkResolver.cpp, line 759]
Event: 1.389 Thread 0x000002e7dc7859e0 Exception <a 'java/lang/NoSuchMethodError'{0x0000000714d53780}: 'java.lang.Object java.lang.invoke.DirectMethodHandle$Holder.invokeVirtual(java.lang.Object, java.lang.Object, java.lang.Object)'> (0x0000000714d53780) 
thrown [s\src\hotspot\share\interpreter\linkResolver.cpp, line 759]
Event: 1.430 Thread 0x000002e7dc7859e0 Exception <a 'java/lang/NoSuchMethodError'{0x00000007148fb948}: 'void java.lang.invoke.DirectMethodHandle$Holder.invokeStatic(java.lang.Object, java.lang.Object)'> (0x00000007148fb948) 
thrown [s\src\hotspot\share\interpreter\linkResolver.cpp, line 759]
Event: 1.449 Thread 0x000002e7dc7859e0 Exception <a 'java/lang/NoSuchMethodError'{0x00000007146a3ee0}: 'java.lang.Object java.lang.invoke.DirectMethodHandle$Holder.newInvokeSpecial(java.lang.Object, java.lang.Object, java.lang.Object, java.lang.Object, java.lang.Object)'> (0x00000007146a3ee0) 
thrown [s\src\hotspot\share\interpreter\linkResolver.cpp, line 759]
Event: 1.470 Thread 0x000002e7dc7859e0 Exception <a 'java/lang/NoSuchMethodError'{0x00000007144ca2d0}: 'void java.lang.invoke.DirectMethodHandle$Holder.invokeSpecial(java.lang.Object, java.lang.Object, java.lang.Object)'> (0x00000007144ca2d0) 
thrown [s\src\hotspot\share\interpreter\linkResolver.cpp, line 759]
Event: 1.478 Thread 0x000002e7dc7859e0 Exception <a 'java/lang/NoSuchMethodError'{0x0000000714576418}: 'java.lang.Object java.lang.invoke.DirectMethodHandle$Holder.newInvokeSpecial(java.lang.Object, java.lang.Object, java.lang.Object, java.lang.Object, java.lang.Object, java.lang.Object)'> (0x0000000714576418) 
thrown [s\src\hotspot\share\interpreter\linkResolver.cpp, line 759]
Event: 1.479 Thread 0x000002e7dc7859e0 Exception <a 'java/lang/NoSuchMethodError'{0x000000071458df30}: 'void java.lang.invoke.DirectMethodHandle$Holder.invokeSpecial(java.lang.Object, java.lang.Object, java.lang.Object, java.lang.Object, java.lang.Object)'> (0x000000071458df30) 
thrown [s\src\hotspot\share\interpreter\linkResolver.cpp, line 759]
Event: 1.480 Thread 0x000002e7dc7859e0 Exception <a 'java/lang/NoSuchMethodError'{0x00000007145a1d60}: 'void java.lang.invoke.DirectMethodHandle$Holder.invokeStaticInit(java.lang.Object, java.lang.Object)'> (0x00000007145a1d60) 
thrown [s\src\hotspot\share\interpreter\linkResolver.cpp, line 759]
Event: 1.515 Thread 0x000002e7dc7859e0 Exception <a 'java/lang/NoSuchMethodError'{0x0000000714067b80}: 'void java.lang.invoke.DelegatingMethodHandle$Holder.reinvoke_L(java.lang.Object, java.lang.Object, java.lang.Object, java.lang.Object, java.lang.Object, java.lang.Object, java.lang.Object, java.lang.Object, java.lang.Object, java.lang.Object)'> (0x0000000714067b80) 
thrown [s\src\hotspot\share\interpreter\linkResolver.cpp, line 759]
Event: 1.515 Thread 0x000002e7dc7859e0 Exception <a 'java/lang/NoSuchMethodError'{0x000000071406fff0}: 'java.lang.Object java.lang.invoke.DirectMethodHandle$Holder.invokeSpecial(java.lang.Object, java.lang.Object, java.lang.Object, java.lang.Object, java.lang.Object, java.lang.Object, java.lang.Object, java.lang.Object, java.lang.Object, java.lang.Object)'> (0x000000071406fff0) 
thrown [s\src\hotspot\share\interpreter\linkResolver.cpp, line 759]
Event: 1.515 Thread 0x000002e7dc7859e0 Exception <a 'java/lang/NoSuchMethodError'{0x00000007140748c0}: 'java.lang.Object java.lang.invoke.Invokers$Holder.invoker(java.lang.Object, java.lang.Object, java.lang.Object, java.lang.Object, java.lang.Object, java.lang.Object, java.lang.Object, java.lang.Object, java.lang.Object, java.lang.Object)'> (0x00000007140748c0) 
thrown [s\src\hotspot\share\interpreter\linkResolver.cpp, line 759]
Event: 1.515 Thread 0x000002e7dc7859e0 Exception <a 'java/lang/NoSuchMethodError'{0x000000071407a448}: 'java.lang.Object java.lang.invoke.DirectMethodHandle$Holder.invokeSpecial(java.lang.Object, java.lang.Object, java.lang.Object, java.lang.Object, java.lang.Object, java.lang.Object, java.lang.Object, java.lang.Object, java.lang.Object, java.lang.Object, java.lang.Object)'> (0x000000071407a448) 
thrown [s\src\hotspot\share\interpreter\linkResolver.cpp, line 759]
Event: 1.599 Thread 0x000002e7dc7859e0 Exception <a 'java/lang/NoSuchMethodError'{0x0000000713a42308}: 'void java.lang.invoke.DirectMethodHandle$Holder.invokeStaticInit(java.lang.Object)'> (0x0000000713a42308) 
thrown [s\src\hotspot\share\interpreter\linkResolver.cpp, line 759]
Event: 1.606 Thread 0x000002e7dc7859e0 Exception <a 'java/lang/NoSuchMethodError'{0x0000000713af1ee0}: 'java.lang.Object java.lang.invoke.DirectMethodHandle$Holder.newInvokeSpecial(java.lang.Object, java.lang.Object, java.lang.Object, int)'> (0x0000000713af1ee0) 
thrown [s\src\hotspot\share\interpreter\linkResolver.cpp, line 759]
Event: 1.607 Thread 0x000002e7dc7859e0 Exception <a 'java/lang/NoSuchMethodError'{0x0000000713af6810}: 'java.lang.Object java.lang.invoke.DirectMethodHandle$Holder.invokeSpecial(java.lang.Object, java.lang.Object, java.lang.Object, java.lang.Object, int)'> (0x0000000713af6810) 
thrown [s\src\hotspot\share\interpreter\linkResolver.cpp, line 759]
Event: 1.607 Thread 0x000002e7dc7859e0 Exception <a 'java/lang/NoSuchMethodError'{0x0000000713afa928}: 'java.lang.Object java.lang.invoke.Invokers$Holder.linkToTargetMethod(java.lang.Object, java.lang.Object, int, java.lang.Object)'> (0x0000000713afa928) 
thrown [s\src\hotspot\share\interpreter\linkResolver.cpp, line 759]

VM Operations (20 events):
Event: 0.688 Executing VM operation: G1CollectForAllocation
Event: 0.690 Executing VM operation: G1CollectForAllocation done
Event: 0.846 Executing VM operation: HandshakeAllThreads
Event: 0.846 Executing VM operation: HandshakeAllThreads done
Event: 0.864 Executing VM operation: HandshakeAllThreads
Event: 0.864 Executing VM operation: HandshakeAllThreads done
Event: 0.900 Executing VM operation: HandshakeAllThreads
Event: 0.900 Executing VM operation: HandshakeAllThreads done
Event: 0.949 Executing VM operation: HandshakeAllThreads
Event: 0.949 Executing VM operation: HandshakeAllThreads done
Event: 0.982 Executing VM operation: HandshakeAllThreads
Event: 0.982 Executing VM operation: HandshakeAllThreads done
Event: 1.065 Executing VM operation: HandshakeAllThreads
Event: 1.065 Executing VM operation: HandshakeAllThreads done
Event: 1.198 Executing VM operation: HandshakeAllThreads
Event: 1.198 Executing VM operation: HandshakeAllThreads done
Event: 1.273 Executing VM operation: HandshakeAllThreads
Event: 1.273 Executing VM operation: HandshakeAllThreads done
Event: 1.385 Executing VM operation: ICBufferFull
Event: 1.385 Executing VM operation: ICBufferFull done

Events (20 events):
Event: 1.590 loading class java/nio/file/FileSystemException done
Event: 1.590 loading class java/nio/file/NoSuchFileException done
Event: 1.591 loading class java/nio/file/attribute/PosixFilePermissions
Event: 1.592 loading class java/nio/file/attribute/PosixFilePermissions done
Event: 1.592 loading class java/nio/file/attribute/PosixFilePermissions$1
Event: 1.592 loading class java/nio/file/attribute/PosixFilePermissions$1 done
Event: 1.593 loading class sun/invoke/util/VerifyAccess$1
Event: 1.594 loading class sun/invoke/util/VerifyAccess$1 done
Event: 1.605 loading class java/util/concurrent/ArrayBlockingQueue
Event: 1.605 loading class java/util/concurrent/ArrayBlockingQueue done
Event: 1.605 loading class java/util/concurrent/locks/ReentrantLock$FairSync
Event: 1.605 loading class java/util/concurrent/locks/ReentrantLock$FairSync done
Event: 1.606 Thread 0x000002e7dc786e20 Thread added: 0x000002e7dc786e20
Event: 1.608 loading class sun/misc/Unsafe
Event: 1.609 loading class sun/misc/Unsafe done
Event: 1.616 Thread 0x000002e7dc787840 Thread added: 0x000002e7dc787840
Event: 1.616 loading class java/net/DatagramPacket
Event: 1.617 loading class java/net/DatagramPacket done
Event: 1.618 loading class sun/nio/ch/DatagramSocketAdaptor$DatagramPackets
Event: 1.618 loading class sun/nio/ch/DatagramSocketAdaptor$DatagramPackets done


Dynamic libraries:
0x00007ff777c70000 - 0x00007ff777c7e000 	C:\Users\Thilina\AppData\Local\Programs\Eclipse Adoptium\jdk-17.0.8.101-hotspot\bin\java.exe
0x00007ffae1100000 - 0x00007ffae1363000 	C:\WINDOWS\SYSTEM32\ntdll.dll
0x00007ffadffb0000 - 0x00007ffae0077000 	C:\WINDOWS\System32\KERNEL32.DLL
0x00007ffade770000 - 0x00007ffadeb39000 	C:\WINDOWS\System32\KERNELBASE.dll
0x00007ffadedd0000 - 0x00007ffadef1c000 	C:\WINDOWS\System32\ucrtbase.dll
0x00007ffaa63a0000 - 0x00007ffaa63b7000 	C:\Users\Thilina\AppData\Local\Programs\Eclipse Adoptium\jdk-17.0.8.101-hotspot\bin\jli.dll
0x00007ffa624d0000 - 0x00007ffa624e9000 	C:\Users\Thilina\AppData\Local\Programs\Eclipse Adoptium\jdk-17.0.8.101-hotspot\bin\VCRUNTIME140.dll
0x00007ffae05c0000 - 0x00007ffae078a000 	C:\WINDOWS\System32\USER32.dll
0x00007ffade5f0000 - 0x00007ffade617000 	C:\WINDOWS\System32\win32u.dll
0x00007ffab8ca0000 - 0x00007ffab8f30000 	C:\WINDOWS\WinSxS\amd64_microsoft.windows.common-controls_6595b64144ccf1df_6.0.26100.3323_none_3e088096e3344490\COMCTL32.dll
0x00007ffadf700000 - 0x00007ffadf72a000 	C:\WINDOWS\System32\GDI32.dll
0x00007ffae0790000 - 0x00007ffae0839000 	C:\WINDOWS\System32\msvcrt.dll
0x00007ffadebf0000 - 0x00007ffaded21000 	C:\WINDOWS\System32\gdi32full.dll
0x00007ffadeb40000 - 0x00007ffadebe3000 	C:\WINDOWS\System32\msvcp_win.dll
0x00007ffadf330000 - 0x00007ffadf35f000 	C:\WINDOWS\System32\IMM32.DLL
0x00007ffa92f70000 - 0x00007ffa92f7c000 	C:\Users\Thilina\AppData\Local\Programs\Eclipse Adoptium\jdk-17.0.8.101-hotspot\bin\vcruntime140_1.dll
0x00007ffa4f440000 - 0x00007ffa4f4d1000 	C:\Users\Thilina\AppData\Local\Programs\Eclipse Adoptium\jdk-17.0.8.101-hotspot\bin\msvcp140.dll
0x00007ffa21810000 - 0x00007ffa2245c000 	C:\Users\Thilina\AppData\Local\Programs\Eclipse Adoptium\jdk-17.0.8.101-hotspot\bin\server\jvm.dll
0x00007ffae0c60000 - 0x00007ffae0d12000 	C:\WINDOWS\System32\ADVAPI32.dll
0x00007ffae0510000 - 0x00007ffae05b6000 	C:\WINDOWS\System32\sechost.dll
0x00007ffae0ea0000 - 0x00007ffae0fb6000 	C:\WINDOWS\System32\RPCRT4.dll
0x00007ffa62df0000 - 0x00007ffa62dfa000 	C:\WINDOWS\SYSTEM32\WSOCK32.dll
0x00007ffade190000 - 0x00007ffade1de000 	C:\WINDOWS\SYSTEM32\POWRPROF.dll
0x00007ffad5320000 - 0x00007ffad532b000 	C:\WINDOWS\SYSTEM32\VERSION.dll
0x00007ffaccf60000 - 0x00007ffaccf96000 	C:\WINDOWS\SYSTEM32\WINMM.dll
0x00007ffadf400000 - 0x00007ffadf474000 	C:\WINDOWS\System32\WS2_32.dll
0x00007ffade170000 - 0x00007ffade184000 	C:\WINDOWS\SYSTEM32\UMPDC.dll
0x00007ffadd120000 - 0x00007ffadd13a000 	C:\WINDOWS\SYSTEM32\kernel.appcore.dll
0x00007ffa62c50000 - 0x00007ffa62c5a000 	C:\Users\Thilina\AppData\Local\Programs\Eclipse Adoptium\jdk-17.0.8.101-hotspot\bin\jimage.dll
0x00007ffadbcf0000 - 0x00007ffadbf31000 	C:\WINDOWS\SYSTEM32\DBGHELP.DLL
0x00007ffadef20000 - 0x00007ffadf2a2000 	C:\WINDOWS\System32\combase.dll
0x00007ffae0a80000 - 0x00007ffae0b56000 	C:\WINDOWS\System32\OLEAUT32.dll
0x00007ffac1d80000 - 0x00007ffac1db9000 	C:\WINDOWS\SYSTEM32\dbgcore.DLL
0x00007ffaded30000 - 0x00007ffadedc9000 	C:\WINDOWS\System32\bcryptPrimitives.dll
0x00007ffa5fff0000 - 0x00007ffa5fffe000 	C:\Users\Thilina\AppData\Local\Programs\Eclipse Adoptium\jdk-17.0.8.101-hotspot\bin\instrument.dll
0x00007ffa5e040000 - 0x00007ffa5e065000 	C:\Users\Thilina\AppData\Local\Programs\Eclipse Adoptium\jdk-17.0.8.101-hotspot\bin\java.dll
0x00007ffa4f1a0000 - 0x00007ffa4f276000 	C:\Users\Thilina\AppData\Local\Programs\Eclipse Adoptium\jdk-17.0.8.101-hotspot\bin\jsvml.dll
0x00007ffadf790000 - 0x00007ffadfea5000 	C:\WINDOWS\System32\SHELL32.dll
0x00007ffade300000 - 0x00007ffade468000 	C:\WINDOWS\System32\wintypes.dll
0x00007ffadc020000 - 0x00007ffadc865000 	C:\WINDOWS\SYSTEM32\windows.storage.dll
0x00007ffae0b70000 - 0x00007ffae0c5b000 	C:\WINDOWS\System32\SHCORE.dll
0x00007ffadf500000 - 0x00007ffadf55d000 	C:\WINDOWS\System32\shlwapi.dll
0x00007ffade210000 - 0x00007ffade23f000 	C:\WINDOWS\SYSTEM32\profapi.dll
0x00007ffa5e020000 - 0x00007ffa5e038000 	C:\Users\Thilina\AppData\Local\Programs\Eclipse Adoptium\jdk-17.0.8.101-hotspot\bin\zip.dll
0x00007ffa5e000000 - 0x00007ffa5e019000 	C:\Users\Thilina\AppData\Local\Programs\Eclipse Adoptium\jdk-17.0.8.101-hotspot\bin\net.dll
0x00007ffad4030000 - 0x00007ffad414e000 	C:\WINDOWS\SYSTEM32\WINHTTP.dll
0x00007ffadd640000 - 0x00007ffadd6aa000 	C:\WINDOWS\system32\mswsock.dll
0x00007ffa5dfe0000 - 0x00007ffa5dff5000 	C:\Users\Thilina\AppData\Local\Programs\Eclipse Adoptium\jdk-17.0.8.101-hotspot\bin\nio.dll
0x00007ffa5ff70000 - 0x00007ffa5ff80000 	C:\Users\Thilina\AppData\Local\Programs\Eclipse Adoptium\jdk-17.0.8.101-hotspot\bin\verify.dll
0x00007ffa5e0a0000 - 0x00007ffa5e0c7000 	C:\Users\Thilina\.gradle\native\68d5fa5c4cc2d200863cafc0d521ce42e7d3e7ee720ec0a83991735586a16f82\windows-amd64\native-platform.dll
0x00007ffa4eda0000 - 0x00007ffa4eee4000 	C:\Users\Thilina\.gradle\native\e376f236ea51e6404a007f0833ffe2c6e607c4080706a723a18a27aeea778392\windows-amd64\native-platform-file-events.dll
0x00007ffa5f1d0000 - 0x00007ffa5f1d9000 	C:\Users\Thilina\AppData\Local\Programs\Eclipse Adoptium\jdk-17.0.8.101-hotspot\bin\management.dll
0x00007ffa5e4a0000 - 0x00007ffa5e4ab000 	C:\Users\Thilina\AppData\Local\Programs\Eclipse Adoptium\jdk-17.0.8.101-hotspot\bin\management_ext.dll
0x00007ffadf730000 - 0x00007ffadf738000 	C:\WINDOWS\System32\PSAPI.DLL
0x00007ffadd8f0000 - 0x00007ffadd90c000 	C:\WINDOWS\SYSTEM32\CRYPTSP.dll
0x00007ffadd080000 - 0x00007ffadd0ba000 	C:\WINDOWS\system32\rsaenh.dll
0x00007ffadd6e0000 - 0x00007ffadd70b000 	C:\WINDOWS\SYSTEM32\USERENV.dll
0x00007ffaddb20000 - 0x00007ffaddb46000 	C:\WINDOWS\SYSTEM32\bcrypt.dll
0x00007ffadd8e0000 - 0x00007ffadd8ec000 	C:\WINDOWS\SYSTEM32\CRYPTBASE.dll
0x00007ffadcb60000 - 0x00007ffadcb93000 	C:\WINDOWS\SYSTEM32\IPHLPAPI.DLL
0x00007ffadf780000 - 0x00007ffadf78a000 	C:\WINDOWS\System32\NSI.dll
0x00007ffad3c00000 - 0x00007ffad3c1f000 	C:\WINDOWS\SYSTEM32\dhcpcsvc6.DLL
0x00007ffad3ba0000 - 0x00007ffad3bc5000 	C:\WINDOWS\SYSTEM32\dhcpcsvc.DLL
0x00007ffadcba0000 - 0x00007ffadccc5000 	C:\WINDOWS\SYSTEM32\DNSAPI.dll
0x00007ffa4f5d0000 - 0x00007ffa4f5de000 	C:\Users\Thilina\AppData\Local\Programs\Eclipse Adoptium\jdk-17.0.8.101-hotspot\bin\sunmscapi.dll
0x00007ffade470000 - 0x00007ffade5e7000 	C:\WINDOWS\System32\CRYPT32.dll
0x00007ffaddae0000 - 0x00007ffaddb10000 	C:\WINDOWS\SYSTEM32\ncrypt.dll
0x00007ffadda90000 - 0x00007ffaddacf000 	C:\WINDOWS\SYSTEM32\NTASN1.dll
0x00007ffaaad90000 - 0x00007ffaaad98000 	C:\WINDOWS\system32\wshunix.dll

dbghelp: loaded successfully - version: 4.0.5 - missing functions: none
symbol engine: initialized successfully - sym options: 0x614 - pdb path: .;C:\Users\Thilina\AppData\Local\Programs\Eclipse Adoptium\jdk-17.0.8.101-hotspot\bin;C:\WINDOWS\SYSTEM32;C:\WINDOWS\WinSxS\amd64_microsoft.windows.common-controls_6595b64144ccf1df_6.0.26100.3323_none_3e088096e3344490;C:\Users\Thilina\AppData\Local\Programs\Eclipse Adoptium\jdk-17.0.8.101-hotspot\bin\server;C:\Users\Thilina\.gradle\native\68d5fa5c4cc2d200863cafc0d521ce42e7d3e7ee720ec0a83991735586a16f82\windows-amd64;C:\Users\Thilina\.gradle\native\e376f236ea51e6404a007f0833ffe2c6e607c4080706a723a18a27aeea778392\windows-amd64

VM Arguments:
jvm_args: -XX:MaxMetaspaceSize=2G -XX:+HeapDumpOnOutOfMemoryError --add-opens=java.base/java.util=ALL-UNNAMED --add-opens=java.base/java.lang=ALL-UNNAMED --add-opens=java.base/java.lang.invoke=ALL-UNNAMED --add-opens=java.prefs/java.util.prefs=ALL-UNNAMED --add-opens=java.base/java.nio.charset=ALL-UNNAMED --add-opens=java.base/java.net=ALL-UNNAMED --add-opens=java.base/java.util.concurrent.atomic=ALL-UNNAMED -Xmx4G -Dfile.encoding=utf8 -Duser.country=US -Duser.language=en -Duser.variant -javaagent:C:\Users\Thilina\.gradle\wrapper\dists\gradle-8.3-all\6en3ugtfdg5xnpx44z4qbwgas\gradle-8.3\lib\agents\gradle-instrumentation-agent-8.3.jar 
java_command: org.gradle.launcher.daemon.bootstrap.GradleDaemon 8.3
java_class_path (initial): C:\Users\Thilina\.gradle\wrapper\dists\gradle-8.3-all\6en3ugtfdg5xnpx44z4qbwgas\gradle-8.3\lib\gradle-launcher-8.3.jar
Launcher Type: SUN_STANDARD

[Global flags]
     intx CICompilerCount                          = 12                                        {product} {ergonomic}
     uint ConcGCThreads                            = 3                                         {product} {ergonomic}
     uint G1ConcRefinementThreads                  = 13                                        {product} {ergonomic}
   size_t G1HeapRegionSize                         = 2097152                                   {product} {ergonomic}
    uintx GCDrainStackTargetSize                   = 64                                        {product} {ergonomic}
     bool HeapDumpOnOutOfMemoryError               = true                                   {manageable} {command line}
   size_t InitialHeapSize                          = 398458880                                 {product} {ergonomic}
   size_t MarkStackSize                            = 4194304                                   {product} {ergonomic}
   size_t MaxHeapSize                              = 4294967296                                {product} {command line}
   size_t MaxMetaspaceSize                         = 2147483648                                {product} {command line}
   size_t MaxNewSize                               = 2575302656                                {product} {ergonomic}
   size_t MinHeapDeltaBytes                        = 2097152                                   {product} {ergonomic}
   size_t MinHeapSize                              = 8388608                                   {product} {ergonomic}
    uintx NonNMethodCodeHeapSize                   = 7602480                                {pd product} {ergonomic}
    uintx NonProfiledCodeHeapSize                  = 122027880                              {pd product} {ergonomic}
    uintx ProfiledCodeHeapSize                     = 122027880                              {pd product} {ergonomic}
    uintx ReservedCodeCacheSize                    = 251658240                              {pd product} {ergonomic}
     bool SegmentedCodeCache                       = true                                      {product} {ergonomic}
   size_t SoftMaxHeapSize                          = 4294967296                             {manageable} {ergonomic}
     bool UseCompressedClassPointers               = true                           {product lp64_product} {ergonomic}
     bool UseCompressedOops                        = true                           {product lp64_product} {ergonomic}
     bool UseG1GC                                  = true                                      {product} {ergonomic}
     bool UseLargePagesIndividualAllocation        = false                                  {pd product} {ergonomic}

Logging:
Log output configuration:
 #0: stdout all=warning uptime,level,tags
 #1: stderr all=off uptime,level,tags

Environment Variables:
JAVA_HOME=C:\Users\Thilina\AppData\Local\Programs\Eclipse Adoptium\jdk-17.0.8.101-hotspot\
PATH=C:\Python313\Scripts\;C:\Python313\;C:\Users\Thilina\AppData\Roaming\npm;C:\Program Files (x86)\VMware\VMware Player\bin\;C:\Windows\system32;C:\Windows;C:\Windows\System32\Wbem;C:\Windows\System32\WindowsPowerShell\v1.0\;C:\Windows\System32\OpenSSH\;C:\Program Files (x86)\NVIDIA Corporation\PhysX\Common;C:\Program Files\NVIDIA Corporation\NVIDIA NvDLISR;C:\WINDOWS\system32;C:\WINDOWS;C:\WINDOWS\System32\Wbem;C:\WINDOWS\System32\WindowsPowerShell\v1.0\;C:\WINDOWS\System32\OpenSSH\;C:\Program Files\Git\cmd;C:\Program Files (x86)\Windows Kits\10\Windows Performance Toolkit\;C:\Program Files (x86)\Microsoft SQL Server\160\DTS\Binn\;C:\Program Files (x86)\Microsoft SQL Server\160\Tools\Binn\;C:\Program Files\Microsoft SQL Server\160\Tools\Binn\;C:\Program Files\Microsoft SQL Server\Client SDK\ODBC\170\Tools\Binn\;C:\Program Files\Microsoft SQL Server\160\DTS\Binn\;C:\Program Files\Microsoft SQL Server\150\Tools\Binn\;C:\Program Files\dotnet\;C:\Program Files\Cloudflare\Cloudflare WARP\;C:\Program Files\nodejs\;C:\ProgramData\chocolatey\bin;C:\Users\Thilina\AppData\Local\GitHubDesktop\bin;C:\Users\Thilina\AppData\Local\Programs\Microsoft VS Code\bin;C:\src\flutter\bin;C:\Users\Thilina\AppData\Roaming\npm;C:\Users\Thilina\AppData\Local\Pub\Cache\bin;
USERNAME=Thilina
OS=Windows_NT
PROCESSOR_IDENTIFIER=Intel64 Family 6 Model 141 Stepping 1, GenuineIntel
TMP=C:\Users\Thilina\AppData\Local\Temp
TEMP=C:\Users\Thilina\AppData\Local\Temp



---------------  S Y S T E M  ---------------

OS:
 Windows 11 , 64 bit Build 26100 (10.0.26100.3323)
OS uptime: 0 days 0:04 hours

CPU: total 16 (initial active 16) (8 cores per cpu, 2 threads per core) family 6 model 141 stepping 1 microcode 0x26, cx8, cmov, fxsr, ht, mmx, 3dnowpref, sse, sse2, sse3, ssse3, sse4.1, sse4.2, popcnt, lzcnt, tsc, tscinvbit, avx, avx2, aes, erms, clmul, bmi1, bmi2, adx, avx512f, avx512dq, avx512cd, avx512bw, avx512vl, sha, fma, vzeroupper, avx512_vpopcntdq, avx512_vpclmulqdq, avx512_vaes, avx512_vnni, clflush, clflushopt, clwb, avx512_vbmi2, avx512_vbmi
Processor Information for all 16 processors :
  Max Mhz: 2304, Current Mhz: 2304, Mhz Limit: 2304

Memory: 4k page, system-wide physical 24277M (14570M free)
TotalPageFile size 32469M (AvailPageFile size 20255M)
current process WorkingSet (physical memory assigned to process): 187M, peak: 187M
current process commit charge ("private bytes"): 552M, peak: 552M

vm_info: OpenJDK 64-Bit Server VM (17.0.8.1+1) for windows-amd64 JRE (17.0.8.1+1), built on Aug 23 2023 15:29:17 by "admin" with MS VC++ 16.7 (VS2019)

END.
