#
# A fatal error has been detected by the Java Runtime Environment:
#
#  EXCEPTION_ACCESS_VIOLATION (0xc0000005) at pc=0x00007ffa68aad8e9, pid=20868, tid=7516
#
# JRE version: OpenJDK Runtime Environment Temurin-21.0.6+7 (21.0.6+7) (build 21.0.6+7-LTS)
# Java VM: OpenJDK 64-Bit Server VM Temurin-21.0.6+7 (21.0.6+7-LTS, mixed mode, sharing, tiered, compressed oops, compressed class ptrs, parallel gc, windows-amd64)
# Problematic frame:
# V  [jvm.dll+0x65d8e9]
#
# No core dump will be written. Minidumps are not enabled by default on client versions of Windows
#
# If you would like to submit a bug report, please visit:
#   https://github.com/adoptium/adoptium-support/issues
#

---------------  S U M M A R Y ------------

Command Line: --add-modules=ALL-SYSTEM --add-opens=java.base/java.util=ALL-UNNAMED --add-opens=java.base/java.lang=ALL-UNNAMED --add-opens=java.base/sun.nio.fs=ALL-UNNAMED -Declipse.application=org.eclipse.jdt.ls.core.id1 -Dosgi.bundles.defaultStartLevel=4 -Declipse.product=org.eclipse.jdt.ls.core.product -Djava.import.generatesMetadataFilesAtProjectRoot=false -DDetectVMInstallationsJob.disabled=true -Dfile.encoding=utf8 -XX:+UseParallelGC -XX:GCTimeRatio=4 -XX:AdaptiveSizePolicyWeight=90 -Dsun.zip.disableMemoryMapping=true -Xmx1G -Xms100m -Xlog:disable -javaagent:c:\Users\Thilina\.vscode\extensions\redhat.java-1.40.0-win32-x64\lombok\lombok-1.18.36.jar -XX:+HeapDumpOnOutOfMemoryError -XX:HeapDumpPath=c:\Users\Thilina\AppData\Roaming\Code\User\workspaceStorage\1895811c2174498c9cc58c1c0012ab43\redhat.java -Daether.dependencyCollector.impl=bf c:\Users\Thilina\.vscode\extensions\redhat.java-1.40.0-win32-x64\server\plugins\org.eclipse.equinox.launcher_1.6.1000.v20250131-0606.jar -configuration c:\Users\Thilina\AppData\Roaming\Code\User\globalStorage\redhat.java\1.40.0\config_win -data c:\Users\Thilina\AppData\Roaming\Code\User\workspaceStorage\1895811c2174498c9cc58c1c0012ab43\redhat.java\jdt_ws --pipe=\\.\pipe\lsp-598159b746a8d27e55206d4227ec790f-sock

Host: 11th Gen Intel(R) Core(TM) i7-11800H @ 2.30GHz, 16 cores, 23G,  Windows 11 , 64 bit Build 26100 (10.0.26100.3323)
Time: Thu Mar  6 13:46:34 2025 Sri Lanka Standard Time elapsed time: 3.430789 seconds (0d 0h 0m 3s)

---------------  T H R E A D  ---------------

Current thread (0x0000012e036645d0):  JavaThread "C2 CompilerThread1" daemon [_thread_in_native, id=7516, stack(0x0000000101600000,0x0000000101700000) (1024K)]


Current CompileTask:
C2:3430 4473       4       org.lombokweb.asm.ClassReader::readMethod (1070 bytes)

Stack: [0x0000000101600000,0x0000000101700000],  sp=0x00000001016fcf80,  free space=1011k
Native frames: (J=compiled Java code, j=interpreted, Vv=VM code, C=native code)
V  [jvm.dll+0x65d8e9]
V  [jvm.dll+0x65bb6e]
V  [jvm.dll+0x247875]
V  [jvm.dll+0x246fcf]
V  [jvm.dll+0x1c75ee]
V  [jvm.dll+0x25685a]
V  [jvm.dll+0x254dfa]
V  [jvm.dll+0x3f0256]
V  [jvm.dll+0x851f8b]
V  [jvm.dll+0x6cc5ed]
C  [ucrtbase.dll+0x37b0]
C  [KERNEL32.DLL+0x2e8d7]
C  [ntdll.dll+0xbbf6c]


siginfo: EXCEPTION_ACCESS_VIOLATION (0xc0000005), reading address 0x0000000200000028


Registers:
RAX=0x0000012e0bb09df0, RBX=0x0000000200000000, RCX=0x0000000000002e78, RDX=0x0000012e094c2a28
RSP=0x00000001016fcf80, RBP=0x00000001016fcfc8, RSI=0xfffffffffffffff8, RDI=0x0000000200000000
R8 =0x0000012e097bad88, R9 =0x0000012e0c075fc0, R10=0x00000001016fe750, R11=0x00007ffa69430501
R12=0x0000000000000000, R13=0x00000001016fd3e0, R14=0x0000000000000013, R15=0x0000012e097bad88
RIP=0x00007ffa68aad8e9, EFLAGS=0x0000000000010206

XMM[0]=0x0000012e0c29c048 0x0000012e0c29c2b8
XMM[1]=0x0000012e0c29c048 0x0000012e0c29c2b8
XMM[2]=0x0000000000000000 0x0000000000000000
XMM[3]=0x0000000000000000 0x0000000000000000
XMM[4]=0x0000000000000000 0x0000000000000000
XMM[5]=0x0000012e0c3abef0 0x0000012e0c29ff50
XMM[6]=0x0000000000000000 0x0000000000000000
XMM[7]=0x0000000000000000 0x0000000000000000
XMM[8]=0x0000000000000000 0x0000000000000000
XMM[9]=0x0000000000000000 0x0000000000000000
XMM[10]=0x0000000000000000 0x0000000000000000
XMM[11]=0x0000000000000000 0x0000000000000000
XMM[12]=0x0000000000000000 0x0000000000000000
XMM[13]=0x0000000000000000 0x0000000000000000
XMM[14]=0x0000000000000000 0x0000000000000000
XMM[15]=0x0000000000000000 0x0000000000000000
  MXCSR=0x00001fa0


Register to memory mapping:

RAX=0x0000012e0bb09df0 points into unknown readable memory: 0x0000000200000000 | 00 00 00 00 02 00 00 00
RBX=0x0000000200000000 is an unknown value
RCX=0x0000000000002e78 is an unknown value
RDX=0x0000012e094c2a28 points into unknown readable memory: 0x084db61d2bb72ece | ce 2e b7 2b 1d b6 4d 08
RSP=0x00000001016fcf80 is pointing into the stack for thread: 0x0000012e036645d0
RBP=0x00000001016fcfc8 is pointing into the stack for thread: 0x0000012e036645d0
RSI=0xfffffffffffffff8 is an unknown value
RDI=0x0000000200000000 is an unknown value
R8 =0x0000012e097bad88 points into unknown readable memory: 0x00007ffa68e35e40 | 40 5e e3 68 fa 7f 00 00
R9 =0x0000012e0c075fc0 points into unknown readable memory: 0x0000000000000000 | 00 00 00 00 00 00 00 00
R10=0x00000001016fe750 is pointing into the stack for thread: 0x0000012e036645d0
R11=0x00007ffa69430501 VCRUNTIME140.dll
R12=0x0 is null
R13=0x00000001016fd3e0 is pointing into the stack for thread: 0x0000012e036645d0
R14=0x0000000000000013 is an unknown value
R15=0x0000012e097bad88 points into unknown readable memory: 0x00007ffa68e35e40 | 40 5e e3 68 fa 7f 00 00

Top of Stack: (sp=0x00000001016fcf80)
0x00000001016fcf80:   0000012e0c29c888 00000001016fcfc8
0x00000001016fcf90:   fffffffffffffff8 0000000000000000
0x00000001016fcfa0:   0000012e0bb09df0 0000012e0bb88ba0
0x00000001016fcfb0:   0000012e0bb087e0 0000012e035d2060
0x00000001016fcfc0:   00000001016fea00 0000000000000000
0x00000001016fcfd0:   0000000000000000 00000001016fd3e0
0x00000001016fcfe0:   00000001016fd079 00007ffa68aabb6e
0x00000001016fcff0:   000000000000000e 000000000000388d
0x00000001016fd000:   000000000000000e 0000012e0926aed0
0x00000001016fd010:   0000012e0aa43cc0 00000001016fea00
0x00000001016fd020:   0000000000100000 0000000000000000
0x00000001016fd030:   0000000000000000 0000000000000000
0x00000001016fd040:   0000000000000000 0000000000000000
0x00000001016fd050:   0000000000000000 0000000000000000
0x00000001016fd060:   0000000000000000 0000000000000000
0x00000001016fd070:   0000000000000000 0000000000000000
0x00000001016fd080:   00000001016fd488 0000000000000007
0x00000001016fd090:   0000000000000000 0000000000000000
0x00000001016fd0a0:   0000c016500292d8 00007ffa68aa5ace
0x00000001016fd0b0:   0000000000000000 0000000080000000
0x00000001016fd0c0:   0000012daa55f780 0000000000000070
0x00000001016fd0d0:   00000001016fd1e0 00007ffa68697875
0x00000001016fd0e0:   00000001016fe750 00000001016fe750
0x00000001016fd0f0:   00000001016fe750 00007ffa68e5f000
0x00000001016fd100:   0000000000000000 0000000000000000
0x00000001016fd110:   0000000000000000 0000000000000000
0x00000001016fd120:   0000000000000000 0000000000000000
0x00000001016fd130:   0000000000000000 00007ffa68e5f000
0x00000001016fd140:   0000000000000000 0000000000000000
0x00000001016fd150:   0000000000000000 00007ffa68e5f000
0x00000001016fd160:   0000000000000000 0000000000000000
0x00000001016fd170:   0000000000000000 0000000000000000 

Instructions: (pc=0x00007ffa68aad8e9)
0x00007ffa68aad7e9:   0f 85 78 04 00 00 48 83 b9 80 01 00 00 00 0f 85
0x00007ffa68aad7f9:   6a 04 00 00 48 85 ff 0f 84 61 04 00 00 8b 43 2c
0x00007ffa68aad809:   83 e0 1f 3c 11 75 0d 48 8b 03 48 8b cb ff 50 30
0x00007ffa68aad819:   48 89 47 48 8b 73 28 41 3b 75 50 72 0b 8b d6 49
0x00007ffa68aad829:   8d 4d 48 e8 bf bc 04 00 49 8b 45 58 48 89 3c f0
0x00007ffa68aad839:   49 8b 95 f8 00 00 00 48 85 d2 0f 84 96 00 00 00
0x00007ffa68aad849:   44 8b 4b 28 4d 8b 55 10 41 8b c9 c1 f9 08 3b 0a
0x00007ffa68aad859:   0f 89 80 00 00 00 48 8b 52 08 4c 63 c1 41 0f b6
0x00007ffa68aad869:   c9 4a 8b 04 c2 4c 8d 34 c8 4d 85 f6 74 68 4d 8b
0x00007ffa68aad879:   0e 4d 85 c9 74 60 44 8b 67 28 49 8b 9a 10 03 00
0x00007ffa68aad889:   00 41 8b f4 c1 fe 08 48 85 db 75 04 33 c0 eb 02
0x00007ffa68aad899:   8b 03 44 8b c6 44 2b c0 78 11 41 ff c0 48 8b d3
0x00007ffa68aad8a9:   49 8b ca e8 cf 15 bf ff 4d 8b 0e 48 85 db 75 08
0x00007ffa68aad8b9:   45 33 e4 41 8b c4 eb 16 48 8b 53 08 41 0f b6 cc
0x00007ffa68aad8c9:   45 33 e4 4c 63 c6 4a 8b 04 c2 48 8d 04 c8 4d 85
0x00007ffa68aad8d9:   c9 74 03 4c 89 08 48 8b 45 d8 48 8b df 48 89 38
0x00007ffa68aad8e9:   44 8b 73 28 41 8b fe c1 ef 05 41 3b 7d 68 72 0b
0x00007ffa68aad8f9:   8b d7 49 8d 4d 68 e8 8c 38 23 00 49 8b 45 70 41
0x00007ffa68aad909:   83 e6 1f 48 8d 14 b8 41 0f b6 ce 41 b8 01 00 00
0x00007ffa68aad919:   00 41 d3 e0 8b 0a 41 8b c0 0b c1 89 02 44 85 c1
0x00007ffa68aad929:   0f 85 be 02 00 00 41 8b 7f 18 41 3b 7f 1c 73 69
0x00007ffa68aad939:   0f 1f 80 00 00 00 00 49 8b 47 08 8b cf 48 8b 34
0x00007ffa68aad949:   c8 48 85 f6 74 53 48 8b 4d d8 48 83 c1 10 48 89
0x00007ffa68aad959:   4d d8 48 8d 41 10 48 3b 45 e0 72 0d 48 8d 4d d8
0x00007ffa68aad969:   e8 12 bc 04 00 48 8b 4d d8 48 89 19 ff c7 48 8b
0x00007ffa68aad979:   45 d8 c7 40 08 ff ff ff ff 48 8b 45 d8 48 83 c0
0x00007ffa68aad989:   10 48 89 45 d8 48 89 30 48 8b 45 d8 c7 40 08 01
0x00007ffa68aad999:   00 00 00 41 3b 7f 1c 72 9e 8b 7b 1c 8b 73 18 ff
0x00007ffa68aad9a9:   cf 3b fe 0f 82 86 00 00 00 48 8b 43 08 48 8b 34
0x00007ffa68aad9b9:   f8 48 85 f6 74 6c 49 8b 4d 10 48 8b d6 48 81 c1
0x00007ffa68aad9c9:   80 02 00 00 e8 5e 79 a6 ff 84 c0 75 55 8b d7 48
0x00007ffa68aad9d9:   8b cb e8 d0 d1 04 00 48 8b 4d d8 48 83 c1 10 48 


Stack slot to memory mapping:

stack at sp + 0 slots: 0x0000012e0c29c888 points into unknown readable memory: 0x00007ffa68dc6c88 | 88 6c dc 68 fa 7f 00 00
stack at sp + 1 slots: 0x00000001016fcfc8 is pointing into the stack for thread: 0x0000012e036645d0
stack at sp + 2 slots: 0xfffffffffffffff8 is an unknown value
stack at sp + 3 slots: 0x0 is null
stack at sp + 4 slots: 0x0000012e0bb09df0 points into unknown readable memory: 0x0000000200000000 | 00 00 00 00 02 00 00 00
stack at sp + 5 slots: 0x0000012e0bb88ba0 points into unknown readable memory: 0x0000000000000000 | 00 00 00 00 00 00 00 00
stack at sp + 6 slots: 0x0000012e0bb087e0 points into unknown readable memory: 0x0000000000000000 | 00 00 00 00 00 00 00 00
stack at sp + 7 slots: 0x0000012e035d2060 points into unknown readable memory: 0x0000000000000007 | 07 00 00 00 00 00 00 00


---------------  P R O C E S S  ---------------

Threads class SMR info:
_java_thread_list=0x0000012e0a527050, length=51, elements={
0x0000012dac911e70, 0x0000012dc0cfcc50, 0x0000012dc0cfdb00, 0x0000012e034b75d0,
0x0000012e034b98a0, 0x0000012e034da730, 0x0000012e034df890, 0x0000012e034e5060,
0x0000012e034e8cc0, 0x0000012e035aa6d0, 0x0000012e0363bd40, 0x0000012e0363c3e0,
0x0000012e03648ab0, 0x0000012e036645d0, 0x0000012e09054d60, 0x0000012e091b24e0,
0x0000012e09ccee70, 0x0000012e09908300, 0x0000012e09cce260, 0x0000012e09901e60,
0x0000012e09902aa0, 0x0000012e0a1a1170, 0x0000012e0a7160f0, 0x0000012e0a2a3400,
0x0000012e0a2a4120, 0x0000012e0a2a54d0, 0x0000012e0a2a4e40, 0x0000012e0a2a2050,
0x0000012e0a2a2d70, 0x0000012e0a2a26e0, 0x0000012e0a2a3a90, 0x0000012e0b761b10,
0x0000012e0b75f3b0, 0x0000012e0b75fa40, 0x0000012e0b7600d0, 0x0000012e0b760df0,
0x0000012e0b760760, 0x0000012e0b761480, 0x0000012e0b75e690, 0x0000012e0b7621a0,
0x0000012e0b75ed20, 0x0000012e0b763be0, 0x0000012e0b764f90, 0x0000012e0b765cb0,
0x0000012e0b765620, 0x0000012e0b763550, 0x0000012e0b762830, 0x0000012e0b762ec0,
0x0000012e0b764270, 0x0000012e0b764900, 0x0000012e0c694260
}

Java Threads: ( => current thread )
  0x0000012dac911e70 JavaThread "main"                              [_thread_in_vm, id=17624, stack(0x0000000100600000,0x0000000100700000) (1024K)]
  0x0000012dc0cfcc50 JavaThread "Reference Handler"          daemon [_thread_blocked, id=16792, stack(0x0000000100a00000,0x0000000100b00000) (1024K)]
  0x0000012dc0cfdb00 JavaThread "Finalizer"                  daemon [_thread_blocked, id=11568, stack(0x0000000100b00000,0x0000000100c00000) (1024K)]
  0x0000012e034b75d0 JavaThread "Signal Dispatcher"          daemon [_thread_blocked, id=17220, stack(0x0000000100c00000,0x0000000100d00000) (1024K)]
  0x0000012e034b98a0 JavaThread "Attach Listener"            daemon [_thread_blocked, id=20844, stack(0x0000000100d00000,0x0000000100e00000) (1024K)]
  0x0000012e034da730 JavaThread "Service Thread"             daemon [_thread_blocked, id=12116, stack(0x0000000100e00000,0x0000000100f00000) (1024K)]
  0x0000012e034df890 JavaThread "Monitor Deflation Thread"   daemon [_thread_blocked, id=17648, stack(0x0000000100f00000,0x0000000101000000) (1024K)]
  0x0000012e034e5060 JavaThread "C2 CompilerThread0"         daemon [_thread_in_native, id=17576, stack(0x0000000101000000,0x0000000101100000) (1024K)]
  0x0000012e034e8cc0 JavaThread "C1 CompilerThread0"         daemon [_thread_blocked, id=17560, stack(0x0000000101100000,0x0000000101200000) (1024K)]
  0x0000012e035aa6d0 JavaThread "Common-Cleaner"             daemon [_thread_blocked, id=21220, stack(0x0000000101200000,0x0000000101300000) (1024K)]
  0x0000012e0363bd40 JavaThread "C1 CompilerThread1"         daemon [_thread_blocked, id=14460, stack(0x0000000101300000,0x0000000101400000) (1024K)]
  0x0000012e0363c3e0 JavaThread "C1 CompilerThread2"         daemon [_thread_blocked, id=4836, stack(0x0000000101400000,0x0000000101500000) (1024K)]
  0x0000012e03648ab0 JavaThread "C1 CompilerThread3"         daemon [_thread_blocked, id=5836, stack(0x0000000101500000,0x0000000101600000) (1024K)]
=>0x0000012e036645d0 JavaThread "C2 CompilerThread1"         daemon [_thread_in_native, id=7516, stack(0x0000000101600000,0x0000000101700000) (1024K)]
  0x0000012e09054d60 JavaThread "Notification Thread"        daemon [_thread_blocked, id=9320, stack(0x0000000101700000,0x0000000101800000) (1024K)]
  0x0000012e091b24e0 JavaThread "C2 CompilerThread2"         daemon [_thread_in_native, id=20888, stack(0x0000000101800000,0x0000000101900000) (1024K)]
  0x0000012e09ccee70 JavaThread "C2 CompilerThread3"         daemon [_thread_in_native, id=21388, stack(0x0000000101900000,0x0000000101a00000) (1024K)]
  0x0000012e09908300 JavaThread "Active Thread: Equinox Container: d31bea48-2003-490a-952a-0a4885f0084b"        [_thread_blocked, id=16940, stack(0x0000000102000000,0x0000000102100000) (1024K)]
  0x0000012e09cce260 JavaThread "Refresh Thread: Equinox Container: d31bea48-2003-490a-952a-0a4885f0084b" daemon [_thread_blocked, id=16780, stack(0x0000000102300000,0x0000000102400000) (1024K)]
  0x0000012e09901e60 JavaThread "Framework Event Dispatcher: Equinox Container: d31bea48-2003-490a-952a-0a4885f0084b" daemon [_thread_blocked, id=4400, stack(0x0000000102400000,0x0000000102500000) (1024K)]
  0x0000012e09902aa0 JavaThread "Start Level: Equinox Container: d31bea48-2003-490a-952a-0a4885f0084b" daemon [_thread_blocked, id=1256, stack(0x0000000102500000,0x0000000102600000) (1024K)]
  0x0000012e0a1a1170 JavaThread "Bundle File Closer"         daemon [_thread_blocked, id=10848, stack(0x0000000102600000,0x0000000102700000) (1024K)]
  0x0000012e0a7160f0 JavaThread "SCR Component Actor"        daemon [_thread_blocked, id=21236, stack(0x0000000102900000,0x0000000102a00000) (1024K)]
  0x0000012e0a2a3400 JavaThread "SCR Component Registry"     daemon [_thread_blocked, id=17552, stack(0x0000000101a00000,0x0000000101b00000) (1024K)]
  0x0000012e0a2a4120 JavaThread "Worker-JM"                         [_thread_blocked, id=15896, stack(0x0000000102d00000,0x0000000102e00000) (1024K)]
  0x0000012e0a2a54d0 JavaThread "JNA Cleaner"                daemon [_thread_blocked, id=20940, stack(0x0000000102e00000,0x0000000102f00000) (1024K)]
  0x0000012e0a2a4e40 JavaThread "Worker-0: Load persistent model for all projects"        [_thread_blocked, id=21460, stack(0x0000000102f00000,0x0000000103000000) (1024K)]
  0x0000012e0a2a2050 JavaThread "Worker-1: Building"                [_thread_blocked, id=20440, stack(0x0000000103000000,0x0000000103100000) (1024K)]
  0x0000012e0a2a2d70 JavaThread "Worker-2: Loading available Gradle versions"        [_thread_blocked, id=21040, stack(0x0000000103100000,0x0000000103200000) (1024K)]
  0x0000012e0a2a26e0 JavaThread "Worker-3: Processing Java changes since last activation"        [_thread_blocked, id=5000, stack(0x0000000103400000,0x0000000103500000) (1024K)]
  0x0000012e0a2a3a90 JavaThread "Java indexing"              daemon [_thread_blocked, id=20052, stack(0x0000000103500000,0x0000000103600000) (1024K)]
  0x0000012e0b761b10 JavaThread "Worker-4: Initialize After Load"        [_thread_blocked, id=20068, stack(0x0000000103600000,0x0000000103700000) (1024K)]
  0x0000012e0b75f3b0 JavaThread "Worker-5"                          [_thread_blocked, id=17660, stack(0x0000000103700000,0x0000000103800000) (1024K)]
  0x0000012e0b75fa40 JavaThread "Thread-2"                   daemon [_thread_in_native, id=19768, stack(0x0000000103800000,0x0000000103900000) (1024K)]
  0x0000012e0b7600d0 JavaThread "Thread-3"                   daemon [_thread_in_native, id=12084, stack(0x0000000103900000,0x0000000103a00000) (1024K)]
  0x0000012e0b760df0 JavaThread "Thread-4"                   daemon [_thread_in_native, id=17680, stack(0x0000000103a00000,0x0000000103b00000) (1024K)]
  0x0000012e0b760760 JavaThread "Thread-5"                   daemon [_thread_in_native, id=19628, stack(0x0000000103b00000,0x0000000103c00000) (1024K)]
  0x0000012e0b761480 JavaThread "Thread-6"                   daemon [_thread_in_native, id=7104, stack(0x0000000103c00000,0x0000000103d00000) (1024K)]
  0x0000012e0b75e690 JavaThread "Thread-7"                   daemon [_thread_in_native, id=21164, stack(0x0000000103d00000,0x0000000103e00000) (1024K)]
  0x0000012e0b7621a0 JavaThread "Thread-8"                   daemon [_thread_in_native, id=16776, stack(0x0000000103e00000,0x0000000103f00000) (1024K)]
  0x0000012e0b75ed20 JavaThread "Thread-9"                   daemon [_thread_in_native, id=21348, stack(0x0000000103f00000,0x0000000104000000) (1024K)]
  0x0000012e0b763be0 JavaThread "Thread-10"                  daemon [_thread_in_native, id=19780, stack(0x0000000104000000,0x0000000104100000) (1024K)]
  0x0000012e0b764f90 JavaThread "Thread-11"                  daemon [_thread_in_native, id=7568, stack(0x0000000104100000,0x0000000104200000) (1024K)]
  0x0000012e0b765cb0 JavaThread "Thread-12"                  daemon [_thread_in_native, id=16952, stack(0x0000000104200000,0x0000000104300000) (1024K)]
  0x0000012e0b765620 JavaThread "Thread-13"                  daemon [_thread_in_native, id=11244, stack(0x0000000104300000,0x0000000104400000) (1024K)]
  0x0000012e0b763550 JavaThread "Thread-14"                  daemon [_thread_in_native, id=17196, stack(0x0000000104400000,0x0000000104500000) (1024K)]
  0x0000012e0b762830 JavaThread "Thread-15"                  daemon [_thread_in_native, id=17548, stack(0x0000000104500000,0x0000000104600000) (1024K)]
  0x0000012e0b762ec0 JavaThread "Thread-16"                  daemon [_thread_in_native, id=15656, stack(0x0000000104600000,0x0000000104700000) (1024K)]
  0x0000012e0b764270 JavaThread "Thread-17"                  daemon [_thread_in_native, id=2116, stack(0x0000000104700000,0x0000000104800000) (1024K)]
  0x0000012e0b764900 JavaThread "Thread-18"                  daemon [_thread_in_native, id=21228, stack(0x0000000104800000,0x0000000104900000) (1024K)]
  0x0000012e0c694260 JavaThread "pool-2-thread-1"                   [_thread_blocked, id=17616, stack(0x0000000104900000,0x0000000104a00000) (1024K)]
Total: 51

Other Threads:
  0x0000012dac9ce870 VMThread "VM Thread"                           [id=17628, stack(0x0000000100900000,0x0000000100a00000) (1024K)]
  0x0000012dc0bdc670 WatcherThread "VM Periodic Task Thread"        [id=17620, stack(0x0000000100800000,0x0000000100900000) (1024K)]
  0x0000012dac9317f0 WorkerThread "GC Thread#0"                     [id=17608, stack(0x0000000100700000,0x0000000100800000) (1024K)]
  0x0000012e09b3dad0 WorkerThread "GC Thread#1"                     [id=17708, stack(0x0000000101b00000,0x0000000101c00000) (1024K)]
  0x0000012e09789c80 WorkerThread "GC Thread#2"                     [id=17664, stack(0x0000000101c00000,0x0000000101d00000) (1024K)]
  0x0000012e09859a00 WorkerThread "GC Thread#3"                     [id=17732, stack(0x0000000101d00000,0x0000000101e00000) (1024K)]
  0x0000012e098b2440 WorkerThread "GC Thread#4"                     [id=17728, stack(0x0000000101e00000,0x0000000101f00000) (1024K)]
  0x0000012e098b27e0 WorkerThread "GC Thread#5"                     [id=17572, stack(0x0000000101f00000,0x0000000102000000) (1024K)]
  0x0000012e09f5ca60 WorkerThread "GC Thread#6"                     [id=20048, stack(0x0000000102100000,0x0000000102200000) (1024K)]
  0x0000012e0986d180 WorkerThread "GC Thread#7"                     [id=16872, stack(0x0000000102200000,0x0000000102300000) (1024K)]
  0x0000012e098315c0 WorkerThread "GC Thread#8"                     [id=1868, stack(0x0000000102700000,0x0000000102800000) (1024K)]
  0x0000012e09c91e80 WorkerThread "GC Thread#9"                     [id=5748, stack(0x0000000102800000,0x0000000102900000) (1024K)]
  0x0000012e09c90c60 WorkerThread "GC Thread#10"                    [id=3812, stack(0x0000000102a00000,0x0000000102b00000) (1024K)]
  0x0000012e09c913a0 WorkerThread "GC Thread#11"                    [id=20364, stack(0x0000000102b00000,0x0000000102c00000) (1024K)]
  0x0000012e09c925c0 WorkerThread "GC Thread#12"                    [id=17512, stack(0x0000000102c00000,0x0000000102d00000) (1024K)]
Total: 15

Threads with active compile tasks:
C2 CompilerThread0  3496 4757       4       org.eclipse.osgi.internal.loader.BundleLoader::addExportedProvidersFor (167 bytes)
C2 CompilerThread1  3496 4473       4       org.lombokweb.asm.ClassReader::readMethod (1070 bytes)
C2 CompilerThread2  3496 4723       4       org.eclipse.osgi.internal.serviceregistry.ServiceRegistry::notifyHooksPrivileged (58 bytes)
C2 CompilerThread3  3496 4795       4       org.osgi.framework.Version::toString0 (102 bytes)
Total: 4

VM state: not at safepoint (normal execution)

VM Mutex/Monitor currently owned by a thread:  ([mutex/lock_event])
[0x00007ffa690fcf00] MethodCompileQueue_lock - owner thread: 0x0000000000000000

Heap address: 0x00000000c0000000, size: 1024 MB, Compressed Oops mode: 32-bit

CDS archive(s) mapped at: [0x0000012dc1000000-0x0000012dc1ba0000-0x0000012dc1ba0000), size 12189696, SharedBaseAddress: 0x0000012dc1000000, ArchiveRelocationMode: 1.
Compressed class space mapped at: 0x0000012dc2000000-0x0000012e02000000, reserved size: 1073741824
Narrow klass base: 0x0000012dc1000000, Narrow klass shift: 0, Narrow klass range: 0x100000000

GC Precious Log:
 CardTable entry size: 512
 CPUs: 16 total, 16 available
 Memory: 24277M
 Large Page Support: Disabled
 NUMA Support: Disabled
 Compressed Oops: Enabled (32-bit)
 Alignments: Space 512K, Generation 512K, Heap 2M
 Heap Min Capacity: 100M
 Heap Initial Capacity: 100M
 Heap Max Capacity: 1G
 Pre-touch: Disabled
 Parallel Workers: 13

Heap:
 PSYoungGen      total 25088K, used 22808K [0x00000000eab00000, 0x00000000ec700000, 0x0000000100000000)
  eden space 23552K, 90% used [0x00000000eab00000,0x00000000ebfcf5d8,0x00000000ec200000)
  from space 1536K, 97% used [0x00000000ec480000,0x00000000ec5f6da0,0x00000000ec600000)
  to   space 1024K, 0% used [0x00000000ec600000,0x00000000ec600000,0x00000000ec700000)
 ParOldGen       total 68608K, used 14276K [0x00000000c0000000, 0x00000000c4300000, 0x00000000eab00000)
  object space 68608K, 20% used [0x00000000c0000000,0x00000000c0df1210,0x00000000c4300000)
 Metaspace       used 31791K, committed 32832K, reserved 1114112K
  class space    used 3094K, committed 3520K, reserved 1048576K

Card table byte_map: [0x0000012dac2b0000,0x0000012dac4c0000] _byte_map_base: 0x0000012dabcb0000

Marking Bits: (ParMarkBitMap*) 0x00007ffa69103260
 Begin Bits: [0x0000012dbeb00000, 0x0000012dbfb00000)
 End Bits:   [0x0000012dbfb00000, 0x0000012dc0b00000)

Polling page: 0x0000012daa510000

Metaspace:

Usage:
  Non-class:     28.03 MB used.
      Class:      3.02 MB used.
       Both:     31.05 MB used.

Virtual space:
  Non-class space:       64.00 MB reserved,      28.62 MB ( 45%) committed,  1 nodes.
      Class space:        1.00 GB reserved,       3.44 MB ( <1%) committed,  1 nodes.
             Both:        1.06 GB reserved,      32.06 MB (  3%) committed. 

Chunk freelists:
   Non-Class:  2.47 MB
       Class:  12.61 MB
        Both:  15.07 MB

MaxMetaspaceSize: unlimited
CompressedClassSpaceSize: 1.00 GB
Initial GC threshold: 21.00 MB
Current GC threshold: 35.56 MB
CDS: on
 - commit_granule_bytes: 65536.
 - commit_granule_words: 8192.
 - virtual_space_node_default_size: 8388608.
 - enlarge_chunks_in_place: 1.
 - use_allocation_guard: 0.


Internal statistics:

num_allocs_failed_limit: 7.
num_arena_births: 636.
num_arena_deaths: 14.
num_vsnodes_births: 2.
num_vsnodes_deaths: 0.
num_space_committed: 513.
num_space_uncommitted: 0.
num_chunks_returned_to_freelist: 21.
num_chunks_taken_from_freelist: 1949.
num_chunk_merges: 9.
num_chunk_splits: 1246.
num_chunks_enlarged: 770.
num_inconsistent_stats: 0.

CodeHeap 'non-profiled nmethods': size=119168Kb used=2230Kb max_used=2230Kb free=116937Kb
 bounds [0x0000012db76a0000, 0x0000012db7910000, 0x0000012dbeb00000]
CodeHeap 'profiled nmethods': size=119104Kb used=10326Kb max_used=10326Kb free=108777Kb
 bounds [0x0000012dafb00000, 0x0000012db0520000, 0x0000012db6f50000]
CodeHeap 'non-nmethods': size=7488Kb used=3052Kb max_used=3078Kb free=4435Kb
 bounds [0x0000012db6f50000, 0x0000012db7260000, 0x0000012db76a0000]
 total_blobs=5452 nmethods=4804 adapters=551
 compilation: enabled
              stopped_count=0, restarted_count=0
 full_count=0

Compilation events (20 events):
Event: 3.408 Thread 0x0000012e0363bd40 4769       3       java.lang.invoke.InnerClassLambdaMetafactory::lambdaClassName (48 bytes)
Event: 3.409 Thread 0x0000012e0363bd40 nmethod 4769 0x0000012db04f3190 code [0x0000012db04f33e0, 0x0000012db04f3ab0]
Event: 3.409 Thread 0x0000012e0363bd40 4771       3       java.lang.invoke.AbstractValidatingLambdaMetafactory::isAdaptableToAsReturn (36 bytes)
Event: 3.409 Thread 0x0000012e0363c3e0 nmethod 4772 0x0000012db04f3d90 code [0x0000012db04f41a0, 0x0000012db04f62c0]
Event: 3.409 Thread 0x0000012e0363bd40 nmethod 4771 0x0000012db04f6e90 code [0x0000012db04f7060, 0x0000012db04f74d0]
Event: 3.410 Thread 0x0000012e09ccee70 nmethod 4762 0x0000012db78c5b10 code [0x0000012db78c5d60, 0x0000012db78c6928]
Event: 3.410 Thread 0x0000012e0363bd40 4773       3       java.lang.invoke.AbstractValidatingLambdaMetafactory::isAdaptableToAsReturnStrict (34 bytes)
Event: 3.410 Thread 0x0000012e0363c3e0 4774   !   3       java.lang.invoke.InnerClassLambdaMetafactory::buildCallSite (150 bytes)
Event: 3.411 Thread 0x0000012e0363bd40 nmethod 4773 0x0000012db04f7610 code [0x0000012db04f7800, 0x0000012db04f7d78]
Event: 3.412 Thread 0x0000012e09ccee70 4764       4       java.util.concurrent.locks.ReentrantLock$Sync::isHeldExclusively (16 bytes)
Event: 3.413 Thread 0x0000012e034e8cc0 nmethod 4766 0x0000012db04f7f10 code [0x0000012db04f8740, 0x0000012db04fd140]
Event: 3.413 Thread 0x0000012e0363c3e0 nmethod 4774 0x0000012db04fed90 code [0x0000012db04ff180, 0x0000012db0500a30]
Event: 3.414 Thread 0x0000012e03648ab0 nmethod 4770 0x0000012db0501790 code [0x0000012db05021e0, 0x0000012db0509168]
Event: 3.414 Thread 0x0000012e09ccee70 nmethod 4764 0x0000012db78c7090 code [0x0000012db78c7220, 0x0000012db78c72c8]
Event: 3.417 Thread 0x0000012e034e8cc0 4777       3       java.lang.invoke.LambdaMetafactory::metafactory (71 bytes)
Event: 3.418 Thread 0x0000012e034e8cc0 nmethod 4777 0x0000012db050b990 code [0x0000012db050bc20, 0x0000012db050c718]
Event: 3.419 Thread 0x0000012e034e8cc0 4778       3       java.lang.Thread::isVirtual (5 bytes)
Event: 3.419 Thread 0x0000012e034e8cc0 nmethod 4778 0x0000012db050cc10 code [0x0000012db050cdc0, 0x0000012db050cfc8]
Event: 3.421 Thread 0x0000012e03648ab0 4779       3       java.util.HashSet::size (8 bytes)
Event: 3.421 Thread 0x0000012e03648ab0 nmethod 4779 0x0000012db050d090 code [0x0000012db050d220, 0x0000012db050d3d0]

GC Heap History (20 events):
Event: 1.470 GC heap before
{Heap before GC invocations=3 (full 0):
 PSYoungGen      total 29696K, used 29657K [0x00000000eab00000, 0x00000000ecc00000, 0x0000000100000000)
  eden space 25600K, 99% used [0x00000000eab00000,0x00000000ec3fd658,0x00000000ec400000)
  from space 4096K, 99% used [0x00000000ec800000,0x00000000ecbf9178,0x00000000ecc00000)
  to   space 4096K, 0% used [0x00000000ec400000,0x00000000ec400000,0x00000000ec800000)
 ParOldGen       total 68608K, used 1595K [0x00000000c0000000, 0x00000000c4300000, 0x00000000eab00000)
  object space 68608K, 2% used [0x00000000c0000000,0x00000000c018ef30,0x00000000c4300000)
 Metaspace       used 9146K, committed 9472K, reserved 1114112K
  class space    used 912K, committed 1088K, reserved 1048576K
}
Event: 1.478 GC heap after
{Heap after GC invocations=3 (full 0):
 PSYoungGen      total 29696K, used 4085K [0x00000000eab00000, 0x00000000ecc00000, 0x0000000100000000)
  eden space 25600K, 0% used [0x00000000eab00000,0x00000000eab00000,0x00000000ec400000)
  from space 4096K, 99% used [0x00000000ec400000,0x00000000ec7fd638,0x00000000ec800000)
  to   space 4096K, 0% used [0x00000000ec800000,0x00000000ec800000,0x00000000ecc00000)
 ParOldGen       total 68608K, used 5426K [0x00000000c0000000, 0x00000000c4300000, 0x00000000eab00000)
  object space 68608K, 7% used [0x00000000c0000000,0x00000000c054c898,0x00000000c4300000)
 Metaspace       used 9146K, committed 9472K, reserved 1114112K
  class space    used 912K, committed 1088K, reserved 1048576K
}
Event: 1.834 GC heap before
{Heap before GC invocations=4 (full 0):
 PSYoungGen      total 29696K, used 29582K [0x00000000eab00000, 0x00000000ecc00000, 0x0000000100000000)
  eden space 25600K, 99% used [0x00000000eab00000,0x00000000ec3e6328,0x00000000ec400000)
  from space 4096K, 99% used [0x00000000ec400000,0x00000000ec7fd638,0x00000000ec800000)
  to   space 4096K, 0% used [0x00000000ec800000,0x00000000ec800000,0x00000000ecc00000)
 ParOldGen       total 68608K, used 5426K [0x00000000c0000000, 0x00000000c4300000, 0x00000000eab00000)
  object space 68608K, 7% used [0x00000000c0000000,0x00000000c054c898,0x00000000c4300000)
 Metaspace       used 12200K, committed 12608K, reserved 1114112K
  class space    used 1196K, committed 1344K, reserved 1048576K
}
Event: 1.838 GC heap after
{Heap after GC invocations=4 (full 0):
 PSYoungGen      total 29696K, used 4065K [0x00000000eab00000, 0x00000000ecc00000, 0x0000000100000000)
  eden space 25600K, 0% used [0x00000000eab00000,0x00000000eab00000,0x00000000ec400000)
  from space 4096K, 99% used [0x00000000ec800000,0x00000000ecbf8610,0x00000000ecc00000)
  to   space 4096K, 0% used [0x00000000ec400000,0x00000000ec400000,0x00000000ec800000)
 ParOldGen       total 68608K, used 6962K [0x00000000c0000000, 0x00000000c4300000, 0x00000000eab00000)
  object space 68608K, 10% used [0x00000000c0000000,0x00000000c06cc9d8,0x00000000c4300000)
 Metaspace       used 12200K, committed 12608K, reserved 1114112K
  class space    used 1196K, committed 1344K, reserved 1048576K
}
Event: 2.172 GC heap before
{Heap before GC invocations=5 (full 0):
 PSYoungGen      total 29696K, used 29665K [0x00000000eab00000, 0x00000000ecc00000, 0x0000000100000000)
  eden space 25600K, 100% used [0x00000000eab00000,0x00000000ec400000,0x00000000ec400000)
  from space 4096K, 99% used [0x00000000ec800000,0x00000000ecbf8610,0x00000000ecc00000)
  to   space 4096K, 0% used [0x00000000ec400000,0x00000000ec400000,0x00000000ec800000)
 ParOldGen       total 68608K, used 6962K [0x00000000c0000000, 0x00000000c4300000, 0x00000000eab00000)
  object space 68608K, 10% used [0x00000000c0000000,0x00000000c06cc9d8,0x00000000c4300000)
 Metaspace       used 15685K, committed 16320K, reserved 1114112K
  class space    used 1523K, committed 1792K, reserved 1048576K
}
Event: 2.176 GC heap after
{Heap after GC invocations=5 (full 0):
 PSYoungGen      total 29184K, used 4077K [0x00000000eab00000, 0x00000000ece80000, 0x0000000100000000)
  eden space 25088K, 0% used [0x00000000eab00000,0x00000000eab00000,0x00000000ec380000)
  from space 4096K, 99% used [0x00000000ec400000,0x00000000ec7fb680,0x00000000ec800000)
  to   space 5632K, 0% used [0x00000000ec900000,0x00000000ec900000,0x00000000ece80000)
 ParOldGen       total 68608K, used 8192K [0x00000000c0000000, 0x00000000c4300000, 0x00000000eab00000)
  object space 68608K, 11% used [0x00000000c0000000,0x00000000c08000c8,0x00000000c4300000)
 Metaspace       used 15685K, committed 16320K, reserved 1114112K
  class space    used 1523K, committed 1792K, reserved 1048576K
}
Event: 2.523 GC heap before
{Heap before GC invocations=6 (full 0):
 PSYoungGen      total 29184K, used 29165K [0x00000000eab00000, 0x00000000ece80000, 0x0000000100000000)
  eden space 25088K, 100% used [0x00000000eab00000,0x00000000ec380000,0x00000000ec380000)
  from space 4096K, 99% used [0x00000000ec400000,0x00000000ec7fb680,0x00000000ec800000)
  to   space 5632K, 0% used [0x00000000ec900000,0x00000000ec900000,0x00000000ece80000)
 ParOldGen       total 68608K, used 8192K [0x00000000c0000000, 0x00000000c4300000, 0x00000000eab00000)
  object space 68608K, 11% used [0x00000000c0000000,0x00000000c08000c8,0x00000000c4300000)
 Metaspace       used 18704K, committed 19456K, reserved 1114112K
  class space    used 1851K, committed 2176K, reserved 1048576K
}
Event: 2.527 GC heap after
{Heap after GC invocations=6 (full 0):
 PSYoungGen      total 29696K, used 4762K [0x00000000eab00000, 0x00000000ece00000, 0x0000000100000000)
  eden space 24576K, 0% used [0x00000000eab00000,0x00000000eab00000,0x00000000ec300000)
  from space 5120K, 93% used [0x00000000ec900000,0x00000000ecda6a80,0x00000000ece00000)
  to   space 5120K, 0% used [0x00000000ec400000,0x00000000ec400000,0x00000000ec900000)
 ParOldGen       total 68608K, used 8200K [0x00000000c0000000, 0x00000000c4300000, 0x00000000eab00000)
  object space 68608K, 11% used [0x00000000c0000000,0x00000000c08020c8,0x00000000c4300000)
 Metaspace       used 18704K, committed 19456K, reserved 1114112K
  class space    used 1851K, committed 2176K, reserved 1048576K
}
Event: 2.679 GC heap before
{Heap before GC invocations=7 (full 0):
 PSYoungGen      total 29696K, used 22784K [0x00000000eab00000, 0x00000000ece00000, 0x0000000100000000)
  eden space 24576K, 73% used [0x00000000eab00000,0x00000000ebc995b0,0x00000000ec300000)
  from space 5120K, 93% used [0x00000000ec900000,0x00000000ecda6a80,0x00000000ece00000)
  to   space 5120K, 0% used [0x00000000ec400000,0x00000000ec400000,0x00000000ec900000)
 ParOldGen       total 68608K, used 8200K [0x00000000c0000000, 0x00000000c4300000, 0x00000000eab00000)
  object space 68608K, 11% used [0x00000000c0000000,0x00000000c08020c8,0x00000000c4300000)
 Metaspace       used 20699K, committed 21568K, reserved 1114112K
  class space    used 2077K, committed 2432K, reserved 1048576K
}
Event: 2.682 GC heap after
{Heap after GC invocations=7 (full 0):
 PSYoungGen      total 28672K, used 4018K [0x00000000eab00000, 0x00000000ecc00000, 0x0000000100000000)
  eden space 24576K, 0% used [0x00000000eab00000,0x00000000eab00000,0x00000000ec300000)
  from space 4096K, 98% used [0x00000000ec400000,0x00000000ec7ecb70,0x00000000ec800000)
  to   space 4096K, 0% used [0x00000000ec800000,0x00000000ec800000,0x00000000ecc00000)
 ParOldGen       total 68608K, used 9614K [0x00000000c0000000, 0x00000000c4300000, 0x00000000eab00000)
  object space 68608K, 14% used [0x00000000c0000000,0x00000000c09639d8,0x00000000c4300000)
 Metaspace       used 20699K, committed 21568K, reserved 1114112K
  class space    used 2077K, committed 2432K, reserved 1048576K
}
Event: 2.703 GC heap before
{Heap before GC invocations=8 (full 0):
 PSYoungGen      total 28672K, used 6272K [0x00000000eab00000, 0x00000000ecc00000, 0x0000000100000000)
  eden space 24576K, 9% used [0x00000000eab00000,0x00000000ead334c0,0x00000000ec300000)
  from space 4096K, 98% used [0x00000000ec400000,0x00000000ec7ecb70,0x00000000ec800000)
  to   space 4096K, 0% used [0x00000000ec800000,0x00000000ec800000,0x00000000ecc00000)
 ParOldGen       total 68608K, used 9614K [0x00000000c0000000, 0x00000000c4300000, 0x00000000eab00000)
  object space 68608K, 14% used [0x00000000c0000000,0x00000000c09639d8,0x00000000c4300000)
 Metaspace       used 20950K, committed 21824K, reserved 1114112K
  class space    used 2092K, committed 2496K, reserved 1048576K
}
Event: 2.705 GC heap after
{Heap after GC invocations=8 (full 0):
 PSYoungGen      total 28672K, used 3743K [0x00000000eab00000, 0x00000000ecc00000, 0x0000000100000000)
  eden space 24576K, 0% used [0x00000000eab00000,0x00000000eab00000,0x00000000ec300000)
  from space 4096K, 91% used [0x00000000ec800000,0x00000000ecba7e98,0x00000000ecc00000)
  to   space 4096K, 0% used [0x00000000ec400000,0x00000000ec400000,0x00000000ec800000)
 ParOldGen       total 68608K, used 10317K [0x00000000c0000000, 0x00000000c4300000, 0x00000000eab00000)
  object space 68608K, 15% used [0x00000000c0000000,0x00000000c0a134f0,0x00000000c4300000)
 Metaspace       used 20950K, committed 21824K, reserved 1114112K
  class space    used 2092K, committed 2496K, reserved 1048576K
}
Event: 2.705 GC heap before
{Heap before GC invocations=9 (full 1):
 PSYoungGen      total 28672K, used 3743K [0x00000000eab00000, 0x00000000ecc00000, 0x0000000100000000)
  eden space 24576K, 0% used [0x00000000eab00000,0x00000000eab00000,0x00000000ec300000)
  from space 4096K, 91% used [0x00000000ec800000,0x00000000ecba7e98,0x00000000ecc00000)
  to   space 4096K, 0% used [0x00000000ec400000,0x00000000ec400000,0x00000000ec800000)
 ParOldGen       total 68608K, used 10317K [0x00000000c0000000, 0x00000000c4300000, 0x00000000eab00000)
  object space 68608K, 15% used [0x00000000c0000000,0x00000000c0a134f0,0x00000000c4300000)
 Metaspace       used 20950K, committed 21824K, reserved 1114112K
  class space    used 2092K, committed 2496K, reserved 1048576K
}
Event: 2.739 GC heap after
{Heap after GC invocations=9 (full 1):
 PSYoungGen      total 28672K, used 0K [0x00000000eab00000, 0x00000000ecc00000, 0x0000000100000000)
  eden space 24576K, 0% used [0x00000000eab00000,0x00000000eab00000,0x00000000ec300000)
  from space 4096K, 0% used [0x00000000ec800000,0x00000000ec800000,0x00000000ecc00000)
  to   space 4096K, 0% used [0x00000000ec400000,0x00000000ec400000,0x00000000ec800000)
 ParOldGen       total 68608K, used 12849K [0x00000000c0000000, 0x00000000c4300000, 0x00000000eab00000)
  object space 68608K, 18% used [0x00000000c0000000,0x00000000c0c8c4f0,0x00000000c4300000)
 Metaspace       used 20938K, committed 21824K, reserved 1114112K
  class space    used 2089K, committed 2496K, reserved 1048576K
}
Event: 2.886 GC heap before
{Heap before GC invocations=10 (full 1):
 PSYoungGen      total 28672K, used 24576K [0x00000000eab00000, 0x00000000ecc00000, 0x0000000100000000)
  eden space 24576K, 100% used [0x00000000eab00000,0x00000000ec300000,0x00000000ec300000)
  from space 4096K, 0% used [0x00000000ec800000,0x00000000ec800000,0x00000000ecc00000)
  to   space 4096K, 0% used [0x00000000ec400000,0x00000000ec400000,0x00000000ec800000)
 ParOldGen       total 68608K, used 12849K [0x00000000c0000000, 0x00000000c4300000, 0x00000000eab00000)
  object space 68608K, 18% used [0x00000000c0000000,0x00000000c0c8c4f0,0x00000000c4300000)
 Metaspace       used 23610K, committed 24448K, reserved 1114112K
  class space    used 2260K, committed 2624K, reserved 1048576K
}
Event: 2.887 GC heap after
{Heap after GC invocations=10 (full 1):
 PSYoungGen      total 24576K, used 416K [0x00000000eab00000, 0x00000000ec880000, 0x0000000100000000)
  eden space 24064K, 0% used [0x00000000eab00000,0x00000000eab00000,0x00000000ec280000)
  from space 512K, 81% used [0x00000000ec400000,0x00000000ec468000,0x00000000ec480000)
  to   space 2048K, 0% used [0x00000000ec680000,0x00000000ec680000,0x00000000ec880000)
 ParOldGen       total 68608K, used 12857K [0x00000000c0000000, 0x00000000c4300000, 0x00000000eab00000)
  object space 68608K, 18% used [0x00000000c0000000,0x00000000c0c8e4f0,0x00000000c4300000)
 Metaspace       used 23610K, committed 24448K, reserved 1114112K
  class space    used 2260K, committed 2624K, reserved 1048576K
}
Event: 3.013 GC heap before
{Heap before GC invocations=11 (full 1):
 PSYoungGen      total 24576K, used 24480K [0x00000000eab00000, 0x00000000ec880000, 0x0000000100000000)
  eden space 24064K, 100% used [0x00000000eab00000,0x00000000ec280000,0x00000000ec280000)
  from space 512K, 81% used [0x00000000ec400000,0x00000000ec468000,0x00000000ec480000)
  to   space 2048K, 0% used [0x00000000ec680000,0x00000000ec680000,0x00000000ec880000)
 ParOldGen       total 68608K, used 12857K [0x00000000c0000000, 0x00000000c4300000, 0x00000000eab00000)
  object space 68608K, 18% used [0x00000000c0000000,0x00000000c0c8e518,0x00000000c4300000)
 Metaspace       used 26785K, committed 27712K, reserved 1114112K
  class space    used 2585K, committed 3008K, reserved 1048576K
}
Event: 3.015 GC heap after
{Heap after GC invocations=11 (full 1):
 PSYoungGen      total 25088K, used 980K [0x00000000eab00000, 0x00000000ec780000, 0x0000000100000000)
  eden space 24064K, 0% used [0x00000000eab00000,0x00000000eab00000,0x00000000ec280000)
  from space 1024K, 95% used [0x00000000ec680000,0x00000000ec7750d0,0x00000000ec780000)
  to   space 1536K, 0% used [0x00000000ec480000,0x00000000ec480000,0x00000000ec600000)
 ParOldGen       total 68608K, used 12857K [0x00000000c0000000, 0x00000000c4300000, 0x00000000eab00000)
  object space 68608K, 18% used [0x00000000c0000000,0x00000000c0c8e518,0x00000000c4300000)
 Metaspace       used 26785K, committed 27712K, reserved 1114112K
  class space    used 2585K, committed 3008K, reserved 1048576K
}
Event: 3.186 GC heap before
{Heap before GC invocations=12 (full 1):
 PSYoungGen      total 25088K, used 25044K [0x00000000eab00000, 0x00000000ec780000, 0x0000000100000000)
  eden space 24064K, 100% used [0x00000000eab00000,0x00000000ec280000,0x00000000ec280000)
  from space 1024K, 95% used [0x00000000ec680000,0x00000000ec7750d0,0x00000000ec780000)
  to   space 1536K, 0% used [0x00000000ec480000,0x00000000ec480000,0x00000000ec600000)
 ParOldGen       total 68608K, used 12859K [0x00000000c0000000, 0x00000000c4300000, 0x00000000eab00000)
  object space 68608K, 18% used [0x00000000c0000000,0x00000000c0c8ecf8,0x00000000c4300000)
 Metaspace       used 28295K, committed 29184K, reserved 1114112K
  class space    used 2713K, committed 3136K, reserved 1048576K
}
Event: 3.187 GC heap after
{Heap after GC invocations=12 (full 1):
 PSYoungGen      total 25088K, used 1499K [0x00000000eab00000, 0x00000000ec700000, 0x0000000100000000)
  eden space 23552K, 0% used [0x00000000eab00000,0x00000000eab00000,0x00000000ec200000)
  from space 1536K, 97% used [0x00000000ec480000,0x00000000ec5f6da0,0x00000000ec600000)
  to   space 1024K, 0% used [0x00000000ec600000,0x00000000ec600000,0x00000000ec700000)
 ParOldGen       total 68608K, used 14276K [0x00000000c0000000, 0x00000000c4300000, 0x00000000eab00000)
  object space 68608K, 20% used [0x00000000c0000000,0x00000000c0df1210,0x00000000c4300000)
 Metaspace       used 28295K, committed 29184K, reserved 1114112K
  class space    used 2713K, committed 3136K, reserved 1048576K
}

Dll operation events (12 events):
Event: 0.013 Loaded shared library c:\Users\Thilina\.vscode\extensions\redhat.java-1.40.0-win32-x64\jre\21.0.6-win32-x86_64\bin\java.dll
Event: 0.085 Loaded shared library c:\Users\Thilina\.vscode\extensions\redhat.java-1.40.0-win32-x64\jre\21.0.6-win32-x86_64\bin\zip.dll
Event: 0.108 Loaded shared library C:\Users\Thilina\.vscode\extensions\redhat.java-1.40.0-win32-x64\jre\21.0.6-win32-x86_64\bin\instrument.dll
Event: 0.113 Loaded shared library C:\Users\Thilina\.vscode\extensions\redhat.java-1.40.0-win32-x64\jre\21.0.6-win32-x86_64\bin\net.dll
Event: 0.115 Loaded shared library C:\Users\Thilina\.vscode\extensions\redhat.java-1.40.0-win32-x64\jre\21.0.6-win32-x86_64\bin\nio.dll
Event: 0.119 Loaded shared library C:\Users\Thilina\.vscode\extensions\redhat.java-1.40.0-win32-x64\jre\21.0.6-win32-x86_64\bin\zip.dll
Event: 0.136 Loaded shared library C:\Users\Thilina\.vscode\extensions\redhat.java-1.40.0-win32-x64\jre\21.0.6-win32-x86_64\bin\jimage.dll
Event: 0.216 Loaded shared library c:\Users\Thilina\.vscode\extensions\redhat.java-1.40.0-win32-x64\jre\21.0.6-win32-x86_64\bin\verify.dll
Event: 1.207 Loaded shared library C:\Users\Thilina\AppData\Roaming\Code\User\globalStorage\redhat.java\1.40.0\config_win\org.eclipse.equinox.launcher\org.eclipse.equinox.launcher.win32.win32.x86_64_1.2.1200.v20250212-0927\eclipse_11909.dll
Event: 2.283 Loaded shared library C:\Users\Thilina\AppData\Local\Temp\jna-318621125\jna10683444860846180414.dll
Event: 3.248 Loaded shared library C:\Users\Thilina\.vscode\extensions\redhat.java-1.40.0-win32-x64\jre\21.0.6-win32-x86_64\bin\management.dll
Event: 3.251 Loaded shared library C:\Users\Thilina\.vscode\extensions\redhat.java-1.40.0-win32-x64\jre\21.0.6-win32-x86_64\bin\management_ext.dll

Deoptimization events (20 events):
Event: 3.409 Thread 0x0000012dac911e70 Uncommon trap: trap_request=0xffffff45 fr.pc=0x0000012db787de70 relative=0x0000000000000110
Event: 3.409 Thread 0x0000012dac911e70 Uncommon trap: reason=unstable_if action=reinterpret pc=0x0000012db787de70 method=java.io.WinNTFileSystem.normalize(Ljava/lang/String;)Ljava/lang/String; @ 74 c2
Event: 3.409 Thread 0x0000012dac911e70 DEOPT PACKING pc=0x0000012db787de70 sp=0x00000001006fe6e0
Event: 3.409 Thread 0x0000012dac911e70 DEOPT UNPACKING pc=0x0000012db6fa6da2 sp=0x00000001006fe6c8 mode 2
Event: 3.419 Thread 0x0000012e0b7600d0 Uncommon trap: trap_request=0xffffffde fr.pc=0x0000012db78c06c0 relative=0x00000000000003c0
Event: 3.419 Thread 0x0000012e0b7600d0 Uncommon trap: reason=class_check action=maybe_recompile pc=0x0000012db78c06c0 method=java.lang.ThreadLocal.set(Ljava/lang/Thread;Ljava/lang/Object;)V @ 22 c2
Event: 3.419 Thread 0x0000012e0b7600d0 DEOPT PACKING pc=0x0000012db78c06c0 sp=0x00000001039fee10
Event: 3.419 Thread 0x0000012e0b760df0 Uncommon trap: trap_request=0xffffffde fr.pc=0x0000012db78c06c0 relative=0x00000000000003c0
Event: 3.419 Thread 0x0000012e0b7600d0 DEOPT UNPACKING pc=0x0000012db6fa6da2 sp=0x00000001039fed58 mode 2
Event: 3.419 Thread 0x0000012e0b760df0 Uncommon trap: reason=class_check action=maybe_recompile pc=0x0000012db78c06c0 method=java.lang.ThreadLocal.set(Ljava/lang/Thread;Ljava/lang/Object;)V @ 22 c2
Event: 3.419 Thread 0x0000012e0b760df0 DEOPT PACKING pc=0x0000012db78c06c0 sp=0x0000000103aff460
Event: 3.419 Thread 0x0000012e0b760df0 DEOPT UNPACKING pc=0x0000012db6fa6da2 sp=0x0000000103aff3a8 mode 2
Event: 3.419 Thread 0x0000012e0b760760 Uncommon trap: trap_request=0xffffffde fr.pc=0x0000012db78c06c0 relative=0x00000000000003c0
Event: 3.419 Thread 0x0000012e0b760760 Uncommon trap: reason=class_check action=maybe_recompile pc=0x0000012db78c06c0 method=java.lang.ThreadLocal.set(Ljava/lang/Thread;Ljava/lang/Object;)V @ 22 c2
Event: 3.419 Thread 0x0000012e0b760760 DEOPT PACKING pc=0x0000012db78c06c0 sp=0x0000000103bfeff0
Event: 3.419 Thread 0x0000012e0b760760 DEOPT UNPACKING pc=0x0000012db6fa6da2 sp=0x0000000103bfef38 mode 2
Event: 3.419 Thread 0x0000012e0b761480 Uncommon trap: trap_request=0xffffffde fr.pc=0x0000012db78c06c0 relative=0x00000000000003c0
Event: 3.419 Thread 0x0000012e0b761480 Uncommon trap: reason=class_check action=maybe_recompile pc=0x0000012db78c06c0 method=java.lang.ThreadLocal.set(Ljava/lang/Thread;Ljava/lang/Object;)V @ 22 c2
Event: 3.419 Thread 0x0000012e0b761480 DEOPT PACKING pc=0x0000012db78c06c0 sp=0x0000000103cff330
Event: 3.419 Thread 0x0000012e0b761480 DEOPT UNPACKING pc=0x0000012db6fa6da2 sp=0x0000000103cff278 mode 2

Classes loaded (20 events):
Event: 3.416 Loading class sun/nio/ch/AsynchronousChannelGroupImpl done
Event: 3.416 Loading class sun/nio/ch/Iocp done
Event: 3.416 Loading class sun/nio/ch/Iocp$CompletionStatus
Event: 3.416 Loading class sun/nio/ch/Iocp$CompletionStatus done
Event: 3.416 Loading class sun/nio/ch/ThreadPool
Event: 3.416 Loading class sun/nio/ch/ThreadPool done
Event: 3.417 Loading class sun/nio/ch/Iocp$EventHandlerTask
Event: 3.418 Loading class sun/nio/ch/Iocp$EventHandlerTask done
Event: 3.418 Loading class sun/nio/ch/AsynchronousChannelGroupImpl$2
Event: 3.418 Loading class sun/nio/ch/AsynchronousChannelGroupImpl$2 done
Event: 3.418 Loading class sun/nio/ch/AsynchronousChannelGroupImpl$1
Event: 3.418 Loading class sun/nio/ch/AsynchronousChannelGroupImpl$1 done
Event: 3.418 Loading class sun/nio/ch/Invoker
Event: 3.419 Loading class sun/nio/ch/Invoker done
Event: 3.419 Loading class sun/nio/ch/Invoker$1
Event: 3.419 Loading class sun/nio/ch/Invoker$1 done
Event: 3.419 Loading class sun/nio/ch/Invoker$GroupAndInvokeCount
Event: 3.419 Loading class sun/nio/ch/Invoker$GroupAndInvokeCount done
Event: 3.421 Loading class sun/nio/ch/PendingIoCache
Event: 3.422 Loading class sun/nio/ch/PendingIoCache done

Classes unloaded (7 events):
Event: 2.711 Thread 0x0000012dac9ce870 Unloading class 0x0000012dc2196400 'java/lang/invoke/LambdaForm$MH+0x0000012dc2196400'
Event: 2.711 Thread 0x0000012dac9ce870 Unloading class 0x0000012dc2196000 'java/lang/invoke/LambdaForm$MH+0x0000012dc2196000'
Event: 2.711 Thread 0x0000012dac9ce870 Unloading class 0x0000012dc2195c00 'java/lang/invoke/LambdaForm$MH+0x0000012dc2195c00'
Event: 2.711 Thread 0x0000012dac9ce870 Unloading class 0x0000012dc2195800 'java/lang/invoke/LambdaForm$MH+0x0000012dc2195800'
Event: 2.711 Thread 0x0000012dac9ce870 Unloading class 0x0000012dc2195400 'java/lang/invoke/LambdaForm$BMH+0x0000012dc2195400'
Event: 2.711 Thread 0x0000012dac9ce870 Unloading class 0x0000012dc2195000 'java/lang/invoke/LambdaForm$DMH+0x0000012dc2195000'
Event: 2.711 Thread 0x0000012dac9ce870 Unloading class 0x0000012dc2193c00 'java/lang/invoke/LambdaForm$DMH+0x0000012dc2193c00'

Classes redefined (0 events):
No events

Internal exceptions (20 events):
Event: 2.627 Thread 0x0000012e09902aa0 Exception <a 'java/lang/NoSuchMethodError'{0x00000000eb731008}: 'long java.lang.invoke.DirectMethodHandle$Holder.invokeSpecial(java.lang.Object, java.lang.Object)'> (0x00000000eb731008) 
thrown [s\src\hotspot\share\interpreter\linkResolver.cpp, line 773]
Event: 2.627 Thread 0x0000012e09902aa0 Exception <a 'java/lang/NoSuchMethodError'{0x00000000eb735438}: 'long java.lang.invoke.Invokers$Holder.invokeExact_MT(java.lang.Object, java.lang.Object)'> (0x00000000eb735438) 
thrown [s\src\hotspot\share\interpreter\linkResolver.cpp, line 773]
Event: 2.741 Thread 0x0000012e09902aa0 Exception <a 'java/lang/NoSuchMethodError'{0x00000000eab180c0}: 'double java.lang.invoke.DirectMethodHandle$Holder.invokeStatic(java.lang.Object, java.lang.Object)'> (0x00000000eab180c0) 
thrown [s\src\hotspot\share\interpreter\linkResolver.cpp, line 773]
Event: 2.742 Thread 0x0000012e09902aa0 Exception <a 'java/lang/NoSuchMethodError'{0x00000000eab1b750}: 'double java.lang.invoke.DirectMethodHandle$Holder.invokeStaticInit(java.lang.Object, java.lang.Object)'> (0x00000000eab1b750) 
thrown [s\src\hotspot\share\interpreter\linkResolver.cpp, line 773]
Event: 2.770 Thread 0x0000012e0a2a2050 Exception <a 'java/lang/NoSuchMethodError'{0x00000000eae5c2d8}: 'java.lang.Object java.lang.invoke.DirectMethodHandle$Holder.newInvokeSpecial(java.lang.Object, java.lang.Object, java.lang.Object, java.lang.Object, java.lang.Object)'> (0x00000000eae5c2d8) 
thrown [s\src\hotspot\share\interpreter\linkResolver.cpp, line 773]
Event: 2.840 Thread 0x0000012e09902aa0 Exception <a 'java/io/FileNotFoundException'{0x00000000ebcdb898}> (0x00000000ebcdb898) 
thrown [s\src\hotspot\share\prims\jni.cpp, line 520]
Event: 2.840 Thread 0x0000012e09902aa0 Exception <a 'java/io/FileNotFoundException'{0x00000000ebcdc6e0}> (0x00000000ebcdc6e0) 
thrown [s\src\hotspot\share\prims\jni.cpp, line 520]
Event: 2.841 Thread 0x0000012e09902aa0 Exception <a 'java/io/FileNotFoundException'{0x00000000ebcdd630}> (0x00000000ebcdd630) 
thrown [s\src\hotspot\share\prims\jni.cpp, line 520]
Event: 2.906 Thread 0x0000012e0a2a2050 Exception <a 'java/io/FileNotFoundException'{0x00000000eaefdb18}> (0x00000000eaefdb18) 
thrown [s\src\hotspot\share\prims\jni.cpp, line 520]
Event: 2.920 Thread 0x0000012e0a2a2050 Exception <a 'java/lang/UnsatisfiedLinkError'{0x00000000eb17c130}: The specified procedure could not be found.
> (0x00000000eb17c130) 
thrown [s\src\hotspot\share\prims\jni.cpp, line 539]
Event: 2.923 Thread 0x0000012e0a2a2050 Exception <a 'java/io/FileNotFoundException'{0x00000000eb1949e0}> (0x00000000eb1949e0) 
thrown [s\src\hotspot\share\prims\jni.cpp, line 520]
Event: 2.935 Thread 0x0000012e0a2a2050 Exception <a 'java/io/FileNotFoundException'{0x00000000eb32c468}> (0x00000000eb32c468) 
thrown [s\src\hotspot\share\prims\jni.cpp, line 520]
Event: 2.941 Thread 0x0000012e0a2a2050 Exception <a 'java/lang/UnsatisfiedLinkError'{0x00000000eb404c60}: The specified procedure could not be found.
> (0x00000000eb404c60) 
thrown [s\src\hotspot\share\prims\jni.cpp, line 539]
Event: 2.973 Thread 0x0000012e09902aa0 Implicit null exception at 0x0000012db7878d75 to 0x0000012db7878e88
Event: 3.040 Thread 0x0000012e0a2a2050 Exception <a 'java/io/FileNotFoundException'{0x00000000eafa0c90}> (0x00000000eafa0c90) 
thrown [s\src\hotspot\share\prims\jni.cpp, line 520]
Event: 3.087 Thread 0x0000012e09902aa0 Exception <a 'java/io/FileNotFoundException'{0x00000000ebc71150}> (0x00000000ebc71150) 
thrown [s\src\hotspot\share\prims\jni.cpp, line 520]
Event: 3.303 Thread 0x0000012e09902aa0 Exception <a 'java/lang/ClassNotFoundException'{0x00000000eb2ad458}: com/sun/org/apache/xml/internal/serializer/spi/XMLEntitiesProvider> (0x00000000eb2ad458) 
thrown [s\src\hotspot\share\classfile\systemDictionary.cpp, line 312]
Event: 3.405 Thread 0x0000012dac911e70 Exception <a 'java/lang/NoSuchMethodError'{0x00000000eb9d12b0}: 'java.lang.Object java.lang.invoke.DirectMethodHandle$Holder.invokeStatic(java.lang.Object, long, java.lang.Object)'> (0x00000000eb9d12b0) 
thrown [s\src\hotspot\share\interpreter\linkResolver.cpp, line 773]
Event: 3.406 Thread 0x0000012dac911e70 Exception <a 'java/lang/NoSuchMethodError'{0x00000000eb9db0a8}: 'java.lang.Object java.lang.invoke.DirectMethodHandle$Holder.invokeStaticInit(java.lang.Object, long, java.lang.Object)'> (0x00000000eb9db0a8) 
thrown [s\src\hotspot\share\interpreter\linkResolver.cpp, line 773]
Event: 3.407 Thread 0x0000012dac911e70 Exception <a 'java/lang/NoSuchMethodError'{0x00000000eb9e0a70}: 'java.lang.Object java.lang.invoke.DirectMethodHandle$Holder.newInvokeSpecial(java.lang.Object, long)'> (0x00000000eb9e0a70) 
thrown [s\src\hotspot\share\interpreter\linkResolver.cpp, line 773]

ZGC Phase Switch (0 events):
No events

VM Operations (20 events):
Event: 2.886 Executing VM operation: ParallelGCFailedAllocation (Allocation Failure)
Event: 2.887 Executing VM operation: ParallelGCFailedAllocation (Allocation Failure) done
Event: 2.926 Executing VM operation: HandshakeAllThreads (Deoptimize)
Event: 2.926 Executing VM operation: HandshakeAllThreads (Deoptimize) done
Event: 3.013 Executing VM operation: ParallelGCFailedAllocation (Allocation Failure)
Event: 3.013 Executing VM operation: ParallelGCFailedAllocation (Allocation Failure) done
Event: 3.013 Executing VM operation: ParallelGCSystemGC (GCLocker Initiated GC)
Event: 3.015 Executing VM operation: ParallelGCSystemGC (GCLocker Initiated GC) done
Event: 3.186 Executing VM operation: ParallelGCFailedAllocation (Allocation Failure)
Event: 3.187 Executing VM operation: ParallelGCFailedAllocation (Allocation Failure) done
Event: 3.273 Executing VM operation: HandshakeAllThreads (Deoptimize)
Event: 3.273 Executing VM operation: HandshakeAllThreads (Deoptimize) done
Event: 3.302 Executing VM operation: HandshakeAllThreads (Deoptimize)
Event: 3.302 Executing VM operation: HandshakeAllThreads (Deoptimize) done
Event: 3.305 Executing VM operation: HandshakeAllThreads (Deoptimize)
Event: 3.305 Executing VM operation: HandshakeAllThreads (Deoptimize) done
Event: 3.325 Executing VM operation: HandshakeAllThreads (Deoptimize)
Event: 3.325 Executing VM operation: HandshakeAllThreads (Deoptimize) done
Event: 3.349 Executing VM operation: HandshakeAllThreads (Deoptimize)
Event: 3.349 Executing VM operation: HandshakeAllThreads (Deoptimize) done

Memory protections (0 events):
No events

Nmethod flushes (0 events):
No events

Events (20 events):
Event: 3.201 Thread 0x0000012e09902aa0 Thread added: 0x0000012e0a2a3a90
Event: 3.202 Thread 0x0000012e0a2a26e0 Thread added: 0x0000012e0b761b10
Event: 3.362 Thread 0x0000012e0b761b10 Thread added: 0x0000012e0b75f3b0
Event: 3.418 Thread 0x0000012dac911e70 Thread added: 0x0000012e0b75fa40
Event: 3.419 Thread 0x0000012dac911e70 Thread added: 0x0000012e0b7600d0
Event: 3.419 Thread 0x0000012dac911e70 Thread added: 0x0000012e0b760df0
Event: 3.419 Thread 0x0000012dac911e70 Thread added: 0x0000012e0b760760
Event: 3.419 Thread 0x0000012dac911e70 Thread added: 0x0000012e0b761480
Event: 3.419 Thread 0x0000012dac911e70 Thread added: 0x0000012e0b75e690
Event: 3.420 Thread 0x0000012dac911e70 Thread added: 0x0000012e0b7621a0
Event: 3.420 Thread 0x0000012dac911e70 Thread added: 0x0000012e0b75ed20
Event: 3.420 Thread 0x0000012dac911e70 Thread added: 0x0000012e0b763be0
Event: 3.420 Thread 0x0000012dac911e70 Thread added: 0x0000012e0b764f90
Event: 3.420 Thread 0x0000012dac911e70 Thread added: 0x0000012e0b765cb0
Event: 3.421 Thread 0x0000012dac911e70 Thread added: 0x0000012e0b765620
Event: 3.421 Thread 0x0000012dac911e70 Thread added: 0x0000012e0b763550
Event: 3.421 Thread 0x0000012dac911e70 Thread added: 0x0000012e0b762830
Event: 3.421 Thread 0x0000012dac911e70 Thread added: 0x0000012e0b762ec0
Event: 3.421 Thread 0x0000012dac911e70 Thread added: 0x0000012e0b764270
Event: 3.421 Thread 0x0000012dac911e70 Thread added: 0x0000012e0b764900


Dynamic libraries:
0x00007ff74cce0000 - 0x00007ff74ccee000 	c:\Users\Thilina\.vscode\extensions\redhat.java-1.40.0-win32-x64\jre\21.0.6-win32-x86_64\bin\java.exe
0x00007ffb1a800000 - 0x00007ffb1aa63000 	C:\WINDOWS\SYSTEM32\ntdll.dll
0x00007ffb19a90000 - 0x00007ffb19b57000 	C:\WINDOWS\System32\KERNEL32.DLL
0x00007ffb17fa0000 - 0x00007ffb18369000 	C:\WINDOWS\System32\KERNELBASE.dll
0x00007ffb18410000 - 0x00007ffb1855c000 	C:\WINDOWS\System32\ucrtbase.dll
0x00007ffa69420000 - 0x00007ffa6943e000 	c:\Users\Thilina\.vscode\extensions\redhat.java-1.40.0-win32-x64\jre\21.0.6-win32-x86_64\bin\VCRUNTIME140.dll
0x00007ffa69440000 - 0x00007ffa69458000 	c:\Users\Thilina\.vscode\extensions\redhat.java-1.40.0-win32-x64\jre\21.0.6-win32-x86_64\bin\jli.dll
0x00007ffb19290000 - 0x00007ffb1945a000 	C:\WINDOWS\System32\USER32.dll
0x00007ffb16ae0000 - 0x00007ffb16d70000 	C:\WINDOWS\WinSxS\amd64_microsoft.windows.common-controls_6595b64144ccf1df_6.0.26100.3323_none_3e088096e3344490\COMCTL32.dll
0x00007ffb17f70000 - 0x00007ffb17f97000 	C:\WINDOWS\System32\win32u.dll
0x00007ffb1a070000 - 0x00007ffb1a119000 	C:\WINDOWS\System32\msvcrt.dll
0x00007ffb197d0000 - 0x00007ffb197fa000 	C:\WINDOWS\System32\GDI32.dll
0x00007ffb17a00000 - 0x00007ffb17b31000 	C:\WINDOWS\System32\gdi32full.dll
0x00007ffb17ec0000 - 0x00007ffb17f63000 	C:\WINDOWS\System32\msvcp_win.dll
0x00007ffb1a640000 - 0x00007ffb1a66f000 	C:\WINDOWS\System32\IMM32.DLL
0x00007ffa72240000 - 0x00007ffa7224c000 	c:\Users\Thilina\.vscode\extensions\redhat.java-1.40.0-win32-x64\jre\21.0.6-win32-x86_64\bin\vcruntime140_1.dll
0x00007ffa69390000 - 0x00007ffa6941d000 	c:\Users\Thilina\.vscode\extensions\redhat.java-1.40.0-win32-x64\jre\21.0.6-win32-x86_64\bin\msvcp140.dll
0x00007ffa68450000 - 0x00007ffa691e0000 	c:\Users\Thilina\.vscode\extensions\redhat.java-1.40.0-win32-x64\jre\21.0.6-win32-x86_64\bin\server\jvm.dll
0x00007ffb19820000 - 0x00007ffb198d2000 	C:\WINDOWS\System32\ADVAPI32.dll
0x00007ffb19fc0000 - 0x00007ffb1a066000 	C:\WINDOWS\System32\sechost.dll
0x00007ffb19d90000 - 0x00007ffb19ea6000 	C:\WINDOWS\System32\RPCRT4.dll
0x00007ffb198e0000 - 0x00007ffb19954000 	C:\WINDOWS\System32\WS2_32.dll
0x00007ffb17890000 - 0x00007ffb178de000 	C:\WINDOWS\SYSTEM32\POWRPROF.dll
0x00007ffb04f70000 - 0x00007ffb04fa6000 	C:\WINDOWS\SYSTEM32\WINMM.dll
0x00007ffb0b790000 - 0x00007ffb0b79b000 	C:\WINDOWS\SYSTEM32\VERSION.dll
0x00007ffb17870000 - 0x00007ffb17884000 	C:\WINDOWS\SYSTEM32\UMPDC.dll
0x00007ffb16100000 - 0x00007ffb1611a000 	C:\WINDOWS\SYSTEM32\kernel.appcore.dll
0x00007ffa6f830000 - 0x00007ffa6f83a000 	c:\Users\Thilina\.vscode\extensions\redhat.java-1.40.0-win32-x64\jre\21.0.6-win32-x86_64\bin\jimage.dll
0x00007ffb171e0000 - 0x00007ffb17421000 	C:\WINDOWS\SYSTEM32\DBGHELP.DLL
0x00007ffb187e0000 - 0x00007ffb18b62000 	C:\WINDOWS\System32\combase.dll
0x00007ffb1a680000 - 0x00007ffb1a756000 	C:\WINDOWS\System32\OLEAUT32.dll
0x00007ffb16ec0000 - 0x00007ffb16ef9000 	C:\WINDOWS\SYSTEM32\dbgcore.DLL
0x00007ffb18370000 - 0x00007ffb18409000 	C:\WINDOWS\System32\bcryptPrimitives.dll
0x00007ffa7e430000 - 0x00007ffa7e43f000 	c:\Users\Thilina\.vscode\extensions\redhat.java-1.40.0-win32-x64\jre\21.0.6-win32-x86_64\bin\instrument.dll
0x00007ffa69370000 - 0x00007ffa6938f000 	c:\Users\Thilina\.vscode\extensions\redhat.java-1.40.0-win32-x64\jre\21.0.6-win32-x86_64\bin\java.dll
0x00007ffb18b70000 - 0x00007ffb19285000 	C:\WINDOWS\System32\SHELL32.dll
0x00007ffb17bd0000 - 0x00007ffb17d38000 	C:\WINDOWS\System32\wintypes.dll
0x00007ffb14e30000 - 0x00007ffb15675000 	C:\WINDOWS\SYSTEM32\windows.storage.dll
0x00007ffb19970000 - 0x00007ffb19a5b000 	C:\WINDOWS\System32\SHCORE.dll
0x00007ffb1a760000 - 0x00007ffb1a7bd000 	C:\WINDOWS\System32\shlwapi.dll
0x00007ffb17910000 - 0x00007ffb1793f000 	C:\WINDOWS\SYSTEM32\profapi.dll
0x00007ffa69350000 - 0x00007ffa69368000 	c:\Users\Thilina\.vscode\extensions\redhat.java-1.40.0-win32-x64\jre\21.0.6-win32-x86_64\bin\zip.dll
0x00007ffa69340000 - 0x00007ffa69350000 	C:\Users\Thilina\.vscode\extensions\redhat.java-1.40.0-win32-x64\jre\21.0.6-win32-x86_64\bin\net.dll
0x00007ffb0aca0000 - 0x00007ffb0adbe000 	C:\WINDOWS\SYSTEM32\WINHTTP.dll
0x00007ffb165d0000 - 0x00007ffb1663a000 	C:\WINDOWS\system32\mswsock.dll
0x00007ffa69320000 - 0x00007ffa69336000 	C:\Users\Thilina\.vscode\extensions\redhat.java-1.40.0-win32-x64\jre\21.0.6-win32-x86_64\bin\nio.dll
0x00007ffa66a30000 - 0x00007ffa66a40000 	c:\Users\Thilina\.vscode\extensions\redhat.java-1.40.0-win32-x64\jre\21.0.6-win32-x86_64\bin\verify.dll
0x00007ffa7fe70000 - 0x00007ffa7feb5000 	C:\Users\Thilina\AppData\Roaming\Code\User\globalStorage\redhat.java\1.40.0\config_win\org.eclipse.equinox.launcher\org.eclipse.equinox.launcher.win32.win32.x86_64_1.2.1200.v20250212-0927\eclipse_11909.dll
0x00007ffb194c0000 - 0x00007ffb19655000 	C:\WINDOWS\System32\ole32.dll
0x00007ffb17430000 - 0x00007ffb1744c000 	C:\WINDOWS\SYSTEM32\CRYPTSP.dll
0x00007ffb16060000 - 0x00007ffb1609a000 	C:\WINDOWS\system32\rsaenh.dll
0x00007ffb16670000 - 0x00007ffb1669b000 	C:\WINDOWS\SYSTEM32\USERENV.dll
0x00007ffb17150000 - 0x00007ffb17176000 	C:\WINDOWS\SYSTEM32\bcrypt.dll
0x00007ffb16980000 - 0x00007ffb1698c000 	C:\WINDOWS\SYSTEM32\CRYPTBASE.dll
0x00007ffb15c70000 - 0x00007ffb15ca3000 	C:\WINDOWS\SYSTEM32\IPHLPAPI.DLL
0x00007ffb19960000 - 0x00007ffb1996a000 	C:\WINDOWS\System32\NSI.dll
0x00007ffa7fcf0000 - 0x00007ffa7fd39000 	C:\Users\Thilina\AppData\Local\Temp\jna-318621125\jna10683444860846180414.dll
0x00007ffb187d0000 - 0x00007ffb187d8000 	C:\WINDOWS\System32\PSAPI.DLL
0x00007ffb0abb0000 - 0x00007ffb0abcf000 	C:\WINDOWS\SYSTEM32\dhcpcsvc6.DLL
0x00007ffb0a7b0000 - 0x00007ffb0a7d5000 	C:\WINDOWS\SYSTEM32\dhcpcsvc.DLL
0x00007ffa69200000 - 0x00007ffa6920a000 	C:\Users\Thilina\.vscode\extensions\redhat.java-1.40.0-win32-x64\jre\21.0.6-win32-x86_64\bin\management.dll
0x00007ffa67790000 - 0x00007ffa6779b000 	C:\Users\Thilina\.vscode\extensions\redhat.java-1.40.0-win32-x64\jre\21.0.6-win32-x86_64\bin\management_ext.dll

dbghelp: loaded successfully - version: 4.0.5 - missing functions: none
symbol engine: initialized successfully - sym options: 0x614 - pdb path: .;c:\Users\Thilina\.vscode\extensions\redhat.java-1.40.0-win32-x64\jre\21.0.6-win32-x86_64\bin;C:\WINDOWS\SYSTEM32;C:\WINDOWS\WinSxS\amd64_microsoft.windows.common-controls_6595b64144ccf1df_6.0.26100.3323_none_3e088096e3344490;c:\Users\Thilina\.vscode\extensions\redhat.java-1.40.0-win32-x64\jre\21.0.6-win32-x86_64\bin\server;C:\Users\Thilina\AppData\Roaming\Code\User\globalStorage\redhat.java\1.40.0\config_win\org.eclipse.equinox.launcher\org.eclipse.equinox.launcher.win32.win32.x86_64_1.2.1200.v20250212-0927;C:\Users\Thilina\AppData\Local\Temp\jna-318621125

VM Arguments:
jvm_args: --add-modules=ALL-SYSTEM --add-opens=java.base/java.util=ALL-UNNAMED --add-opens=java.base/java.lang=ALL-UNNAMED --add-opens=java.base/sun.nio.fs=ALL-UNNAMED -Declipse.application=org.eclipse.jdt.ls.core.id1 -Dosgi.bundles.defaultStartLevel=4 -Declipse.product=org.eclipse.jdt.ls.core.product -Djava.import.generatesMetadataFilesAtProjectRoot=false -DDetectVMInstallationsJob.disabled=true -Dfile.encoding=utf8 -XX:+UseParallelGC -XX:GCTimeRatio=4 -XX:AdaptiveSizePolicyWeight=90 -Dsun.zip.disableMemoryMapping=true -Xmx1G -Xms100m -Xlog:disable -javaagent:c:\Users\Thilina\.vscode\extensions\redhat.java-1.40.0-win32-x64\lombok\lombok-1.18.36.jar -XX:+HeapDumpOnOutOfMemoryError -XX:HeapDumpPath=c:\Users\Thilina\AppData\Roaming\Code\User\workspaceStorage\1895811c2174498c9cc58c1c0012ab43\redhat.java -Daether.dependencyCollector.impl=bf 
java_command: c:\Users\Thilina\.vscode\extensions\redhat.java-1.40.0-win32-x64\server\plugins\org.eclipse.equinox.launcher_1.6.1000.v20250131-0606.jar -configuration c:\Users\Thilina\AppData\Roaming\Code\User\globalStorage\redhat.java\1.40.0\config_win -data c:\Users\Thilina\AppData\Roaming\Code\User\workspaceStorage\1895811c2174498c9cc58c1c0012ab43\redhat.java\jdt_ws --pipe=\\.\pipe\lsp-598159b746a8d27e55206d4227ec790f-sock
java_class_path (initial): c:\Users\Thilina\.vscode\extensions\redhat.java-1.40.0-win32-x64\server\plugins\org.eclipse.equinox.launcher_1.6.1000.v20250131-0606.jar
Launcher Type: SUN_STANDARD

[Global flags]
    uintx AdaptiveSizePolicyWeight                 = 90                                        {product} {command line}
     intx CICompilerCount                          = 12                                        {product} {ergonomic}
    uintx GCTimeRatio                              = 4                                         {product} {command line}
     bool HeapDumpOnOutOfMemoryError               = true                                   {manageable} {command line}
    ccstr HeapDumpPath                             = c:\Users\Thilina\AppData\Roaming\Code\User\workspaceStorage\1895811c2174498c9cc58c1c0012ab43\redhat.java         {manageable} {command line}
   size_t InitialHeapSize                          = 104857600                                 {product} {command line}
   size_t MaxHeapSize                              = 1073741824                                {product} {command line}
   size_t MaxNewSize                               = 357564416                                 {product} {ergonomic}
   size_t MinHeapDeltaBytes                        = 524288                                    {product} {ergonomic}
   size_t MinHeapSize                              = 104857600                                 {product} {command line}
   size_t NewSize                                  = 34603008                                  {product} {ergonomic}
    uintx NonNMethodCodeHeapSize                   = 7602480                                {pd product} {ergonomic}
    uintx NonProfiledCodeHeapSize                  = 122027880                              {pd product} {ergonomic}
   size_t OldSize                                  = 70254592                                  {product} {ergonomic}
    uintx ProfiledCodeHeapSize                     = 122027880                              {pd product} {ergonomic}
    uintx ReservedCodeCacheSize                    = 251658240                              {pd product} {ergonomic}
     bool SegmentedCodeCache                       = true                                      {product} {ergonomic}
   size_t SoftMaxHeapSize                          = 1073741824                             {manageable} {ergonomic}
     bool UseCompressedOops                        = true                           {product lp64_product} {ergonomic}
     bool UseLargePagesIndividualAllocation        = false                                  {pd product} {ergonomic}
     bool UseParallelGC                            = true                                      {product} {command line}

Logging:
Log output configuration:
 #0: stdout all=off uptime,level,tags foldmultilines=false
 #1: stderr all=off uptime,level,tags foldmultilines=false

Environment Variables:
JAVA_HOME=C:\Users\Thilina\AppData\Local\Programs\Eclipse Adoptium\jdk-17.0.8.101-hotspot\
PATH=C:\Python313\Scripts\;C:\Python313\;C:\Users\Thilina\AppData\Roaming\npm;C:\Program Files (x86)\VMware\VMware Player\bin\;C:\Windows\system32;C:\Windows;C:\Windows\System32\Wbem;C:\Windows\System32\WindowsPowerShell\v1.0\;C:\Windows\System32\OpenSSH\;C:\Program Files (x86)\NVIDIA Corporation\PhysX\Common;C:\Program Files\NVIDIA Corporation\NVIDIA NvDLISR;C:\WINDOWS\system32;C:\WINDOWS;C:\WINDOWS\System32\Wbem;C:\WINDOWS\System32\WindowsPowerShell\v1.0\;C:\WINDOWS\System32\OpenSSH\;C:\Program Files\Git\cmd;C:\Program Files (x86)\Windows Kits\10\Windows Performance Toolkit\;C:\Program Files (x86)\Microsoft SQL Server\160\DTS\Binn\;C:\Program Files (x86)\Microsoft SQL Server\160\Tools\Binn\;C:\Program Files\Microsoft SQL Server\160\Tools\Binn\;C:\Program Files\Microsoft SQL Server\Client SDK\ODBC\170\Tools\Binn\;C:\Program Files\Microsoft SQL Server\160\DTS\Binn\;C:\Program Files\Microsoft SQL Server\150\Tools\Binn\;C:\Program Files\dotnet\;C:\Program Files\Cloudflare\Cloudflare WARP\;C:\Program Files\nodejs\;C:\ProgramData\chocolatey\bin;C:\Users\Thilina\AppData\Local\GitHubDesktop\bin;C:\Users\Thilina\AppData\Local\Programs\Microsoft VS Code\bin;C:\src\flutter\bin;C:\Users\Thilina\AppData\Roaming\npm;C:\Users\Thilina\AppData\Local\Pub\Cache\bin;
USERNAME=Thilina
OS=Windows_NT
PROCESSOR_IDENTIFIER=Intel64 Family 6 Model 141 Stepping 1, GenuineIntel
TMP=C:\Users\Thilina\AppData\Local\Temp
TEMP=C:\Users\Thilina\AppData\Local\Temp




Periodic native trim disabled

---------------  S Y S T E M  ---------------

OS:
 Windows 11 , 64 bit Build 26100 (10.0.26100.3323)
OS uptime: 0 days 0:02 hours

CPU: total 16 (initial active 16) (8 cores per cpu, 2 threads per core) family 6 model 141 stepping 1 microcode 0x26, cx8, cmov, fxsr, ht, mmx, 3dnowpref, sse, sse2, sse3, ssse3, sse4.1, sse4.2, popcnt, lzcnt, tsc, tscinvbit, avx, avx2, aes, erms, clmul, bmi1, bmi2, adx, avx512f, avx512dq, avx512cd, avx512bw, avx512vl, sha, fma, vzeroupper, avx512_vpopcntdq, avx512_vpclmulqdq, avx512_vaes, avx512_vnni, clflush, clflushopt, clwb, avx512_vbmi2, avx512_vbmi, rdtscp, rdpid, fsrm, gfni, avx512_bitalg, f16c, pku, cet_ibt, cet_ss, avx512_ifma
Processor Information for the first 16 processors :
  Max Mhz: 2304, Current Mhz: 2304, Mhz Limit: 2304

Memory: 4k page, system-wide physical 24277M (14654M free)
TotalPageFile size 32469M (AvailPageFile size 21329M)
current process WorkingSet (physical memory assigned to process): 193M, peak: 194M
current process commit charge ("private bytes"): 301M, peak: 302M

vm_info: OpenJDK 64-Bit Server VM (21.0.6+7-LTS) for windows-amd64 JRE (21.0.6+7-LTS), built on 2025-01-21T00:00:00Z by "admin" with MS VC++ 17.7 (VS2022)

END.
